Log file open, 09/15/20 21:09:56
LogInit: Display: Running engine for game: Escape
LogPlatformFile: Not using cached read wrapper
LogTaskGraph: Started task graph with 5 named threads and 11 total threads with 3 sets of task threads.
LogStats: Stats thread started at 0.419227
LogD3D11RHI: Loaded GFSDK_Aftermath_Lib.x64.dll
LogICUInternationalization: ICU TimeZone Detection - Raw Offset: -5:00, Platform Override: ''
LogPluginManager: Mounting plugin Paper2D
LogPluginManager: Mounting plugin AISupport
LogPluginManager: Mounting plugin LightPropagationVolume
LogPluginManager: Mounting plugin CameraShakePreviewer
LogPluginManager: Mounting plugin ActorLayerUtilities
LogPluginManager: Mounting plugin AnimationSharing
LogPluginManager: Mounting plugin CLionSourceCodeAccess
LogPluginManager: Mounting plugin CodeLiteSourceCodeAccess
LogPluginManager: Mounting plugin GitSourceControl
LogPluginManager: Mounting plugin KDevelopSourceCodeAccess
LogPluginManager: Mounting plugin NullSourceCodeAccess
LogPluginManager: Mounting plugin PerforceSourceControl
LogPluginManager: Mounting plugin PlasticSourceControl
LogPluginManager: Mounting plugin RiderSourceCodeAccess
LogPluginManager: Mounting plugin SubversionSourceControl
LogPluginManager: Mounting plugin UObjectPlugin
LogPluginManager: Mounting plugin VisualStudioCodeSourceCodeAccess
LogPluginManager: Mounting plugin VisualStudioSourceCodeAccess
LogPluginManager: Mounting plugin XCodeSourceCodeAccess
LogPluginManager: Mounting plugin AssetManagerEditor
LogPluginManager: Mounting plugin CryptoKeys
LogPluginManager: Mounting plugin CurveEditorTools
LogPluginManager: Mounting plugin DataValidation
LogPluginManager: Mounting plugin EditorScriptingUtilities
LogPluginManager: Mounting plugin FacialAnimation
LogPluginManager: Mounting plugin GameplayTagsEditor
LogPluginManager: Mounting plugin GeometryMode
LogPluginManager: Mounting plugin MacGraphicsSwitching
LogPluginManager: Mounting plugin MaterialAnalyzer
LogPluginManager: Mounting plugin MobileLauncherProfileWizard
LogPluginManager: Mounting plugin PluginBrowser
LogPluginManager: Mounting plugin SpeedTreeImporter
LogPluginManager: Mounting plugin DatasmithContent
LogPluginManager: Mounting plugin VariantManagerContent
LogPluginManager: Mounting plugin AlembicImporter
LogPluginManager: Mounting plugin AutomationUtils
LogPluginManager: Mounting plugin BackChannel
LogPluginManager: Mounting plugin ChaosCloth
LogPluginManager: Mounting plugin ChaosClothEditor
LogPluginManager: Mounting plugin ChaosEditor
LogPluginManager: Mounting plugin ChaosNiagara
LogPluginManager: Mounting plugin ChaosSolverPlugin
LogPluginManager: Mounting plugin CharacterAI
LogPluginManager: Mounting plugin GeometryCache
LogPluginManager: Mounting plugin GeometryCollectionPlugin
LogPluginManager: Mounting plugin GeometryProcessing
LogPluginManager: Mounting plugin PlanarCut
LogPluginManager: Mounting plugin PlatformCrypto
LogPluginManager: Mounting plugin ProxyLODPlugin
LogPluginManager: Mounting plugin SkeletalReduction
LogPluginManager: Mounting plugin Niagara
LogPluginManager: Mounting plugin MagicLeap
LogPluginManager: Mounting plugin MagicLeapLightEstimation
LogPluginManager: Mounting plugin MagicLeapMedia
LogPluginManager: Mounting plugin MagicLeapPassableWorld
LogPluginManager: Mounting plugin MLSDK
LogPluginManager: Mounting plugin AndroidMedia
LogPluginManager: Mounting plugin AvfMedia
LogPluginManager: Mounting plugin ImgMedia
LogPluginManager: Mounting plugin MediaCompositing
LogPluginManager: Mounting plugin MediaPlayerEditor
LogPluginManager: Mounting plugin WebMMedia
LogPluginManager: Mounting plugin WmfMedia
LogPluginManager: Mounting plugin MeshPainting
LogPluginManager: Mounting plugin TcpMessaging
LogPluginManager: Mounting plugin UdpMessaging
LogPluginManager: Mounting plugin ActorSequence
LogPluginManager: Mounting plugin LevelSequenceEditor
LogPluginManager: Mounting plugin MatineeToLevelSequence
LogPluginManager: Mounting plugin MovieRenderPipeline
LogPluginManager: Mounting plugin TemplateSequence
LogPluginManager: Mounting plugin NetcodeUnitTest
LogPluginManager: Mounting plugin NUTUnrealEngine4
LogPluginManager: Mounting plugin OnlineSubsystemGooglePlay
LogPluginManager: Mounting plugin OnlineSubsystemIOS
LogPluginManager: Mounting plugin OnlineSubsystem
LogPluginManager: Mounting plugin OnlineSubsystemNull
LogPluginManager: Mounting plugin OnlineSubsystemUtils
LogPluginManager: Mounting plugin LauncherChunkInstaller
LogPluginManager: Mounting plugin AndroidDeviceProfileSelector
LogPluginManager: Mounting plugin AndroidMoviePlayer
LogPluginManager: Mounting plugin AndroidPermission
LogPluginManager: Mounting plugin AppleImageUtils
LogPluginManager: Mounting plugin AppleMoviePlayer
LogPluginManager: Mounting plugin ArchVisCharacter
LogPluginManager: Mounting plugin AssetTags
LogPluginManager: Mounting plugin AudioCapture
LogPluginManager: Mounting plugin CableComponent
LogPluginManager: Mounting plugin CustomMeshComponent
LogPluginManager: Mounting plugin EditableMesh
LogPluginManager: Mounting plugin ExampleDeviceProfileSelector
LogPluginManager: Mounting plugin GoogleCloudMessaging
LogPluginManager: Mounting plugin GooglePAD
LogPluginManager: Mounting plugin IOSDeviceProfileSelector
LogPluginManager: Mounting plugin LinuxDeviceProfileSelector
LogPluginManager: Mounting plugin LocationServicesBPLibrary
LogPluginManager: Mounting plugin MobilePatchingUtils
LogPluginManager: Mounting plugin OculusVR
LogPluginManager: Mounting plugin PhysXVehicles
LogPluginManager: Mounting plugin PostSplashScreen
LogPluginManager: Mounting plugin ProceduralMeshComponent
LogPluginManager: Mounting plugin RuntimePhysXCooking
LogPluginManager: Mounting plugin SignificanceManager
LogPluginManager: Mounting plugin SoundFields
LogPluginManager: Mounting plugin SteamVR
LogPluginManager: Mounting plugin Synthesis
LogPluginManager: Mounting plugin WebMMoviePlayer
LogPluginManager: Mounting plugin WindowsMoviePlayer
LogPluginManager: Mounting plugin ScreenshotTools
LogInit: Using libcurl 7.55.1-DEV
LogInit:  - built for x86_64-pc-win32
LogInit:  - supports SSL with OpenSSL/1.1.1
LogInit:  - supports HTTP deflate (compression) using libz 1.2.8
LogInit:  - other features:
LogInit:      CURL_VERSION_SSL
LogInit:      CURL_VERSION_LIBZ
LogInit:      CURL_VERSION_IPV6
LogInit:      CURL_VERSION_ASYNCHDNS
LogInit:      CURL_VERSION_LARGEFILE
LogInit:      CURL_VERSION_IDN
LogInit:  CurlRequestOptions (configurable via config and command line):
LogInit:  - bVerifyPeer = true  - Libcurl will verify peer certificate
LogInit:  - bUseHttpProxy = false  - Libcurl will NOT use HTTP proxy
LogInit:  - bDontReuseConnections = false  - Libcurl will reuse connections
LogInit:  - MaxHostConnections = 16  - Libcurl will limit the number of connections to a host
LogInit:  - LocalHostAddr = Default
LogInit:  - BufferSize = 65536
LogOnline: OSS: Creating online subsystem instance for: NULL
LogInit: WinSock: version 1.1 (2.2), MaxSocks=32767, MaxUdp=65467
LogOnline: OSS: TryLoadSubsystemAndSetDefault: Loaded subsystem for module [NULL]
LogInit: Build: ++UE4+Release-4.25-CL-13942748
LogInit: Engine Version: 4.25.3-13942748+++UE4+Release-4.25
LogInit: Compatible Engine Version: 4.25.0-13144385+++UE4+Release-4.25
LogInit: Net CL: 13144385
LogInit: OS: Windows 10 (Release 1903) (), CPU: Intel(R) Core(TM) i7-6500U CPU @ 2.50GHz, GPU: Intel(R) HD Graphics 520
LogInit: Compiled (64-bit): Jul 25 2020 02:07:48
LogInit: Compiled with Visual C++: 19.24.28315.00
LogInit: Build Configuration: Development
LogInit: Branch Name: ++UE4+Release-4.25
LogInit: Command Line:  -EpicPortal -epicusername=lvaldivia -epicuserid=09e0dcead18f4924bfd97a0bef32efa8 -epiclocale=en
LogInit: Base Directory: C:/Program Files/Epic Games/UE_4.25/Engine/Binaries/Win64/
LogInit: Allocator: TBB
LogInit: Installed Engine Build: 1
LogDevObjectVersion: Number of dev versions registered: 26
LogDevObjectVersion:   Dev-Blueprints (B0D832E4-1F89-4F0D-ACCF-7EB736FD4AA2): 10
LogDevObjectVersion:   Dev-Build (E1C64328-A22C-4D53-A36C-8E866417BD8C): 0
LogDevObjectVersion:   Dev-Core (375EC13C-06E4-48FB-B500-84F0262A717E): 4
LogDevObjectVersion:   Dev-Editor (E4B068ED-F494-42E9-A231-DA0B2E46BB41): 38
LogDevObjectVersion:   Dev-Framework (CFFC743F-43B0-4480-9391-14DF171D2073): 37
LogDevObjectVersion:   Dev-Mobile (B02B49B5-BB20-44E9-A304-32B752E40360): 2
LogDevObjectVersion:   Dev-Networking (A4E4105C-59A1-49B5-A7C5-40C4547EDFEE): 0
LogDevObjectVersion:   Dev-Online (39C831C9-5AE6-47DC-9A44-9C173E1C8E7C): 0
LogDevObjectVersion:   Dev-Physics (78F01B33-EBEA-4F98-B9B4-84EACCB95AA2): 4
LogDevObjectVersion:   Dev-Platform (6631380F-2D4D-43E0-8009-CF276956A95A): 0
LogDevObjectVersion:   Dev-Rendering (12F88B9F-8875-4AFC-A67C-D90C383ABD29): 43
LogDevObjectVersion:   Dev-Sequencer (7B5AE74C-D270-4C10-A958-57980B212A5A): 12
LogDevObjectVersion:   Dev-VR (D7296918-1DD6-4BDD-9DE2-64A83CC13884): 3
LogDevObjectVersion:   Dev-LoadTimes (C2A15278-BFE7-4AFE-6C17-90FF531DF755): 1
LogDevObjectVersion:   Private-Geometry (6EACA3D4-40EC-4CC1-B786-8BED09428FC5): 3
LogDevObjectVersion:   Dev-AnimPhys (29E575DD-E0A3-4627-9D10-D276232CDCEA): 17
LogDevObjectVersion:   Dev-Anim (AF43A65D-7FD3-4947-9873-3E8ED9C1BB05): 7
LogDevObjectVersion:   Dev-ReflectionCapture (6B266CEC-1EC7-4B8F-A30B-E4D90942FC07): 1
LogDevObjectVersion:   Dev-Automation (0DF73D61-A23F-47EA-B727-89E90C41499A): 1
LogDevObjectVersion:   FortniteMain (601D1886-AC64-4F84-AA16-D3DE0DEAC7D6): 31
LogDevObjectVersion:   Dev-Enterprise (9DFFBCD6-494F-0158-E221-12823C92A888): 10
LogDevObjectVersion:   Dev-Niagara (F2AED0AC-9AFE-416F-8664-AA7FFA26D6FC): 1
LogDevObjectVersion:   Dev-Destruction (174F1F0B-B4C6-45A5-B13F-2EE8D0FB917D): 10
LogDevObjectVersion:   Dev-Physics-Ext (35F94A83-E258-406C-A318-09F59610247C): 37
LogDevObjectVersion:   Dev-PhysicsMaterial-Chaos (B68FC16E-8B1B-42E2-B453-215C058844FE): 1
LogDevObjectVersion:   Dev-CineCamera (B2E18506-4273-CFC2-A54E-F4BB758BBA07): 1
LogInit: Presizing for max 25165824 objects, including 0 objects not considered by GC, pre-allocating 0 bytes for permanent pool.
LogConfig: Applying CVar settings from Section [/Script/Engine.StreamingSettings] File [C:/Users/Luis/Documents/Unreal/EscapeUpc/Escape/Saved/Config/Windows/Engine.ini]
LogConfig: Setting CVar [[s.MinBulkDataSizeForAsyncLoading:131072]]
LogConfig: Setting CVar [[s.AsyncLoadingThreadEnabled:0]]
LogConfig: Setting CVar [[s.EventDrivenLoaderEnabled:1]]
LogConfig: Setting CVar [[s.WarnIfTimeLimitExceeded:0]]
LogConfig: Setting CVar [[s.TimeLimitExceededMultiplier:1.5]]
LogConfig: Setting CVar [[s.TimeLimitExceededMinTime:0.005]]
LogConfig: Setting CVar [[s.UseBackgroundLevelStreaming:1]]
LogConfig: Setting CVar [[s.PriorityAsyncLoadingExtraTime:15.0]]
LogConfig: Setting CVar [[s.LevelStreamingActorsUpdateTimeLimit:5.0]]
LogConfig: Setting CVar [[s.PriorityLevelStreamingActorsUpdateExtraTime:5.0]]
LogConfig: Setting CVar [[s.LevelStreamingComponentsRegistrationGranularity:10]]
LogConfig: Setting CVar [[s.UnregisterComponentsTimeLimit:1.0]]
LogConfig: Setting CVar [[s.LevelStreamingComponentsUnregistrationGranularity:5]]
LogConfig: Setting CVar [[s.FlushStreamingOnExit:1]]
LogInit: Object subsystem initialized
LogConfig: Setting CVar [[con.DebugEarlyDefault:1]]
LogConfig: Setting CVar [[r.setres:1280x720]]
[2020.09.16-02.09.56:759][  0]LogConfig: Setting CVar [[r.VSync:0]]
[2020.09.16-02.09.56:759][  0]LogConfig: Setting CVar [[r.RHICmdBypass:0]]
[2020.09.16-02.09.56:759][  0]LogConfig: Applying CVar settings from Section [/Script/Engine.RendererSettings] File [C:/Users/Luis/Documents/Unreal/EscapeUpc/Escape/Saved/Config/Windows/Engine.ini]
[2020.09.16-02.09.56:759][  0]LogConfig: Setting CVar [[r.GPUCrashDebugging:0]]
[2020.09.16-02.09.56:759][  0]LogConfig: Applying CVar settings from Section [/Script/Engine.RendererOverrideSettings] File [C:/Users/Luis/Documents/Unreal/EscapeUpc/Escape/Saved/Config/Windows/Engine.ini]
[2020.09.16-02.09.56:759][  0]LogConfig: Applying CVar settings from Section [/Script/Engine.StreamingSettings] File [C:/Users/Luis/Documents/Unreal/EscapeUpc/Escape/Saved/Config/Windows/Engine.ini]
[2020.09.16-02.09.56:759][  0]LogConfig: Setting CVar [[s.MinBulkDataSizeForAsyncLoading:131072]]
[2020.09.16-02.09.56:759][  0]LogConfig: Setting CVar [[s.AsyncLoadingThreadEnabled:0]]
[2020.09.16-02.09.56:759][  0]LogConfig: Setting CVar [[s.EventDrivenLoaderEnabled:1]]
[2020.09.16-02.09.56:759][  0]LogConfig: Setting CVar [[s.WarnIfTimeLimitExceeded:0]]
[2020.09.16-02.09.56:759][  0]LogConfig: Setting CVar [[s.TimeLimitExceededMultiplier:1.5]]
[2020.09.16-02.09.56:759][  0]LogConfig: Setting CVar [[s.TimeLimitExceededMinTime:0.005]]
[2020.09.16-02.09.56:759][  0]LogConfig: Setting CVar [[s.UseBackgroundLevelStreaming:1]]
[2020.09.16-02.09.56:759][  0]LogConfig: Setting CVar [[s.PriorityAsyncLoadingExtraTime:15.0]]
[2020.09.16-02.09.56:759][  0]LogConfig: Setting CVar [[s.LevelStreamingActorsUpdateTimeLimit:5.0]]
[2020.09.16-02.09.56:759][  0]LogConfig: Setting CVar [[s.PriorityLevelStreamingActorsUpdateExtraTime:5.0]]
[2020.09.16-02.09.56:759][  0]LogConfig: Setting CVar [[s.LevelStreamingComponentsRegistrationGranularity:10]]
[2020.09.16-02.09.56:759][  0]LogConfig: Setting CVar [[s.UnregisterComponentsTimeLimit:1.0]]
[2020.09.16-02.09.56:759][  0]LogConfig: Setting CVar [[s.LevelStreamingComponentsUnregistrationGranularity:5]]
[2020.09.16-02.09.56:759][  0]LogConfig: Setting CVar [[s.FlushStreamingOnExit:1]]
[2020.09.16-02.09.56:759][  0]LogConfig: Applying CVar settings from Section [/Script/Engine.GarbageCollectionSettings] File [C:/Users/Luis/Documents/Unreal/EscapeUpc/Escape/Saved/Config/Windows/Engine.ini]
[2020.09.16-02.09.56:759][  0]LogConfig: Setting CVar [[gc.MaxObjectsNotConsideredByGC:1]]
[2020.09.16-02.09.56:759][  0]LogConfig: Setting CVar [[gc.SizeOfPermanentObjectPool:0]]
[2020.09.16-02.09.56:760][  0]LogConfig: Setting CVar [[gc.FlushStreamingOnGC:0]]
[2020.09.16-02.09.56:760][  0]LogConfig: Setting CVar [[gc.NumRetriesBeforeForcingGC:10]]
[2020.09.16-02.09.56:760][  0]LogConfig: Setting CVar [[gc.AllowParallelGC:1]]
[2020.09.16-02.09.56:760][  0]LogConfig: Setting CVar [[gc.TimeBetweenPurgingPendingKillObjects:61.1]]
[2020.09.16-02.09.56:760][  0]LogConfig: Setting CVar [[gc.MaxObjectsInEditor:25165824]]
[2020.09.16-02.09.56:760][  0]LogConfig: Setting CVar [[gc.IncrementalBeginDestroyEnabled:1]]
[2020.09.16-02.09.56:760][  0]LogConfig: Setting CVar [[gc.CreateGCClusters:1]]
[2020.09.16-02.09.56:760][  0]LogConfig: Setting CVar [[gc.MinGCClusterSize:5]]
[2020.09.16-02.09.56:760][  0]LogConfig: Setting CVar [[gc.ActorClusteringEnabled:0]]
[2020.09.16-02.09.56:760][  0]LogConfig: Setting CVar [[gc.BlueprintClusteringEnabled:0]]
[2020.09.16-02.09.56:760][  0]LogConfig: Setting CVar [[gc.UseDisregardForGCOnDedicatedServers:0]]
[2020.09.16-02.09.56:760][  0]LogConfig: Applying CVar settings from Section [/Script/Engine.NetworkSettings] File [C:/Users/Luis/Documents/Unreal/EscapeUpc/Escape/Saved/Config/Windows/Engine.ini]
[2020.09.16-02.09.56:760][  0]LogConfig: Applying CVar settings from Section [/Script/UnrealEd.CookerSettings] File [C:/Users/Luis/Documents/Unreal/EscapeUpc/Escape/Saved/Config/Windows/Engine.ini]
[2020.09.16-02.09.56:767][  0]LogConfig: Applying CVar settings from Section [ViewDistanceQuality@3] File [C:/Users/Luis/Documents/Unreal/EscapeUpc/Escape/Saved/Config/Windows/Scalability.ini]
[2020.09.16-02.09.56:767][  0]LogConfig: Setting CVar [[r.SkeletalMeshLODBias:0]]
[2020.09.16-02.09.56:767][  0]LogConfig: Setting CVar [[r.ViewDistanceScale:1.0]]
[2020.09.16-02.09.56:767][  0]LogConfig: Applying CVar settings from Section [AntiAliasingQuality@3] File [C:/Users/Luis/Documents/Unreal/EscapeUpc/Escape/Saved/Config/Windows/Scalability.ini]
[2020.09.16-02.09.56:767][  0]LogConfig: Setting CVar [[r.PostProcessAAQuality:4]]
[2020.09.16-02.09.56:767][  0]LogConfig: Applying CVar settings from Section [ShadowQuality@3] File [C:/Users/Luis/Documents/Unreal/EscapeUpc/Escape/Saved/Config/Windows/Scalability.ini]
[2020.09.16-02.09.56:767][  0]LogConfig: Setting CVar [[r.LightFunctionQuality:1]]
[2020.09.16-02.09.56:767][  0]LogConfig: Setting CVar [[r.ShadowQuality:5]]
[2020.09.16-02.09.56:768][  0]LogConfig: Setting CVar [[r.Shadow.CSM.MaxCascades:10]]
[2020.09.16-02.09.56:768][  0]LogConfig: Setting CVar [[r.Shadow.MaxResolution:2048]]
[2020.09.16-02.09.56:768][  0]LogConfig: Setting CVar [[r.Shadow.MaxCSMResolution:2048]]
[2020.09.16-02.09.56:768][  0]LogConfig: Setting CVar [[r.Shadow.RadiusThreshold:0.01]]
[2020.09.16-02.09.56:768][  0]LogConfig: Setting CVar [[r.Shadow.DistanceScale:1.0]]
[2020.09.16-02.09.56:768][  0]LogConfig: Setting CVar [[r.Shadow.CSM.TransitionScale:1.0]]
[2020.09.16-02.09.56:768][  0]LogConfig: Setting CVar [[r.Shadow.PreShadowResolutionFactor:1.0]]
[2020.09.16-02.09.56:768][  0]LogConfig: Setting CVar [[r.DistanceFieldShadowing:1]]
[2020.09.16-02.09.56:768][  0]LogConfig: Setting CVar [[r.DistanceFieldAO:1]]
[2020.09.16-02.09.56:768][  0]LogConfig: Setting CVar [[r.AOQuality:2]]
[2020.09.16-02.09.56:768][  0]LogConfig: Setting CVar [[r.VolumetricFog:1]]
[2020.09.16-02.09.56:768][  0]LogConfig: Setting CVar [[r.VolumetricFog.GridPixelSize:8]]
[2020.09.16-02.09.56:768][  0]LogConfig: Setting CVar [[r.VolumetricFog.GridSizeZ:128]]
[2020.09.16-02.09.56:768][  0]LogConfig: Setting CVar [[r.VolumetricFog.HistoryMissSupersampleCount:4]]
[2020.09.16-02.09.56:768][  0]LogConfig: Setting CVar [[r.LightMaxDrawDistanceScale:1]]
[2020.09.16-02.09.56:768][  0]LogConfig: Setting CVar [[r.CapsuleShadows:1]]
[2020.09.16-02.09.56:768][  0]LogConfig: Applying CVar settings from Section [PostProcessQuality@3] File [C:/Users/Luis/Documents/Unreal/EscapeUpc/Escape/Saved/Config/Windows/Scalability.ini]
[2020.09.16-02.09.56:768][  0]LogConfig: Setting CVar [[r.MotionBlurQuality:4]]
[2020.09.16-02.09.56:768][  0]LogConfig: Setting CVar [[r.AmbientOcclusionMipLevelFactor:0.4]]
[2020.09.16-02.09.56:768][  0]LogConfig: Setting CVar [[r.AmbientOcclusionMaxQuality:100]]
[2020.09.16-02.09.56:768][  0]LogConfig: Setting CVar [[r.AmbientOcclusionLevels:-1]]
[2020.09.16-02.09.56:768][  0]LogConfig: Setting CVar [[r.AmbientOcclusionRadiusScale:1.0]]
[2020.09.16-02.09.56:768][  0]LogConfig: Setting CVar [[r.DepthOfFieldQuality:2]]
[2020.09.16-02.09.56:768][  0]LogConfig: Setting CVar [[r.RenderTargetPoolMin:400]]
[2020.09.16-02.09.56:768][  0]LogConfig: Setting CVar [[r.LensFlareQuality:2]]
[2020.09.16-02.09.56:768][  0]LogConfig: Setting CVar [[r.SceneColorFringeQuality:1]]
[2020.09.16-02.09.56:768][  0]LogConfig: Setting CVar [[r.EyeAdaptationQuality:2]]
[2020.09.16-02.09.56:768][  0]LogConfig: Setting CVar [[r.BloomQuality:5]]
[2020.09.16-02.09.56:768][  0]LogConfig: Setting CVar [[r.FastBlurThreshold:100]]
[2020.09.16-02.09.56:768][  0]LogConfig: Setting CVar [[r.Upscale.Quality:3]]
[2020.09.16-02.09.56:768][  0]LogConfig: Setting CVar [[r.Tonemapper.GrainQuantization:1]]
[2020.09.16-02.09.56:768][  0]LogConfig: Setting CVar [[r.LightShaftQuality:1]]
[2020.09.16-02.09.56:768][  0]LogConfig: Setting CVar [[r.Filter.SizeScale:1]]
[2020.09.16-02.09.56:769][  0]LogConfig: Setting CVar [[r.Tonemapper.Quality:5]]
[2020.09.16-02.09.56:769][  0]LogConfig: Setting CVar [[r.DOF.Gather.AccumulatorQuality:1        ; higher gathering accumulator quality]]
[2020.09.16-02.09.56:769][  0]LogConfig: Setting CVar [[r.DOF.Gather.PostfilterMethod:1          ; Median3x3 postfilering method]]
[2020.09.16-02.09.56:769][  0]LogConfig: Setting CVar [[r.DOF.Gather.EnableBokehSettings:0       ; no bokeh simulation when gathering]]
[2020.09.16-02.09.56:769][  0]LogConfig: Setting CVar [[r.DOF.Gather.RingCount:4                 ; medium number of samples when gathering]]
[2020.09.16-02.09.56:769][  0]LogConfig: Setting CVar [[r.DOF.Scatter.ForegroundCompositing:1    ; additive foreground scattering]]
[2020.09.16-02.09.56:769][  0]LogConfig: Setting CVar [[r.DOF.Scatter.BackgroundCompositing:2    ; additive background scattering]]
[2020.09.16-02.09.56:769][  0]LogConfig: Setting CVar [[r.DOF.Scatter.EnableBokehSettings:1      ; bokeh simulation when scattering]]
[2020.09.16-02.09.56:769][  0]LogConfig: Setting CVar [[r.DOF.Scatter.MaxSpriteRatio:0.1         ; only a maximum of 10% of scattered bokeh]]
[2020.09.16-02.09.56:769][  0]LogConfig: Setting CVar [[r.DOF.Recombine.Quality:1                ; cheap slight out of focus]]
[2020.09.16-02.09.56:769][  0]LogConfig: Setting CVar [[r.DOF.Recombine.EnableBokehSettings:0    ; no bokeh simulation on slight out of focus]]
[2020.09.16-02.09.56:769][  0]LogConfig: Setting CVar [[r.DOF.TemporalAAQuality:1                ; more stable temporal accumulation]]
[2020.09.16-02.09.56:769][  0]LogConfig: Setting CVar [[r.DOF.Kernel.MaxForegroundRadius:0.025]]
[2020.09.16-02.09.56:769][  0]LogConfig: Setting CVar [[r.DOF.Kernel.MaxBackgroundRadius:0.025]]
[2020.09.16-02.09.56:769][  0]LogConfig: Applying CVar settings from Section [TextureQuality@3] File [C:/Users/Luis/Documents/Unreal/EscapeUpc/Escape/Saved/Config/Windows/Scalability.ini]
[2020.09.16-02.09.56:769][  0]LogConfig: Setting CVar [[r.Streaming.MipBias:0]]
[2020.09.16-02.09.56:769][  0]LogConfig: Setting CVar [[r.Streaming.AmortizeCPUToGPUCopy:0]]
[2020.09.16-02.09.56:769][  0]LogConfig: Setting CVar [[r.Streaming.MaxNumTexturesToStreamPerFrame:0]]
[2020.09.16-02.09.56:769][  0]LogConfig: Setting CVar [[r.Streaming.Boost:1]]
[2020.09.16-02.09.56:769][  0]LogConfig: Setting CVar [[r.MaxAnisotropy:8]]
[2020.09.16-02.09.56:769][  0]LogConfig: Setting CVar [[r.VT.MaxAnisotropy:8]]
[2020.09.16-02.09.56:769][  0]LogConfig: Setting CVar [[r.Streaming.LimitPoolSizeToVRAM:0]]
[2020.09.16-02.09.56:769][  0]LogConfig: Setting CVar [[r.Streaming.PoolSize:1000]]
[2020.09.16-02.09.56:769][  0]LogConfig: Setting CVar [[r.Streaming.MaxEffectiveScreenSize:0]]
[2020.09.16-02.09.56:769][  0]LogConfig: Applying CVar settings from Section [EffectsQuality@3] File [C:/Users/Luis/Documents/Unreal/EscapeUpc/Escape/Saved/Config/Windows/Scalability.ini]
[2020.09.16-02.09.56:769][  0]LogConfig: Setting CVar [[r.TranslucencyLightingVolumeDim:64]]
[2020.09.16-02.09.56:770][  0]LogConfig: Setting CVar [[r.RefractionQuality:2]]
[2020.09.16-02.09.56:770][  0]LogConfig: Setting CVar [[r.SSR.Quality:3]]
[2020.09.16-02.09.56:770][  0]LogConfig: Setting CVar [[r.SSR.HalfResSceneColor:0]]
[2020.09.16-02.09.56:770][  0]LogConfig: Setting CVar [[r.SceneColorFormat:4]]
[2020.09.16-02.09.56:770][  0]LogConfig: Setting CVar [[r.DetailMode:2]]
[2020.09.16-02.09.56:770][  0]LogConfig: Setting CVar [[r.TranslucencyVolumeBlur:1]]
[2020.09.16-02.09.56:770][  0]LogConfig: Setting CVar [[r.MaterialQualityLevel:1 ; High quality]]
[2020.09.16-02.09.56:770][  0]LogConfig: Setting CVar [[r.SSS.Scale:1]]
[2020.09.16-02.09.56:770][  0]LogConfig: Setting CVar [[r.SSS.SampleSet:2]]
[2020.09.16-02.09.56:770][  0]LogConfig: Setting CVar [[r.SSS.Quality:1]]
[2020.09.16-02.09.56:770][  0]LogConfig: Setting CVar [[r.SSS.HalfRes:0]]
[2020.09.16-02.09.56:770][  0]LogConfig: Setting CVar [[r.SSGI.Quality:3]]
[2020.09.16-02.09.56:770][  0]LogConfig: Setting CVar [[r.EmitterSpawnRateScale:1.0]]
[2020.09.16-02.09.56:770][  0]LogConfig: Setting CVar [[r.ParticleLightQuality:2]]
[2020.09.16-02.09.56:770][  0]LogConfig: Setting CVar [[r.SkyAtmosphere.AerialPerspectiveLUT.FastApplyOnOpaque:1 ; Always have FastSkyLUT 1 in this case to avoid wrong sky]]
[2020.09.16-02.09.56:770][  0]LogConfig: Setting CVar [[r.SkyAtmosphere.AerialPerspectiveLUT.SampleCountPerSlice:1]]
[2020.09.16-02.09.56:770][  0]LogConfig: Setting CVar [[r.SkyAtmosphere.AerialPerspectiveLUT.DepthResolution:16.0]]
[2020.09.16-02.09.56:770][  0]LogConfig: Setting CVar [[r.SkyAtmosphere.FastSkyLUT:1]]
[2020.09.16-02.09.56:770][  0]LogConfig: Setting CVar [[r.SkyAtmosphere.FastSkyLUT.SampleCountMin:4.0]]
[2020.09.16-02.09.56:770][  0]LogConfig: Setting CVar [[r.SkyAtmosphere.FastSkyLUT.SampleCountMax:32.0]]
[2020.09.16-02.09.56:770][  0]LogConfig: Setting CVar [[r.SkyAtmosphere.SampleCountMin:4.0]]
[2020.09.16-02.09.56:770][  0]LogConfig: Setting CVar [[r.SkyAtmosphere.SampleCountMax:32.0]]
[2020.09.16-02.09.56:770][  0]LogConfig: Setting CVar [[r.SkyAtmosphere.TransmittanceLUT.UseSmallFormat:0]]
[2020.09.16-02.09.56:770][  0]LogConfig: Setting CVar [[r.SkyAtmosphere.TransmittanceLUT.SampleCount:10.0]]
[2020.09.16-02.09.56:770][  0]LogConfig: Setting CVar [[r.SkyAtmosphere.MultiScatteringLUT.SampleCount:15.0]]
[2020.09.16-02.09.56:770][  0]LogConfig: Applying CVar settings from Section [FoliageQuality@3] File [C:/Users/Luis/Documents/Unreal/EscapeUpc/Escape/Saved/Config/Windows/Scalability.ini]
[2020.09.16-02.09.56:770][  0]LogConfig: Setting CVar [[foliage.DensityScale:1.0]]
[2020.09.16-02.09.56:770][  0]LogConfig: Setting CVar [[grass.DensityScale:1.0]]
[2020.09.16-02.09.56:770][  0]LogConfig: Applying CVar settings from Section [ShadingQuality@3] File [C:/Users/Luis/Documents/Unreal/EscapeUpc/Escape/Saved/Config/Windows/Scalability.ini]
[2020.09.16-02.09.56:770][  0]LogConfig: Setting CVar [[r.HairStrands.SkyLighting.SampleCount:16]]
[2020.09.16-02.09.56:770][  0]LogConfig: Setting CVar [[r.HairStrands.SkyLighting.JitterIntegration:0]]
[2020.09.16-02.09.56:770][  0]LogConfig: Setting CVar [[r.HairStrands.SkyAO.SampleCount:16]]
[2020.09.16-02.09.56:771][  0]LogConfig: Setting CVar [[r.HairStrands.DeepShadow.SuperSampling:0]]
[2020.09.16-02.09.56:771][  0]LogConfig: Setting CVar [[r.HairStrands.VisibilityPPLL:0]]
[2020.09.16-02.09.56:771][  0]LogConfig: Setting CVar [[r.HairStrands.RasterizationScale:0.5]]
[2020.09.16-02.09.56:771][  0]LogConfig: Setting CVar [[r.HairStrands.VelocityRasterizationScale:1]]
[2020.09.16-02.09.56:771][  0]LogInit: Selected Device Profile: [Windows]
[2020.09.16-02.09.56:771][  0]LogInit: Applying CVar settings loaded from the selected device profile: [Windows]
[2020.09.16-02.09.56:771][  0]LogHAL: Display: Platform has ~ 8 GB [8467406848 / 8589934592 / 8], which maps to Default [LargestMinGB=32, LargerMinGB=12, DefaultMinGB=8, SmallerMinGB=6, SmallestMinGB=0)
[2020.09.16-02.09.56:771][  0]LogInit: Going up to parent DeviceProfile []
[2020.09.16-02.09.56:771][  0]LogConfig: Applying CVar settings from Section [ViewDistanceQuality@3] File [C:/Users/Luis/Documents/Unreal/EscapeUpc/Escape/Saved/Config/Windows/Scalability.ini]
[2020.09.16-02.09.56:771][  0]LogConfig: Setting CVar [[r.SkeletalMeshLODBias:0]]
[2020.09.16-02.09.56:771][  0]LogConfig: Setting CVar [[r.ViewDistanceScale:1.0]]
[2020.09.16-02.09.56:771][  0]LogConfig: Applying CVar settings from Section [AntiAliasingQuality@3] File [C:/Users/Luis/Documents/Unreal/EscapeUpc/Escape/Saved/Config/Windows/Scalability.ini]
[2020.09.16-02.09.56:771][  0]LogConfig: Setting CVar [[r.PostProcessAAQuality:4]]
[2020.09.16-02.09.56:771][  0]LogConfig: Applying CVar settings from Section [ShadowQuality@3] File [C:/Users/Luis/Documents/Unreal/EscapeUpc/Escape/Saved/Config/Windows/Scalability.ini]
[2020.09.16-02.09.56:771][  0]LogConfig: Setting CVar [[r.LightFunctionQuality:1]]
[2020.09.16-02.09.56:771][  0]LogConfig: Setting CVar [[r.ShadowQuality:5]]
[2020.09.16-02.09.56:771][  0]LogConfig: Setting CVar [[r.Shadow.CSM.MaxCascades:10]]
[2020.09.16-02.09.56:771][  0]LogConfig: Setting CVar [[r.Shadow.MaxResolution:2048]]
[2020.09.16-02.09.56:771][  0]LogConfig: Setting CVar [[r.Shadow.MaxCSMResolution:2048]]
[2020.09.16-02.09.56:771][  0]LogConfig: Setting CVar [[r.Shadow.RadiusThreshold:0.01]]
[2020.09.16-02.09.56:771][  0]LogConfig: Setting CVar [[r.Shadow.DistanceScale:1.0]]
[2020.09.16-02.09.56:771][  0]LogConfig: Setting CVar [[r.Shadow.CSM.TransitionScale:1.0]]
[2020.09.16-02.09.56:771][  0]LogConfig: Setting CVar [[r.Shadow.PreShadowResolutionFactor:1.0]]
[2020.09.16-02.09.56:771][  0]LogConfig: Setting CVar [[r.DistanceFieldShadowing:1]]
[2020.09.16-02.09.56:771][  0]LogConfig: Setting CVar [[r.DistanceFieldAO:1]]
[2020.09.16-02.09.56:771][  0]LogConfig: Setting CVar [[r.AOQuality:2]]
[2020.09.16-02.09.56:771][  0]LogConfig: Setting CVar [[r.VolumetricFog:1]]
[2020.09.16-02.09.56:772][  0]LogConfig: Setting CVar [[r.VolumetricFog.GridPixelSize:8]]
[2020.09.16-02.09.56:772][  0]LogConfig: Setting CVar [[r.VolumetricFog.GridSizeZ:128]]
[2020.09.16-02.09.56:772][  0]LogConfig: Setting CVar [[r.VolumetricFog.HistoryMissSupersampleCount:4]]
[2020.09.16-02.09.56:772][  0]LogConfig: Setting CVar [[r.LightMaxDrawDistanceScale:1]]
[2020.09.16-02.09.56:772][  0]LogConfig: Setting CVar [[r.CapsuleShadows:1]]
[2020.09.16-02.09.56:772][  0]LogConfig: Applying CVar settings from Section [PostProcessQuality@3] File [C:/Users/Luis/Documents/Unreal/EscapeUpc/Escape/Saved/Config/Windows/Scalability.ini]
[2020.09.16-02.09.56:772][  0]LogConfig: Setting CVar [[r.MotionBlurQuality:4]]
[2020.09.16-02.09.56:772][  0]LogConfig: Setting CVar [[r.AmbientOcclusionMipLevelFactor:0.4]]
[2020.09.16-02.09.56:772][  0]LogConfig: Setting CVar [[r.AmbientOcclusionMaxQuality:100]]
[2020.09.16-02.09.56:772][  0]LogConfig: Setting CVar [[r.AmbientOcclusionLevels:-1]]
[2020.09.16-02.09.56:772][  0]LogConfig: Setting CVar [[r.AmbientOcclusionRadiusScale:1.0]]
[2020.09.16-02.09.56:772][  0]LogConfig: Setting CVar [[r.DepthOfFieldQuality:2]]
[2020.09.16-02.09.56:772][  0]LogConfig: Setting CVar [[r.RenderTargetPoolMin:400]]
[2020.09.16-02.09.56:772][  0]LogConfig: Setting CVar [[r.LensFlareQuality:2]]
[2020.09.16-02.09.56:772][  0]LogConfig: Setting CVar [[r.SceneColorFringeQuality:1]]
[2020.09.16-02.09.56:772][  0]LogConfig: Setting CVar [[r.EyeAdaptationQuality:2]]
[2020.09.16-02.09.56:772][  0]LogConfig: Setting CVar [[r.BloomQuality:5]]
[2020.09.16-02.09.56:772][  0]LogConfig: Setting CVar [[r.FastBlurThreshold:100]]
[2020.09.16-02.09.56:772][  0]LogConfig: Setting CVar [[r.Upscale.Quality:3]]
[2020.09.16-02.09.56:772][  0]LogConfig: Setting CVar [[r.Tonemapper.GrainQuantization:1]]
[2020.09.16-02.09.56:772][  0]LogConfig: Setting CVar [[r.LightShaftQuality:1]]
[2020.09.16-02.09.56:772][  0]LogConfig: Setting CVar [[r.Filter.SizeScale:1]]
[2020.09.16-02.09.56:772][  0]LogConfig: Setting CVar [[r.Tonemapper.Quality:5]]
[2020.09.16-02.09.56:772][  0]LogConfig: Setting CVar [[r.DOF.Gather.AccumulatorQuality:1        ; higher gathering accumulator quality]]
[2020.09.16-02.09.56:772][  0]LogConfig: Setting CVar [[r.DOF.Gather.PostfilterMethod:1          ; Median3x3 postfilering method]]
[2020.09.16-02.09.56:772][  0]LogConfig: Setting CVar [[r.DOF.Gather.EnableBokehSettings:0       ; no bokeh simulation when gathering]]
[2020.09.16-02.09.56:772][  0]LogConfig: Setting CVar [[r.DOF.Gather.RingCount:4                 ; medium number of samples when gathering]]
[2020.09.16-02.09.56:772][  0]LogConfig: Setting CVar [[r.DOF.Scatter.ForegroundCompositing:1    ; additive foreground scattering]]
[2020.09.16-02.09.56:772][  0]LogConfig: Setting CVar [[r.DOF.Scatter.BackgroundCompositing:2    ; additive background scattering]]
[2020.09.16-02.09.56:772][  0]LogConfig: Setting CVar [[r.DOF.Scatter.EnableBokehSettings:1      ; bokeh simulation when scattering]]
[2020.09.16-02.09.56:772][  0]LogConfig: Setting CVar [[r.DOF.Scatter.MaxSpriteRatio:0.1         ; only a maximum of 10% of scattered bokeh]]
[2020.09.16-02.09.56:772][  0]LogConfig: Setting CVar [[r.DOF.Recombine.Quality:1                ; cheap slight out of focus]]
[2020.09.16-02.09.56:772][  0]LogConfig: Setting CVar [[r.DOF.Recombine.EnableBokehSettings:0    ; no bokeh simulation on slight out of focus]]
[2020.09.16-02.09.56:773][  0]LogConfig: Setting CVar [[r.DOF.TemporalAAQuality:1                ; more stable temporal accumulation]]
[2020.09.16-02.09.56:773][  0]LogConfig: Setting CVar [[r.DOF.Kernel.MaxForegroundRadius:0.025]]
[2020.09.16-02.09.56:773][  0]LogConfig: Setting CVar [[r.DOF.Kernel.MaxBackgroundRadius:0.025]]
[2020.09.16-02.09.56:773][  0]LogConfig: Applying CVar settings from Section [TextureQuality@3] File [C:/Users/Luis/Documents/Unreal/EscapeUpc/Escape/Saved/Config/Windows/Scalability.ini]
[2020.09.16-02.09.56:773][  0]LogConfig: Setting CVar [[r.Streaming.MipBias:0]]
[2020.09.16-02.09.56:773][  0]LogConfig: Setting CVar [[r.Streaming.AmortizeCPUToGPUCopy:0]]
[2020.09.16-02.09.56:773][  0]LogConfig: Setting CVar [[r.Streaming.MaxNumTexturesToStreamPerFrame:0]]
[2020.09.16-02.09.56:773][  0]LogConfig: Setting CVar [[r.Streaming.Boost:1]]
[2020.09.16-02.09.56:773][  0]LogConfig: Setting CVar [[r.MaxAnisotropy:8]]
[2020.09.16-02.09.56:773][  0]LogConfig: Setting CVar [[r.VT.MaxAnisotropy:8]]
[2020.09.16-02.09.56:773][  0]LogConfig: Setting CVar [[r.Streaming.LimitPoolSizeToVRAM:0]]
[2020.09.16-02.09.56:773][  0]LogConfig: Setting CVar [[r.Streaming.PoolSize:1000]]
[2020.09.16-02.09.56:773][  0]LogConfig: Setting CVar [[r.Streaming.MaxEffectiveScreenSize:0]]
[2020.09.16-02.09.56:773][  0]LogConfig: Applying CVar settings from Section [EffectsQuality@3] File [C:/Users/Luis/Documents/Unreal/EscapeUpc/Escape/Saved/Config/Windows/Scalability.ini]
[2020.09.16-02.09.56:773][  0]LogConfig: Setting CVar [[r.TranslucencyLightingVolumeDim:64]]
[2020.09.16-02.09.56:773][  0]LogConfig: Setting CVar [[r.RefractionQuality:2]]
[2020.09.16-02.09.56:773][  0]LogConfig: Setting CVar [[r.SSR.Quality:3]]
[2020.09.16-02.09.56:773][  0]LogConfig: Setting CVar [[r.SSR.HalfResSceneColor:0]]
[2020.09.16-02.09.56:773][  0]LogConfig: Setting CVar [[r.SceneColorFormat:4]]
[2020.09.16-02.09.56:773][  0]LogConfig: Setting CVar [[r.DetailMode:2]]
[2020.09.16-02.09.56:773][  0]LogConfig: Setting CVar [[r.TranslucencyVolumeBlur:1]]
[2020.09.16-02.09.56:773][  0]LogConfig: Setting CVar [[r.MaterialQualityLevel:1 ; High quality]]
[2020.09.16-02.09.56:773][  0]LogConfig: Setting CVar [[r.SSS.Scale:1]]
[2020.09.16-02.09.56:773][  0]LogConfig: Setting CVar [[r.SSS.SampleSet:2]]
[2020.09.16-02.09.56:773][  0]LogConfig: Setting CVar [[r.SSS.Quality:1]]
[2020.09.16-02.09.56:773][  0]LogConfig: Setting CVar [[r.SSS.HalfRes:0]]
[2020.09.16-02.09.56:773][  0]LogConfig: Setting CVar [[r.SSGI.Quality:3]]
[2020.09.16-02.09.56:773][  0]LogConfig: Setting CVar [[r.EmitterSpawnRateScale:1.0]]
[2020.09.16-02.09.56:773][  0]LogConfig: Setting CVar [[r.ParticleLightQuality:2]]
[2020.09.16-02.09.56:773][  0]LogConfig: Setting CVar [[r.SkyAtmosphere.AerialPerspectiveLUT.FastApplyOnOpaque:1 ; Always have FastSkyLUT 1 in this case to avoid wrong sky]]
[2020.09.16-02.09.56:773][  0]LogConfig: Setting CVar [[r.SkyAtmosphere.AerialPerspectiveLUT.SampleCountPerSlice:1]]
[2020.09.16-02.09.56:773][  0]LogConfig: Setting CVar [[r.SkyAtmosphere.AerialPerspectiveLUT.DepthResolution:16.0]]
[2020.09.16-02.09.56:773][  0]LogConfig: Setting CVar [[r.SkyAtmosphere.FastSkyLUT:1]]
[2020.09.16-02.09.56:773][  0]LogConfig: Setting CVar [[r.SkyAtmosphere.FastSkyLUT.SampleCountMin:4.0]]
[2020.09.16-02.09.56:774][  0]LogConfig: Setting CVar [[r.SkyAtmosphere.FastSkyLUT.SampleCountMax:32.0]]
[2020.09.16-02.09.56:774][  0]LogConfig: Setting CVar [[r.SkyAtmosphere.SampleCountMin:4.0]]
[2020.09.16-02.09.56:774][  0]LogConfig: Setting CVar [[r.SkyAtmosphere.SampleCountMax:32.0]]
[2020.09.16-02.09.56:774][  0]LogConfig: Setting CVar [[r.SkyAtmosphere.TransmittanceLUT.UseSmallFormat:0]]
[2020.09.16-02.09.56:774][  0]LogConfig: Setting CVar [[r.SkyAtmosphere.TransmittanceLUT.SampleCount:10.0]]
[2020.09.16-02.09.56:774][  0]LogConfig: Setting CVar [[r.SkyAtmosphere.MultiScatteringLUT.SampleCount:15.0]]
[2020.09.16-02.09.56:774][  0]LogConfig: Applying CVar settings from Section [FoliageQuality@3] File [C:/Users/Luis/Documents/Unreal/EscapeUpc/Escape/Saved/Config/Windows/Scalability.ini]
[2020.09.16-02.09.56:774][  0]LogConfig: Setting CVar [[foliage.DensityScale:1.0]]
[2020.09.16-02.09.56:774][  0]LogConfig: Setting CVar [[grass.DensityScale:1.0]]
[2020.09.16-02.09.56:774][  0]LogConfig: Applying CVar settings from Section [ShadingQuality@3] File [C:/Users/Luis/Documents/Unreal/EscapeUpc/Escape/Saved/Config/Windows/Scalability.ini]
[2020.09.16-02.09.56:774][  0]LogConfig: Setting CVar [[r.HairStrands.SkyLighting.SampleCount:16]]
[2020.09.16-02.09.56:774][  0]LogConfig: Setting CVar [[r.HairStrands.SkyLighting.JitterIntegration:0]]
[2020.09.16-02.09.56:774][  0]LogConfig: Setting CVar [[r.HairStrands.SkyAO.SampleCount:16]]
[2020.09.16-02.09.56:774][  0]LogConfig: Setting CVar [[r.HairStrands.DeepShadow.SuperSampling:0]]
[2020.09.16-02.09.56:774][  0]LogConfig: Setting CVar [[r.HairStrands.VisibilityPPLL:0]]
[2020.09.16-02.09.56:774][  0]LogConfig: Setting CVar [[r.HairStrands.RasterizationScale:0.5]]
[2020.09.16-02.09.56:774][  0]LogConfig: Setting CVar [[r.HairStrands.VelocityRasterizationScale:1]]
[2020.09.16-02.09.56:774][  0]LogConfig: Applying CVar settings from Section [Startup] File [../../../Engine/Config/ConsoleVariables.ini]
[2020.09.16-02.09.56:774][  0]LogConfig: Setting CVar [[net.UseAdaptiveNetUpdateFrequency:0]]
[2020.09.16-02.09.56:775][  0]LogConfig: Setting CVar [[p.chaos.AllowCreatePhysxBodies:1]]
[2020.09.16-02.09.56:775][  0]LogConfig: Setting CVar [[fx.SkipVectorVMBackendOptimizations:1]]
[2020.09.16-02.09.56:775][  0]LogConfig: Applying CVar settings from Section [ConsoleVariables] File [C:/Users/Luis/Documents/Unreal/EscapeUpc/Escape/Saved/Config/Windows/Engine.ini]
[2020.09.16-02.09.56:775][  0]LogInit: Computer: LAPTOP-V06GLCB1
[2020.09.16-02.09.56:775][  0]LogInit: User: Luis
[2020.09.16-02.09.56:775][  0]LogInit: CPU Page size=4096, Cores=2
[2020.09.16-02.09.56:775][  0]LogInit: High frequency timer resolution =10.000000 MHz
[2020.09.16-02.09.56:775][  0]LogMemory: Memory total: Physical=7.9GB (8GB approx)
[2020.09.16-02.09.56:775][  0]LogMemory: Platform Memory Stats for Windows
[2020.09.16-02.09.56:775][  0]LogMemory: Process Physical Memory: 114.02 MB used, 114.02 MB peak
[2020.09.16-02.09.56:775][  0]LogMemory: Process Virtual Memory: 103.30 MB used, 103.31 MB peak
[2020.09.16-02.09.56:775][  0]LogMemory: Physical Memory: 6461.56 MB used,  1613.59 MB free, 8075.15 MB total
[2020.09.16-02.09.56:775][  0]LogMemory: Virtual Memory: 5096.65 MB used,  134212632.00 MB free, 134217728.00 MB total
[2020.09.16-02.09.56:785][  0]LogWindows: WindowsPlatformFeatures enabled
[2020.09.16-02.09.56:832][  0]LogInit: Physics initialised using underlying interface: PhysX
[2020.09.16-02.09.56:833][  0]LogInit: Using OS detected language (en-US).
[2020.09.16-02.09.56:833][  0]LogInit: Using OS detected locale (es-PE).
[2020.09.16-02.09.56:839][  0]LogTextLocalizationManager: No specific localization for 'en-US' exists, so the 'en' localization will be used.
[2020.09.16-02.09.57:152][  0]LogInit: Setting process to per monitor DPI aware
[2020.09.16-02.09.57:207][  0]LogSlate: New Slate User Created.  User Index 0, Is Virtual User: 0
[2020.09.16-02.09.57:207][  0]LogSlate: Slate User Registered.  User Index 0, Is Virtual User: 0
[2020.09.16-02.09.57:482][  0]LogHMD: Failed to initialize OpenVR with code 110
[2020.09.16-02.09.57:482][  0]LogD3D11RHI: D3D11 min allowed feature level: 11_0
[2020.09.16-02.09.57:482][  0]LogD3D11RHI: D3D11 max allowed feature level: 11_0
[2020.09.16-02.09.57:483][  0]LogD3D11RHI: D3D11 adapters:
[2020.09.16-02.09.57:577][  0]LogD3D11RHI:    0. 'Intel(R) HD Graphics 520' (Feature Level 11_0)
[2020.09.16-02.09.57:577][  0]LogD3D11RHI:       128/0/4037 MB DedicatedVideo/DedicatedSystem/SharedSystem, Outputs:2, VendorId:0x8086
[2020.09.16-02.09.57:583][  0]LogD3D11RHI:    1. 'Microsoft Basic Render Driver' (Feature Level 11_0)
[2020.09.16-02.09.57:584][  0]LogD3D11RHI:       0/0/4037 MB DedicatedVideo/DedicatedSystem/SharedSystem, Outputs:0, VendorId:0x1414
[2020.09.16-02.09.57:584][  0]LogD3D11RHI: Chosen D3D11 Adapter: 0
[2020.09.16-02.09.57:593][  0]LogD3D11RHI: Creating new Direct3DDevice
[2020.09.16-02.09.57:594][  0]LogD3D11RHI:     GPU DeviceId: 0x1916 (for the marketing name, search the web for "GPU Device Id")
[2020.09.16-02.09.57:594][  0]LogWindows: EnumDisplayDevices:
[2020.09.16-02.09.57:594][  0]LogWindows:    0. 'Intel(R) HD Graphics 520' (P:1 D:1)
[2020.09.16-02.09.57:594][  0]LogWindows:    1. 'Intel(R) HD Graphics 520' (P:0 D:1)
[2020.09.16-02.09.57:595][  0]LogWindows:    2. 'Intel(R) HD Graphics 520' (P:0 D:0)
[2020.09.16-02.09.57:596][  0]LogWindows: DebugString: FoundDriverCount:3 
[2020.09.16-02.09.57:596][  0]LogD3D11RHI:     Adapter Name: Intel(R) HD Graphics 520
[2020.09.16-02.09.57:596][  0]LogD3D11RHI:   Driver Version: 26.20.100.7812 (internal:26.20.100.7812, unified:26.20.100.7812)
[2020.09.16-02.09.57:596][  0]LogD3D11RHI:      Driver Date: 1-21-2020
[2020.09.16-02.09.57:596][  0]LogRHI: Texture pool is 1502 MB (70% of 2146 MB)
[2020.09.16-02.09.57:707][  0]LogD3D11RHI: RHI does not have support for 64 bit atomics
[2020.09.16-02.09.57:708][  0]LogD3D11RHI: [IntelMetricsDiscovery] Started
[2020.09.16-02.09.57:708][  0]LogD3D11RHI: Async texture creation enabled
[2020.09.16-02.09.57:708][  0]LogD3D11RHI: Array index from any shader is supported
[2020.09.16-02.09.57:738][  0]LogD3D11RHI: GPU Timing Frequency: 12.000048 (Debug: 2 0)
[2020.09.16-02.09.58:863][  0]LogTargetPlatformManager: Display: Loaded TargetPlatform 'AllDesktop'
[2020.09.16-02.09.58:896][  0]LogTargetPlatformManager: Display: Loaded TargetPlatform 'Android'
[2020.09.16-02.09.58:896][  0]LogTargetPlatformManager: Display: Loaded TargetPlatform 'Android_ASTC'
[2020.09.16-02.09.58:896][  0]LogTargetPlatformManager: Display: Loaded TargetPlatform 'Android_DXT'
[2020.09.16-02.09.58:896][  0]LogTargetPlatformManager: Display: Loaded TargetPlatform 'Android_ETC2'
[2020.09.16-02.09.58:896][  0]LogTargetPlatformManager: Display: Loaded TargetPlatform 'AndroidClient'
[2020.09.16-02.09.58:896][  0]LogTargetPlatformManager: Display: Loaded TargetPlatform 'Android_ASTCClient'
[2020.09.16-02.09.58:896][  0]LogTargetPlatformManager: Display: Loaded TargetPlatform 'Android_DXTClient'
[2020.09.16-02.09.58:896][  0]LogTargetPlatformManager: Display: Loaded TargetPlatform 'Android_ETC2Client'
[2020.09.16-02.09.58:897][  0]LogTargetPlatformManager: Display: Loaded TargetPlatform 'Android_Multi'
[2020.09.16-02.09.58:897][  0]LogTargetPlatformManager: Display: Loaded TargetPlatform 'Android_MultiClient'
[2020.09.16-02.09.58:934][  0]LogTargetPlatformManager: Display: Loaded TargetPlatform 'IOSClient'
[2020.09.16-02.09.58:934][  0]LogTargetPlatformManager: Display: Loaded TargetPlatform 'IOS'
[2020.09.16-02.09.58:951][  0]LogTargetPlatformManager: Display: Loaded TargetPlatform 'Linux'
[2020.09.16-02.09.58:966][  0]LogTargetPlatformManager: Display: Loaded TargetPlatform 'LinuxNoEditor'
[2020.09.16-02.09.58:980][  0]LogTargetPlatformManager: Display: Loaded TargetPlatform 'LinuxClient'
[2020.09.16-02.09.58:994][  0]LogTargetPlatformManager: Display: Loaded TargetPlatform 'LinuxServer'
[2020.09.16-02.09.59:009][  0]LogTargetPlatformManager: Display: Loaded TargetPlatform 'LinuxAArch64NoEditor'
[2020.09.16-02.09.59:024][  0]LogTargetPlatformManager: Display: Loaded TargetPlatform 'LinuxAArch64Client'
[2020.09.16-02.09.59:037][  0]LogTargetPlatformManager: Display: Loaded TargetPlatform 'LinuxAArch64Server'
[2020.09.16-02.09.59:077][  0]LogTargetPlatformManager: Display: Loaded TargetPlatform 'Lumin'
[2020.09.16-02.09.59:077][  0]LogTargetPlatformManager: Display: Loaded TargetPlatform 'LuminClient'
[2020.09.16-02.09.59:106][  0]LogTargetPlatformManager: Display: Loaded TargetPlatform 'TVOSClient'
[2020.09.16-02.09.59:106][  0]LogTargetPlatformManager: Display: Loaded TargetPlatform 'TVOS'
[2020.09.16-02.09.59:121][  0]LogTargetPlatformManager: Display: Loaded TargetPlatform 'WindowsNoEditor'
[2020.09.16-02.09.59:137][  0]LogTargetPlatformManager: Display: Loaded TargetPlatform 'Windows'
[2020.09.16-02.09.59:151][  0]LogTargetPlatformManager: Display: Loaded TargetPlatform 'WindowsClient'
[2020.09.16-02.09.59:165][  0]LogTargetPlatformManager: Display: Loaded TargetPlatform 'WindowsServer'
[2020.09.16-02.09.59:166][  0]LogTargetPlatformManager: Display: Building Assets For Windows
[2020.09.16-02.09.59:179][  0]LogAudioDebug: Display: Lib vorbis DLL was dynamically loaded.
[2020.09.16-02.09.59:281][  0]LogShaderCompilers: Guid format shader working directory is -18 characters bigger than the processId version (../../../../../../Users/Luis/Documents/Unreal/EscapeUpc/Escape/Intermediate/Shaders/WorkingDirectory/10148/).
[2020.09.16-02.09.59:281][  0]LogShaderCompilers: Cleaned the shader compiler working directory 'C:/Users/Luis/AppData/Local/Temp/UnrealShaderWorkingDir/49071B4C428F842DC7E23A94A3BE0AF1/'.
[2020.09.16-02.09.59:282][  0]LogXGEController: Cannot use XGE Controller as Incredibuild is not installed on this machine.
[2020.09.16-02.09.59:282][  0]LogShaderCompilers: Cannot use XGE Shader Compiler as Incredibuild is not installed on this machine.
[2020.09.16-02.09.59:282][  0]LogShaderCompilers: Display: Using Local Shader Compiler.
[2020.09.16-02.10.00:425][  0]LogDerivedDataCache: Display: Max Cache Size: 512 MB
[2020.09.16-02.10.00:513][  0]LogDerivedDataCache: Loaded boot cache 0.09s 75MB C:/Users/Luis/AppData/Local/UnrealEngine/4.25/DerivedDataCache/Boot.ddc.
[2020.09.16-02.10.00:514][  0]LogDerivedDataCache: Display: Loaded Boot cache: C:/Users/Luis/AppData/Local/UnrealEngine/4.25/DerivedDataCache/Boot.ddc
[2020.09.16-02.10.00:514][  0]LogDerivedDataCache: FDerivedDataBackendGraph:  Pak pak cache file ../../../../../../Users/Luis/Documents/Unreal/EscapeUpc/Escape/DerivedDataCache/DDC.ddp not found, will not use a pak cache.
[2020.09.16-02.10.00:514][  0]LogDerivedDataCache: Unable to find inner node Pak for hierarchical cache Hierarchy.
[2020.09.16-02.10.00:514][  0]LogDerivedDataCache: FDerivedDataBackendGraph:  CompressedPak pak cache file ../../../../../../Users/Luis/Documents/Unreal/EscapeUpc/Escape/DerivedDataCache/Compressed.ddp not found, will not use a pak cache.
[2020.09.16-02.10.00:514][  0]LogDerivedDataCache: Unable to find inner node CompressedPak for hierarchical cache Hierarchy.
[2020.09.16-02.10.00:530][  0]LogDerivedDataCache: Display: Pak cache opened for reading ../../../Engine/DerivedDataCache/Compressed.ddp.
[2020.09.16-02.10.00:530][  0]LogDerivedDataCache: FDerivedDataBackendGraph:  EnterprisePak pak cache file ../../../Enterprise/DerivedDataCache/Compressed.ddp not found, will not use a pak cache.
[2020.09.16-02.10.00:530][  0]LogDerivedDataCache: Unable to find inner node EnterprisePak for hierarchical cache Hierarchy.
[2020.09.16-02.10.00:532][  0]LogDerivedDataCache: Using Local data cache path C:/Users/Luis/AppData/Local/UnrealEngine/Common/DerivedDataCache: Writable
[2020.09.16-02.10.00:532][  0]LogDerivedDataCache: Shared data cache path not found in *engine.ini, will not use an Shared cache.
[2020.09.16-02.10.00:532][  0]LogDerivedDataCache: Unable to find inner node Shared for hierarchical cache Hierarchy.
[2020.09.16-02.10.00:621][  0]LogSlate: Using FreeType 2.10.0
[2020.09.16-02.10.00:622][  0]LogSlate: SlateFontServices - WITH_FREETYPE: 1, WITH_HARFBUZZ: 1
[2020.09.16-02.10.00:677][  0]LogAssetRegistry: FAssetRegistry took 0.0042 seconds to start up
[2020.09.16-02.10.01:165][  0]LogInit: Selected Device Profile: [Windows]
[2020.09.16-02.10.01:335][  0]LogMeshReduction: Using QuadricMeshReduction for automatic static mesh reduction
[2020.09.16-02.10.01:335][  0]LogMeshReduction: Using SimplygonMeshReduction for automatic skeletal mesh reduction
[2020.09.16-02.10.01:335][  0]LogMeshReduction: Using ProxyLODMeshReduction for automatic mesh merging
[2020.09.16-02.10.01:335][  0]LogMeshReduction: No distributed automatic mesh merging module available
[2020.09.16-02.10.01:335][  0]LogMeshMerging: No distributed automatic mesh merging module available
[2020.09.16-02.10.01:373][  0]LogNetVersion: Escape 1.0.0, NetCL: 13144385, EngineNetVer: 14, GameNetVer: 0 (Checksum: 3712058826)
[2020.09.16-02.10.02:354][  0]LogAISub: UAISubsystem::UAISubsystem AISubsystem (0000022C08EEA980), frame # 0
[2020.09.16-02.10.02:354][  0]LogAISub: UAISubsystem::UAISubsystem AIPerceptionSystem (0000022C0C53DE40), frame # 0
[2020.09.16-02.10.02:355][  0]LogAISub: UAISubsystem::UAISubsystem EnvQueryManager (0000022C0C595C00), frame # 0
[2020.09.16-02.10.02:427][  0]LogPackageLocalizationCache: Processed 19 localized package path(s) for 1 prioritized culture(s) in 0.062397 seconds
[2020.09.16-02.10.02:434][  0]LogUObjectArray: 15917 objects as part of root set at end of initial load.
[2020.09.16-02.10.02:434][  0]LogUObjectAllocator: 3965568 out of 0 bytes used by permanent object pool.
[2020.09.16-02.10.02:434][  0]LogUObjectArray: CloseDisregardForGC: 0/0 objects in disregard for GC pool
[2020.09.16-02.10.03:026][  0]LogTcpMessaging: Initializing TcpMessaging bridge
[2020.09.16-02.10.03:033][  0]LogUdpMessaging: Initializing bridge on interface 0.0.0.0:0 to multicast group 230.0.0.1:6666.
[2020.09.16-02.10.03:094][  0]LogTemp: Error: WorldPosition Constructor
[2020.09.16-02.10.03:163][  0]SourceControl: Source control is disabled
[2020.09.16-02.10.03:163][  0]SourceControl: Source control is disabled
[2020.09.16-02.10.03:167][  0]SourceControl: Source control is disabled
[2020.09.16-02.10.03:171][  0]SourceControl: Source control is disabled
[2020.09.16-02.10.03:182][  0]SourceControl: Source control is disabled
[2020.09.16-02.10.03:547][  0]LogAndroidPermission: UAndroidPermissionCallbackProxy::GetInstance
[2020.09.16-02.10.03:576][  0]LogAudioCaptureCore: Display: No Audio Capture implementations found. Audio input will be silent.
[2020.09.16-02.10.03:576][  0]LogAudioCaptureCore: Display: No Audio Capture implementations found. Audio input will be silent.
[2020.09.16-02.10.03:651][  0]LogOcInput: OculusInput pre-init called
[2020.09.16-02.10.03:668][  0]LogWindows: Failed to load 'OVRPlugin.dll' (GetLastError=126)
[2020.09.16-02.10.03:669][  0]LogWindows: File 'OVRPlugin.dll' does not exist
[2020.09.16-02.10.03:769][  0]LogEngine: Initializing Engine...
[2020.09.16-02.10.03:772][  0]LogHMD: Failed to initialize OpenVR with code 110
[2020.09.16-02.10.03:772][  0]LogMagicLeap: Warning: VR disabled because ZI is not enabled.  To enable, in the editor, Edit -> Project Settings -> Plugins -> Magic Leap Plugin -> Enable Zero Iteration
[2020.09.16-02.10.03:773][  0]LogStats: UGameplayTagsManager::InitializeManager -  0.000 s
[2020.09.16-02.10.04:039][  0]LogInit: Initializing FReadOnlyCVARCache
[2020.09.16-02.10.04:055][  0]LogAIModule: Creating AISystem for world Untitled
[2020.09.16-02.10.04:055][  0]LogAISub: UAISubsystem::UAISubsystem EnvQueryManager (0000022C10567C00), frame # 0
[2020.09.16-02.10.04:055][  0]LogAISub: UAISubsystem::UAISubsystem AIPerceptionSystem (0000022C105E8B80), frame # 0
[2020.09.16-02.10.04:249][  0]LogAudioMixer: Display: Audio Mixer Platform Settings:
[2020.09.16-02.10.04:249][  0]LogAudioMixer: Display: 	Sample Rate:						  48000
[2020.09.16-02.10.04:249][  0]LogAudioMixer: Display: 	Callback Buffer Frame Size Requested: 1024
[2020.09.16-02.10.04:249][  0]LogAudioMixer: Display: 	Callback Buffer Frame Size To Use:	  1024
[2020.09.16-02.10.04:249][  0]LogAudioMixer: Display: 	Number of buffers to queue:			  2
[2020.09.16-02.10.04:249][  0]LogAudioMixer: Display: 	Max Channels (voices):				  32
[2020.09.16-02.10.04:249][  0]LogAudioMixer: Display: 	Number of Async Source Workers:		  0
[2020.09.16-02.10.04:249][  0]LogAudio: Display: AudioDevice MaxSources: 32
[2020.09.16-02.10.04:250][  0]LogAudio: Display: Using built-in audio occlusion.
[2020.09.16-02.10.04:250][  0]LogAudioMixer: Display: Initializing audio mixer.
[2020.09.16-02.10.04:287][  0]LogAudioMixer: Display: 0: FrontLeft
[2020.09.16-02.10.04:287][  0]LogAudioMixer: Display: 1: FrontRight
[2020.09.16-02.10.04:405][  0]LogAudioMixer: Display: Using Audio Device Speakers / Headphones (Conexant SmartAudio HD)
[2020.09.16-02.10.04:405][  0]LogAudioMixer: Display: Initializing Sound Submixes...
[2020.09.16-02.10.04:410][  0]LogAudioMixer: Display: Creating Master Submix 'MasterSubmixDefault'
[2020.09.16-02.10.04:410][  0]LogAudioMixer: Display: Creating Master Submix 'MasterReverbSubmixDefault'
[2020.09.16-02.10.04:415][  0]LogAudioMixer: Display: Creating Master Submix 'MasterEQSubmixDefault'
[2020.09.16-02.10.04:417][  0]LogInit: FAudioDevice initialized.
[2020.09.16-02.10.04:418][  0]LogNetVersion: Set ProjectVersion to 1.0.0.0. Version Checksum will be recalculated on next use.
[2020.09.16-02.10.04:532][  0]LogDerivedDataCache: Saved boot cache 0.11s 75MB C:/Users/Luis/AppData/Local/UnrealEngine/4.25/DerivedDataCache/Boot.ddc.
[2020.09.16-02.10.04:534][  0]LogInit: Texture streaming: Enabled
[2020.09.16-02.10.04:568][  0]LogEngineSessionManager: EngineSessionManager initialized
[2020.09.16-02.10.04:568][  0]LogEditorSessionSummary: Verbose: Initializing EditorSessionSummaryWriter for editor session tracking
[2020.09.16-02.10.04:585][  0]LogEditorSessionSummary: EditorSessionSummaryWriter initialized
[2020.09.16-02.10.04:667][  0]LogInit: Transaction tracking system initialized
[2020.09.16-02.10.04:707][  0]BlueprintLog: New page: Editor Load
[2020.09.16-02.10.04:832][  0]LocalizationService: Localization service is disabled
[2020.09.16-02.10.05:136][  0]LogCook: Display: Max memory allowance for cook 16384mb min free memory 0mb
[2020.09.16-02.10.05:136][  0]LogCook: Display: Mobile HDR setting 1
[2020.09.16-02.10.05:379][  0]LogFileCache: Scanning file cache for directory 'C:/Users/Luis/Documents/Unreal/EscapeUpc/Escape/Content/' took 0.00s
[2020.09.16-02.10.05:922][  0]SourceControl: Source control is disabled
[2020.09.16-02.10.05:922][  0]LogUnrealEdMisc: Loading editor; pre map load, took 13.395
[2020.09.16-02.10.05:922][  0]Cmd: MAP LOAD FILE="../../../../../../Users/Luis/Documents/Unreal/EscapeUpc/Escape/Content/Level/Level1.umap" TEMPLATE=0 SHOWPROGRESS=1 FEATURELEVEL=3
[2020.09.16-02.10.05:923][  0]LightingResults: New page: Lighting Build
[2020.09.16-02.10.05:924][  0]LogWorld: UWorld::CleanupWorld for Untitled, bSessionEnded=true, bCleanupResources=true
[2020.09.16-02.10.05:925][  0]LogSlate: InvalidateAllWidgets triggered.  All widgets were invalidated
[2020.09.16-02.10.05:925][  0]MapCheck: New page: Map Check
[2020.09.16-02.10.05:925][  0]LightingResults: New page: Lighting Build
[2020.09.16-02.10.05:939][  0]LogAISub: UAISubsystem::~UAISubsystem EnvQueryManager (0000022C10567C00), frame # 0
[2020.09.16-02.10.05:940][  0]LogAISub: UAISubsystem::~UAISubsystem AIPerceptionSystem (0000022C105E8B80), frame # 0
[2020.09.16-02.10.05:941][  0]LogUObjectHash: Compacting FUObjectHashTables data took   0.83ms
[2020.09.16-02.10.06:133][  0]LogAIModule: Creating AISystem for world Level1
[2020.09.16-02.10.06:133][  0]LogAISub: UAISubsystem::UAISubsystem EnvQueryManager (0000022C02BAB800), frame # 0
[2020.09.16-02.10.06:133][  0]LogAISub: UAISubsystem::UAISubsystem AIPerceptionSystem (0000022C026D4A40), frame # 0
[2020.09.16-02.10.06:145][  0]LogEditorServer: Finished looking for orphan Actors (0.000 secs)
[2020.09.16-02.10.06:214][  0]LogUObjectHash: Compacting FUObjectHashTables data took   1.36ms
[2020.09.16-02.10.06:214][  0]Cmd: MAP CHECKDEP NOCLEARLOG
[2020.09.16-02.10.06:214][  0]MapCheck: Map check complete: 0 Error(s), 0 Warning(s), took 0.202ms to complete.
[2020.09.16-02.10.06:215][  0]LogFileHelpers: Loading map 'Level1' took 0.292
[2020.09.16-02.10.06:218][  0]LogUnrealEdMisc: Total Editor Startup Time, took 13.691
[2020.09.16-02.10.06:529][  0]LogSlate: Updating window title bar state: overlay mode, drag disabled, window buttons hidden, title bar hidden
[2020.09.16-02.10.06:575][  0]LogSlate: Updating window title bar state: overlay mode, drag disabled, window buttons hidden, title bar hidden
[2020.09.16-02.10.06:611][  0]LogSlate: Updating window title bar state: overlay mode, drag disabled, window buttons hidden, title bar hidden
[2020.09.16-02.10.06:620][  0]LogSlate: Updating window title bar state: overlay mode, drag disabled, window buttons hidden, title bar hidden
[2020.09.16-02.10.06:637][  0]LogCollectionManager: Loaded 0 collections in 0.003431 seconds
[2020.09.16-02.10.06:671][  0]LogFileCache: Scanning file cache for directory 'C:/Users/Luis/Documents/Unreal/EscapeUpc/Escape/Saved/Collections/' took 0.00s
[2020.09.16-02.10.06:671][  0]LogFileCache: Scanning file cache for directory 'C:/Users/Luis/Documents/Unreal/EscapeUpc/Escape/Content/Developers/Luis/Collections/' took 0.00s
[2020.09.16-02.10.06:671][  0]LogFileCache: Scanning file cache for directory 'C:/Users/Luis/Documents/Unreal/EscapeUpc/Escape/Content/Collections/' took 0.00s
[2020.09.16-02.10.06:671][  0]LogContentBrowser: Native class hierarchy populated in 0.0136 seconds. Added 3431 classes and 823 folders.
[2020.09.16-02.10.06:680][  0]LogContentBrowser: Native class hierarchy updated for 'WidgetCarousel' in 0.0007 seconds. Added 0 classes and 0 folders.
[2020.09.16-02.10.06:979][  0]LogContentBrowser: Native class hierarchy updated for 'AddContentDialog' in 0.0006 seconds. Added 0 classes and 0 folders.
[2020.09.16-02.10.06:992][  0]LogContentBrowser: Native class hierarchy updated for 'SceneOutliner' in 0.0007 seconds. Added 2 classes and 0 folders.
[2020.09.16-02.10.07:304][  0]LogSlate: Took 0.000473 seconds to synchronously load lazily loaded font '../../../Engine/Content/Slate/Fonts/Roboto-Regular.ttf' (155K)
[2020.09.16-02.10.07:307][  0]LogSlate: Took 0.000254 seconds to synchronously load lazily loaded font '../../../Engine/Content/Slate/Fonts/Roboto-Bold.ttf' (160K)
[2020.09.16-02.10.07:319][  0]LogSlate: Took 0.001408 seconds to synchronously load lazily loaded font '../../../Engine/Content/Editor/Slate/Fonts/FontAwesome.ttf' (139K)
[2020.09.16-02.10.07:322][  0]LogSlate: Took 0.001267 seconds to synchronously load lazily loaded font '../../../Engine/Content/Slate/Fonts/DroidSansMono.ttf' (77K)
[2020.09.16-02.10.07:518][  0]LogRenderer: Reallocating scene render targets to support 600x192 Format 10 NumSamples 1 (Frame:1).
[2020.09.16-02.10.07:808][  0]LogContentBrowser: Native class hierarchy updated for 'HierarchicalLODOutliner' in 0.0011 seconds. Added 0 classes and 0 folders.
[2020.09.16-02.10.07:809][  0]LogLoad: (Engine Initialization) Total time: 15.28 seconds
[2020.09.16-02.10.07:809][  0]LogLoad: (Engine Initialization) Total Blueprint compile time: 0.00 seconds
[2020.09.16-02.10.07:877][  0]LogAssetRegistry: Asset discovery search completed in 7.2013 seconds
[2020.09.16-02.10.07:882][  0]LogCollectionManager: Fixed up redirectors for 0 collections in 0.000004 seconds (updated 0 objects)
[2020.09.16-02.10.07:884][  0]LogContentStreaming: Texture pool size now 1000 MB
[2020.09.16-02.11.40:851][307]LogRenderer: Reallocating scene render targets to support 604x192 Format 10 NumSamples 1 (Frame:34).
[2020.09.16-02.11.47:491][481]LogSlate: Window 'Message Log' being destroyed
[2020.09.16-02.11.49:051][557]LogRenderer: Reallocating scene render targets to support 604x212 Format 10 NumSamples 1 (Frame:223).
[2020.09.16-02.11.49:123][558]LogRenderer: Reallocating scene render targets to support 604x244 Format 10 NumSamples 1 (Frame:225).
[2020.09.16-02.11.49:186][559]LogRenderer: Reallocating scene render targets to support 604x276 Format 10 NumSamples 1 (Frame:227).
[2020.09.16-02.11.49:262][560]LogRenderer: Reallocating scene render targets to support 604x304 Format 10 NumSamples 1 (Frame:229).
[2020.09.16-02.11.49:342][561]LogRenderer: Reallocating scene render targets to support 604x340 Format 10 NumSamples 1 (Frame:231).
[2020.09.16-02.11.49:430][562]LogRenderer: Reallocating scene render targets to support 604x356 Format 10 NumSamples 1 (Frame:233).
[2020.09.16-02.17.12:863][756]LogRenderer: Reallocating scene render targets to support 904x600 Format 10 NumSamples 1 (Frame:505).
[2020.09.16-02.25.13:060][727]LogSlate: Window 'Project Settings' being destroyed
[2020.09.16-02.25.13:096][727]LogSlate: Window 'Project Settings' being destroyed
[2020.09.16-02.41.07:952][601]LogSlate: Window 'Project Settings' being destroyed
[2020.09.16-02.41.07:972][601]LogSlate: Window 'Project Settings' being destroyed
[2020.09.16-03.38.08:366][768]Candidate modules for hot reload:
[2020.09.16-03.38.08:367][768]  Escape
[2020.09.16-03.38.08:372][768]Launching UnrealBuildTool... [C:/Program Files/Epic Games/UE_4.25/Engine/Binaries/DotNET/UnrealBuildTool.exe  -ModuleWithSuffix=Escape,7679 EscapeEditor Win64 Development -Project="C:/Users/Luis/Documents/Unreal/EscapeUpc/Escape/Escape.uproject" "C:/Users/Luis/Documents/Unreal/EscapeUpc/Escape/Escape.uproject"  -IgnoreJunk]
[2020.09.16-03.38.08:379][768]Warning: Starting HotReload took  0.1s.
[2020.09.16-03.40.01:140][413]LogRenderer: Reallocating scene render targets to support 908x600 Format 10 NumSamples 1 (Frame:4223).
[2020.09.16-03.40.19:183][970]CompilerResultsLog: New page: Compilation - 15 set. 2020 17:40:19
[2020.09.16-03.40.19:186][970]CompilerResultsLog: Invalidating makefile for EscapeEditor (Escape.Build.cs modified)
[2020.09.16-03.40.19:187][970]CompilerResultsLog: While compiling C:\Users\Luis\Documents\Unreal\EscapeUpc\Escape\Intermediate\Build\BuildRules\EscapeModuleRules.dll:
[2020.09.16-03.40.19:187][970]CompilerResultsLog: c:\Users\Luis\Documents\Unreal\EscapeUpc\Escape\Source\Escape\Escape.Build.cs(12,4) : warning CS0618: 'UnrealBuildTool.ModuleRules.bFasterWithoutUnity' is obsolete: 'bFasterWithoutUnity has been deprecated in favor of setting 'bUseUnity' on a per module basis in BuildConfiguration'
[2020.09.16-03.40.19:187][970]CompilerResultsLog: C:\Users\Luis\Documents\Unreal\EscapeUpc\Escape\Source\Escape\Escape.Build.cs: warning: Modules must specify an explicit precompiled header (eg. PrivatePCHHeaderFile = "Escape.h") from UE 4.21 onwards.
[2020.09.16-03.40.19:187][970]CompilerResultsLog: Parsing headers for EscapeEditor
[2020.09.16-03.40.19:187][970]CompilerResultsLog:   Running UnrealHeaderTool "C:\Users\Luis\Documents\Unreal\EscapeUpc\Escape\Escape.uproject" "C:\Users\Luis\Documents\Unreal\EscapeUpc\Escape\Intermediate\Build\Win64\EscapeEditor\Development\EscapeEditor.uhtmanifest" -LogCmds="loginit warning, logexit warning, logdatabase error" -Unattended -WarningsAsErrors -abslog="C:\Users\Luis\AppData\Local\UnrealBuildTool\Log_UHT.txt" -installed
[2020.09.16-03.40.19:187][970]CompilerResultsLog: Reflection code generated for EscapeEditor in 98.3054096 seconds
[2020.09.16-03.40.19:187][970]CompilerResultsLog: Building EscapeEditor...
[2020.09.16-03.40.19:187][970]CompilerResultsLog: Using Visual Studio 2019 14.27.29111 toolchain (C:\Program Files (x86)\Microsoft Visual Studio\2019\Community\VC\Tools\MSVC\14.27.29110) and Windows 10.0.18362.0 SDK (C:\Program Files (x86)\Windows Kits\10).
[2020.09.16-03.40.19:187][970]CompilerResultsLog: Building 7 actions with 4 processes...
[2020.09.16-03.40.19:188][970]LogMainFrame: MainFrame: Module compiling took 130.897 seconds
[2020.09.16-03.40.19:192][970]Warning: HotReload failed, recompile failed
[2020.09.16-03.40.22:110][ 65]Candidate modules for hot reload:
[2020.09.16-03.40.22:111][ 65]  Escape
[2020.09.16-03.40.22:111][ 65]Launching UnrealBuildTool... [C:/Program Files/Epic Games/UE_4.25/Engine/Binaries/DotNET/UnrealBuildTool.exe  -ModuleWithSuffix=Escape,724 EscapeEditor Win64 Development -Project="C:/Users/Luis/Documents/Unreal/EscapeUpc/Escape/Escape.uproject" "C:/Users/Luis/Documents/Unreal/EscapeUpc/Escape/Escape.uproject"  -IgnoreJunk]
[2020.09.16-03.40.22:115][ 65]Warning: Starting HotReload took  0.0s.
[2020.09.16-03.40.51:317][278]CompilerResultsLog: New page: Compilation - 15 set. 2020 17:40:51
[2020.09.16-03.40.51:318][278]CompilerResultsLog: Building EscapeEditor...
[2020.09.16-03.40.51:318][278]CompilerResultsLog: Using Visual Studio 2019 14.27.29111 toolchain (C:\Program Files (x86)\Microsoft Visual Studio\2019\Community\VC\Tools\MSVC\14.27.29110) and Windows 10.0.18362.0 SDK (C:\Program Files (x86)\Windows Kits\10).
[2020.09.16-03.40.51:318][278]CompilerResultsLog: Building 7 actions with 4 processes...
[2020.09.16-03.40.51:318][278]CompilerResultsLog:   [1/7] Grabber.cpp
[2020.09.16-03.40.51:319][278]CompilerResultsLog:    C:\Users\Luis\Documents\Unreal\EscapeUpc\Escape\Source\Escape\Grabber.cpp(51) : error C2660: 'UGrabber::CheckCollision': function does not take 1 arguments
[2020.09.16-03.40.51:320][278]CompilerResultsLog:   C:\Users\Luis\Documents\Unreal\EscapeUpc\Escape\Source\Escape\Grabber.h(30): note: see declaration of 'UGrabber::CheckCollision'
[2020.09.16-03.40.51:320][278]CompilerResultsLog:    C:\Users\Luis\Documents\Unreal\EscapeUpc\Escape\Source\Escape\Grabber.cpp(54) : error C2653: 'UUGrabber': is not a class or namespace name
[2020.09.16-03.40.51:320][278]CompilerResultsLog:    C:\Users\Luis\Documents\Unreal\EscapeUpc\Escape\Source\Escape\Grabber.cpp(57) : error C3861: 'GetWorld': identifier not found
[2020.09.16-03.40.51:320][278]CompilerResultsLog:    C:\Users\Luis\Documents\Unreal\EscapeUpc\Escape\Source\Escape\Grabber.cpp(62) : error C2065: 'Reach': undeclared identifier
[2020.09.16-03.40.51:320][278]CompilerResultsLog:    C:\Users\Luis\Documents\Unreal\EscapeUpc\Escape\Source\Escape\Grabber.cpp(65) : error C3861: 'GetWorld': identifier not found
[2020.09.16-03.40.51:320][278]CompilerResultsLog:    C:\Users\Luis\Documents\Unreal\EscapeUpc\Escape\Source\Escape\Grabber.cpp(76) : error C3861: 'GetOwner': identifier not found
[2020.09.16-03.40.51:320][278]CompilerResultsLog:    C:\Users\Luis\Documents\Unreal\EscapeUpc\Escape\Source\Escape\Grabber.cpp(77) : error C3861: 'GetWorld': identifier not found
[2020.09.16-03.40.51:320][278]CompilerResultsLog:   [2/7] OpenDoor.cpp
[2020.09.16-03.40.51:320][278]CompilerResultsLog:   [3/7] Grabber.gen.cpp
[2020.09.16-03.40.51:320][278]CompilerResultsLog:   [4/7] OpenDoor.gen.cpp
[2020.09.16-03.40.51:320][278]LogMainFrame: MainFrame: Module compiling took 29.219 seconds
[2020.09.16-03.40.51:321][278]Warning: HotReload failed, recompile failed
[2020.09.16-03.43.24:304][132]LogUObjectHash: Compacting FUObjectHashTables data took  23.90ms
[2020.09.16-03.43.24:792][132]LogSlate: Window 'Escape - Unreal Editor' being destroyed
[2020.09.16-03.43.24:798][132]LogWindowsTextInputMethodSystem: Display: IME system now deactivated.
[2020.09.16-03.43.25:564][133]Cmd: QUIT_EDITOR
[2020.09.16-03.43.25:565][133]LogCore: Engine exit requested (reason: UUnrealEdEngine::CloseEditor())
[2020.09.16-03.43.25:589][133]LogCore: Engine exit requested (reason: EngineExit() was called; note: exit was already requested)
[2020.09.16-03.43.25:787][133]LogExit: Preparing to exit.
[2020.09.16-03.43.26:767][133]LogWorld: UWorld::CleanupWorld for World_0, bSessionEnded=true, bCleanupResources=true
[2020.09.16-03.43.27:084][133]LogDemo: Cleaned up 0 splitscreen connections with owner deletion
[2020.09.16-03.43.27:158][133]LogWorld: UWorld::CleanupWorld for None, bSessionEnded=true, bCleanupResources=true
[2020.09.16-03.43.27:168][133]LogExit: Editor shut down
[2020.09.16-03.43.27:174][133]LogExit: Transaction tracking system shut down
[2020.09.16-03.43.27:775][133]LogAISub: UAISubsystem::~UAISubsystem AISubsystem (0000022C08EEA980), frame # 24133
[2020.09.16-03.43.27:775][133]LogAISub: UAISubsystem::~UAISubsystem AIPerceptionSystem (0000022C0C53DE40), frame # 24133
[2020.09.16-03.43.27:778][133]LogAISub: UAISubsystem::~UAISubsystem EnvQueryManager (0000022C0C595C00), frame # 24133
[2020.09.16-03.43.27:948][133]LogAISub: UAISubsystem::~UAISubsystem EnvQueryManager (0000022C02BAB800), frame # 24133
[2020.09.16-03.43.27:948][133]LogAISub: UAISubsystem::~UAISubsystem AIPerceptionSystem (0000022C026D4A40), frame # 24133
[2020.09.16-03.43.28:027][133]LogExit: Object subsystem successfully closed.
[2020.09.16-03.43.28:105][133]LogShaderCompilers: Display: Shaders left to compile 0
[2020.09.16-03.43.28:314][133]LogModuleManager: Shutting down and abandoning module ExternalImagePicker (794)
[2020.09.16-03.43.28:315][133]LogModuleManager: Shutting down and abandoning module HierarchicalLODOutliner (792)
[2020.09.16-03.43.28:315][133]LogModuleManager: Shutting down and abandoning module SceneOutliner (790)
[2020.09.16-03.43.28:316][133]LogModuleManager: Shutting down and abandoning module AddContentDialog (788)
[2020.09.16-03.43.28:349][133]LogModuleManager: Shutting down and abandoning module WidgetCarousel (787)
[2020.09.16-03.43.28:350][133]LogModuleManager: Shutting down and abandoning module EditorWidgets (784)
[2020.09.16-03.43.28:350][133]LogModuleManager: Shutting down and abandoning module CollectionManager (782)
[2020.09.16-03.43.28:352][133]LogModuleManager: Shutting down and abandoning module StatsViewer (780)
[2020.09.16-03.43.28:354][133]LogModuleManager: Shutting down and abandoning module VirtualTexturingEditor (778)
[2020.09.16-03.43.28:354][133]LogModuleManager: Shutting down and abandoning module FoliageEdit (776)
[2020.09.16-03.43.28:354][133]LogModuleManager: Shutting down and abandoning module LandscapeEditor (774)
[2020.09.16-03.43.28:363][133]LogModuleManager: Shutting down and abandoning module MeshPaintMode (772)
[2020.09.16-03.43.28:364][133]LogModuleManager: Shutting down and abandoning module SceneDepthPickerMode (770)
[2020.09.16-03.43.28:364][133]LogModuleManager: Shutting down and abandoning module ActorPickerMode (768)
[2020.09.16-03.43.28:364][133]LogModuleManager: Shutting down and abandoning module PIEPreviewDeviceProfileSelector (766)
[2020.09.16-03.43.28:366][133]LogModuleManager: Shutting down and abandoning module SequenceRecorderSections (764)
[2020.09.16-03.43.28:366][133]LogModuleManager: Shutting down and abandoning module AutomationWorker (762)
[2020.09.16-03.43.28:368][133]LogModuleManager: Shutting down and abandoning module SteamVREditor (760)
[2020.09.16-03.43.28:368][133]LogModuleManager: Shutting down and abandoning module OculusMR (758)
[2020.09.16-03.43.28:369][133]LogModuleManager: Shutting down and abandoning module GooglePADEditor (756)
[2020.09.16-03.43.28:370][133]LogModuleManager: Shutting down and abandoning module AudioCaptureEditor (754)
[2020.09.16-03.43.28:371][133]LogModuleManager: Shutting down and abandoning module TemplateSequenceEditor (752)
[2020.09.16-03.43.28:378][133]LogModuleManager: Shutting down and abandoning module MatineeToLevelSequence (750)
[2020.09.16-03.43.28:380][133]LogModuleManager: Shutting down and abandoning module LevelSequenceEditor (748)
[2020.09.16-03.43.28:383][133]LogModuleManager: Shutting down and abandoning module ActorSequenceEditor (746)
[2020.09.16-03.43.28:386][133]LogModuleManager: Shutting down and abandoning module WmfMediaFactory (744)
[2020.09.16-03.43.28:387][133]LogModuleManager: Shutting down and abandoning module WmfMediaEditor (742)
[2020.09.16-03.43.28:387][133]LogModuleManager: Shutting down and abandoning module WebMMediaFactory (740)
[2020.09.16-03.43.28:388][133]LogModuleManager: Shutting down and abandoning module WebMMediaEditor (738)
[2020.09.16-03.43.28:388][133]LogModuleManager: Shutting down and abandoning module WebMMedia (736)
[2020.09.16-03.43.28:388][133]LogModuleManager: Shutting down and abandoning module MediaPlayerEditor (734)
[2020.09.16-03.43.28:390][133]LogModuleManager: Shutting down and abandoning module MediaCompositingEditor (732)
[2020.09.16-03.43.28:393][133]LogModuleManager: Shutting down and abandoning module SequenceRecorder (731)
[2020.09.16-03.43.28:395][133]LogModuleManager: Shutting down and abandoning module OpenExrWrapper (728)
[2020.09.16-03.43.28:396][133]LogModuleManager: Shutting down and abandoning module ImgMediaFactory (726)
[2020.09.16-03.43.28:396][133]LogModuleManager: Shutting down and abandoning module ImgMediaEditor (724)
[2020.09.16-03.43.28:396][133]LogModuleManager: Shutting down and abandoning module AvfMediaFactory (722)
[2020.09.16-03.43.28:396][133]LogModuleManager: Shutting down and abandoning module AvfMediaEditor (720)
[2020.09.16-03.43.28:396][133]LogModuleManager: Shutting down and abandoning module AndroidMediaFactory (718)
[2020.09.16-03.43.28:396][133]LogModuleManager: Shutting down and abandoning module AndroidMediaEditor (716)
[2020.09.16-03.43.28:396][133]LogModuleManager: Shutting down and abandoning module MagicLeapMediaCodecFactory (714)
[2020.09.16-03.43.28:397][133]LogModuleManager: Shutting down and abandoning module MagicLeapMediaFactory (712)
[2020.09.16-03.43.28:397][133]LogModuleManager: Shutting down and abandoning module MagicLeapMediaEditor (710)
[2020.09.16-03.43.28:397][133]LogModuleManager: Shutting down and abandoning module PlanarCut (708)
[2020.09.16-03.43.28:397][133]LogModuleManager: Shutting down and abandoning module CharacterAI (706)
[2020.09.16-03.43.28:398][133]LogModuleManager: Shutting down and abandoning module TextureAlignMode (704)
[2020.09.16-03.43.28:398][133]LogModuleManager: Shutting down and abandoning module BspMode (702)
[2020.09.16-03.43.28:400][133]LogModuleManager: Shutting down and abandoning module PlacementMode (701)
[2020.09.16-03.43.28:400][133]LogModuleManager: Shutting down and abandoning module GeometryMode (698)
[2020.09.16-03.43.28:400][133]LogModuleManager: Shutting down and abandoning module CameraShakePreviewer (696)
[2020.09.16-03.43.28:402][133]LogModuleManager: Shutting down and abandoning module SmartSnapping (694)
[2020.09.16-03.43.28:402][133]LogModuleManager: Shutting down and abandoning module SessionServices (692)
[2020.09.16-03.43.28:402][133]LogModuleManager: Shutting down and abandoning module MeshPaint (690)
[2020.09.16-03.43.28:404][133]LogModuleManager: Shutting down and abandoning module ViewportSnapping (688)
[2020.09.16-03.43.28:405][133]LogModuleManager: Shutting down and abandoning module ViewportInteraction (686)
[2020.09.16-03.43.28:405][133]LogModuleManager: Shutting down and abandoning module ClothPainter (684)
[2020.09.16-03.43.28:411][133]LogModuleManager: Shutting down and abandoning module SkeletalMeshEditor (683)
[2020.09.16-03.43.28:413][133]LogModuleManager: Shutting down and abandoning module LogVisualizer (680)
[2020.09.16-03.43.28:416][133]LogModuleManager: Shutting down and abandoning module IntroTutorials (678)
[2020.09.16-03.43.28:417][133]LogModuleManager: Shutting down and abandoning module GameProjectGeneration (677)
[2020.09.16-03.43.28:419][133]LogModuleManager: Shutting down and abandoning module LuminPlatformEditor (674)
[2020.09.16-03.43.28:419][133]LogModuleManager: Shutting down and abandoning module IOSPlatformEditor (672)
[2020.09.16-03.43.28:419][133]LogModuleManager: Shutting down and abandoning module AndroidPlatformEditor (670)
[2020.09.16-03.43.28:419][133]LogModuleManager: Shutting down and abandoning module AndroidDeviceDetection (669)
