Log file open, 09/08/20 18:02:27
LogInit: Display: Running engine for game: Escape
LogPlatformFile: Not using cached read wrapper
LogTaskGraph: Started task graph with 5 named threads and 11 total threads with 3 sets of task threads.
LogStats: Stats thread started at 0.346637
LogD3D11RHI: Loaded GFSDK_Aftermath_Lib.x64.dll
LogICUInternationalization: ICU TimeZone Detection - Raw Offset: -5:00, Platform Override: ''
LogPluginManager: Mounting plugin Paper2D
LogPluginManager: Mounting plugin AISupport
LogPluginManager: Mounting plugin LightPropagationVolume
LogPluginManager: Mounting plugin CameraShakePreviewer
LogPluginManager: Mounting plugin ActorLayerUtilities
LogPluginManager: Mounting plugin AnimationSharing
LogPluginManager: Mounting plugin CLionSourceCodeAccess
LogPluginManager: Mounting plugin CodeLiteSourceCodeAccess
LogPluginManager: Mounting plugin GitSourceControl
LogPluginManager: Mounting plugin KDevelopSourceCodeAccess
LogPluginManager: Mounting plugin NullSourceCodeAccess
LogPluginManager: Mounting plugin PerforceSourceControl
LogPluginManager: Mounting plugin PlasticSourceControl
LogPluginManager: Mounting plugin RiderSourceCodeAccess
LogPluginManager: Mounting plugin SubversionSourceControl
LogPluginManager: Mounting plugin UObjectPlugin
LogPluginManager: Mounting plugin VisualStudioCodeSourceCodeAccess
LogPluginManager: Mounting plugin VisualStudioSourceCodeAccess
LogPluginManager: Mounting plugin XCodeSourceCodeAccess
LogPluginManager: Mounting plugin AssetManagerEditor
LogPluginManager: Mounting plugin CryptoKeys
LogPluginManager: Mounting plugin CurveEditorTools
LogPluginManager: Mounting plugin DataValidation
LogPluginManager: Mounting plugin EditorScriptingUtilities
LogPluginManager: Mounting plugin FacialAnimation
LogPluginManager: Mounting plugin GameplayTagsEditor
LogPluginManager: Mounting plugin GeometryMode
LogPluginManager: Mounting plugin MacGraphicsSwitching
LogPluginManager: Mounting plugin MaterialAnalyzer
LogPluginManager: Mounting plugin MobileLauncherProfileWizard
LogPluginManager: Mounting plugin PluginBrowser
LogPluginManager: Mounting plugin SpeedTreeImporter
LogPluginManager: Mounting plugin DatasmithContent
LogPluginManager: Mounting plugin VariantManagerContent
LogPluginManager: Mounting plugin AlembicImporter
LogPluginManager: Mounting plugin AutomationUtils
LogPluginManager: Mounting plugin BackChannel
LogPluginManager: Mounting plugin ChaosCloth
LogPluginManager: Mounting plugin ChaosClothEditor
LogPluginManager: Mounting plugin ChaosEditor
LogPluginManager: Mounting plugin ChaosNiagara
LogPluginManager: Mounting plugin ChaosSolverPlugin
LogPluginManager: Mounting plugin CharacterAI
LogPluginManager: Mounting plugin GeometryCache
LogPluginManager: Mounting plugin GeometryCollectionPlugin
LogPluginManager: Mounting plugin GeometryProcessing
LogPluginManager: Mounting plugin PlanarCut
LogPluginManager: Mounting plugin PlatformCrypto
LogPluginManager: Mounting plugin ProxyLODPlugin
LogPluginManager: Mounting plugin SkeletalReduction
LogPluginManager: Mounting plugin Niagara
LogPluginManager: Mounting plugin MagicLeap
LogPluginManager: Mounting plugin MagicLeapLightEstimation
LogPluginManager: Mounting plugin MagicLeapMedia
LogPluginManager: Mounting plugin MagicLeapPassableWorld
LogPluginManager: Mounting plugin MLSDK
LogPluginManager: Mounting plugin AndroidMedia
LogPluginManager: Mounting plugin AvfMedia
LogPluginManager: Mounting plugin ImgMedia
LogPluginManager: Mounting plugin MediaCompositing
LogPluginManager: Mounting plugin MediaPlayerEditor
LogPluginManager: Mounting plugin WebMMedia
LogPluginManager: Mounting plugin WmfMedia
LogPluginManager: Mounting plugin MeshPainting
LogPluginManager: Mounting plugin TcpMessaging
LogPluginManager: Mounting plugin UdpMessaging
LogPluginManager: Mounting plugin ActorSequence
LogPluginManager: Mounting plugin LevelSequenceEditor
LogPluginManager: Mounting plugin MatineeToLevelSequence
LogPluginManager: Mounting plugin MovieRenderPipeline
LogPluginManager: Mounting plugin TemplateSequence
LogPluginManager: Mounting plugin NetcodeUnitTest
LogPluginManager: Mounting plugin NUTUnrealEngine4
LogPluginManager: Mounting plugin OnlineSubsystemGooglePlay
LogPluginManager: Mounting plugin OnlineSubsystemIOS
LogPluginManager: Mounting plugin OnlineSubsystem
LogPluginManager: Mounting plugin OnlineSubsystemNull
LogPluginManager: Mounting plugin OnlineSubsystemUtils
LogPluginManager: Mounting plugin LauncherChunkInstaller
LogPluginManager: Mounting plugin AndroidDeviceProfileSelector
LogPluginManager: Mounting plugin AndroidMoviePlayer
LogPluginManager: Mounting plugin AndroidPermission
LogPluginManager: Mounting plugin AppleImageUtils
LogPluginManager: Mounting plugin AppleMoviePlayer
LogPluginManager: Mounting plugin ArchVisCharacter
LogPluginManager: Mounting plugin AssetTags
LogPluginManager: Mounting plugin AudioCapture
LogPluginManager: Mounting plugin CableComponent
LogPluginManager: Mounting plugin CustomMeshComponent
LogPluginManager: Mounting plugin EditableMesh
LogPluginManager: Mounting plugin ExampleDeviceProfileSelector
LogPluginManager: Mounting plugin GoogleCloudMessaging
LogPluginManager: Mounting plugin GooglePAD
LogPluginManager: Mounting plugin IOSDeviceProfileSelector
LogPluginManager: Mounting plugin LinuxDeviceProfileSelector
LogPluginManager: Mounting plugin LocationServicesBPLibrary
LogPluginManager: Mounting plugin MobilePatchingUtils
LogPluginManager: Mounting plugin OculusVR
LogPluginManager: Mounting plugin PhysXVehicles
LogPluginManager: Mounting plugin PostSplashScreen
LogPluginManager: Mounting plugin ProceduralMeshComponent
LogPluginManager: Mounting plugin RuntimePhysXCooking
LogPluginManager: Mounting plugin SignificanceManager
LogPluginManager: Mounting plugin SoundFields
LogPluginManager: Mounting plugin SteamVR
LogPluginManager: Mounting plugin Synthesis
LogPluginManager: Mounting plugin WebMMoviePlayer
LogPluginManager: Mounting plugin WindowsMoviePlayer
LogPluginManager: Mounting plugin ScreenshotTools
LogInit: Using libcurl 7.55.1-DEV
LogInit:  - built for x86_64-pc-win32
LogInit:  - supports SSL with OpenSSL/1.1.1
LogInit:  - supports HTTP deflate (compression) using libz 1.2.8
LogInit:  - other features:
LogInit:      CURL_VERSION_SSL
LogInit:      CURL_VERSION_LIBZ
LogInit:      CURL_VERSION_IPV6
LogInit:      CURL_VERSION_ASYNCHDNS
LogInit:      CURL_VERSION_LARGEFILE
LogInit:      CURL_VERSION_IDN
LogInit:  CurlRequestOptions (configurable via config and command line):
LogInit:  - bVerifyPeer = true  - Libcurl will verify peer certificate
LogInit:  - bUseHttpProxy = false  - Libcurl will NOT use HTTP proxy
LogInit:  - bDontReuseConnections = false  - Libcurl will reuse connections
LogInit:  - MaxHostConnections = 16  - Libcurl will limit the number of connections to a host
LogInit:  - LocalHostAddr = Default
LogInit:  - BufferSize = 65536
LogOnline: OSS: Creating online subsystem instance for: NULL
LogInit: WinSock: version 1.1 (2.2), MaxSocks=32767, MaxUdp=65467
LogOnline: OSS: TryLoadSubsystemAndSetDefault: Loaded subsystem for module [NULL]
LogInit: Build: ++UE4+Release-4.25-CL-13942748
LogInit: Engine Version: 4.25.3-13942748+++UE4+Release-4.25
LogInit: Compatible Engine Version: 4.25.0-13144385+++UE4+Release-4.25
LogInit: Net CL: 13144385
LogInit: OS: Windows 10 (Release 1903) (), CPU: Intel(R) Core(TM) i7-6500U CPU @ 2.50GHz, GPU: Intel(R) HD Graphics 520
LogInit: Compiled (64-bit): Jul 25 2020 02:07:48
LogInit: Compiled with Visual C++: 19.24.28315.00
LogInit: Build Configuration: Development
LogInit: Branch Name: ++UE4+Release-4.25
LogInit: Command Line:  -EpicPortal -epicusername=lvaldivia -epicuserid=09e0dcead18f4924bfd97a0bef32efa8 -epiclocale=en
LogInit: Base Directory: C:/Program Files/Epic Games/UE_4.25/Engine/Binaries/Win64/
LogInit: Allocator: TBB
LogInit: Installed Engine Build: 1
LogDevObjectVersion: Number of dev versions registered: 26
LogDevObjectVersion:   Dev-Blueprints (B0D832E4-1F89-4F0D-ACCF-7EB736FD4AA2): 10
LogDevObjectVersion:   Dev-Build (E1C64328-A22C-4D53-A36C-8E866417BD8C): 0
LogDevObjectVersion:   Dev-Core (375EC13C-06E4-48FB-B500-84F0262A717E): 4
LogDevObjectVersion:   Dev-Editor (E4B068ED-F494-42E9-A231-DA0B2E46BB41): 38
LogDevObjectVersion:   Dev-Framework (CFFC743F-43B0-4480-9391-14DF171D2073): 37
LogDevObjectVersion:   Dev-Mobile (B02B49B5-BB20-44E9-A304-32B752E40360): 2
LogDevObjectVersion:   Dev-Networking (A4E4105C-59A1-49B5-A7C5-40C4547EDFEE): 0
LogDevObjectVersion:   Dev-Online (39C831C9-5AE6-47DC-9A44-9C173E1C8E7C): 0
LogDevObjectVersion:   Dev-Physics (78F01B33-EBEA-4F98-B9B4-84EACCB95AA2): 4
LogDevObjectVersion:   Dev-Platform (6631380F-2D4D-43E0-8009-CF276956A95A): 0
LogDevObjectVersion:   Dev-Rendering (12F88B9F-8875-4AFC-A67C-D90C383ABD29): 43
LogDevObjectVersion:   Dev-Sequencer (7B5AE74C-D270-4C10-A958-57980B212A5A): 12
LogDevObjectVersion:   Dev-VR (D7296918-1DD6-4BDD-9DE2-64A83CC13884): 3
LogDevObjectVersion:   Dev-LoadTimes (C2A15278-BFE7-4AFE-6C17-90FF531DF755): 1
LogDevObjectVersion:   Private-Geometry (6EACA3D4-40EC-4CC1-B786-8BED09428FC5): 3
LogDevObjectVersion:   Dev-AnimPhys (29E575DD-E0A3-4627-9D10-D276232CDCEA): 17
LogDevObjectVersion:   Dev-Anim (AF43A65D-7FD3-4947-9873-3E8ED9C1BB05): 7
LogDevObjectVersion:   Dev-ReflectionCapture (6B266CEC-1EC7-4B8F-A30B-E4D90942FC07): 1
LogDevObjectVersion:   Dev-Automation (0DF73D61-A23F-47EA-B727-89E90C41499A): 1
LogDevObjectVersion:   FortniteMain (601D1886-AC64-4F84-AA16-D3DE0DEAC7D6): 31
LogDevObjectVersion:   Dev-Enterprise (9DFFBCD6-494F-0158-E221-12823C92A888): 10
LogDevObjectVersion:   Dev-Niagara (F2AED0AC-9AFE-416F-8664-AA7FFA26D6FC): 1
LogDevObjectVersion:   Dev-Destruction (174F1F0B-B4C6-45A5-B13F-2EE8D0FB917D): 10
LogDevObjectVersion:   Dev-Physics-Ext (35F94A83-E258-406C-A318-09F59610247C): 37
LogDevObjectVersion:   Dev-PhysicsMaterial-Chaos (B68FC16E-8B1B-42E2-B453-215C058844FE): 1
LogDevObjectVersion:   Dev-CineCamera (B2E18506-4273-CFC2-A54E-F4BB758BBA07): 1
LogInit: Presizing for max 25165824 objects, including 0 objects not considered by GC, pre-allocating 0 bytes for permanent pool.
LogConfig: Applying CVar settings from Section [/Script/Engine.StreamingSettings] File [C:/Users/Luis/Documents/Unreal/EscapeUpc/Escape/Saved/Config/Windows/Engine.ini]
LogConfig: Setting CVar [[s.MinBulkDataSizeForAsyncLoading:131072]]
LogConfig: Setting CVar [[s.AsyncLoadingThreadEnabled:0]]
LogConfig: Setting CVar [[s.EventDrivenLoaderEnabled:1]]
LogConfig: Setting CVar [[s.WarnIfTimeLimitExceeded:0]]
LogConfig: Setting CVar [[s.TimeLimitExceededMultiplier:1.5]]
LogConfig: Setting CVar [[s.TimeLimitExceededMinTime:0.005]]
LogConfig: Setting CVar [[s.UseBackgroundLevelStreaming:1]]
LogConfig: Setting CVar [[s.PriorityAsyncLoadingExtraTime:15.0]]
LogConfig: Setting CVar [[s.LevelStreamingActorsUpdateTimeLimit:5.0]]
LogConfig: Setting CVar [[s.PriorityLevelStreamingActorsUpdateExtraTime:5.0]]
LogConfig: Setting CVar [[s.LevelStreamingComponentsRegistrationGranularity:10]]
LogConfig: Setting CVar [[s.UnregisterComponentsTimeLimit:1.0]]
LogConfig: Setting CVar [[s.LevelStreamingComponentsUnregistrationGranularity:5]]
LogConfig: Setting CVar [[s.FlushStreamingOnExit:1]]
LogInit: Object subsystem initialized
LogConfig: Setting CVar [[con.DebugEarlyDefault:1]]
LogConfig: Setting CVar [[r.setres:1280x720]]
[2020.09.08-23.02.28:157][  0]LogConfig: Setting CVar [[r.VSync:0]]
[2020.09.08-23.02.28:157][  0]LogConfig: Setting CVar [[r.RHICmdBypass:0]]
[2020.09.08-23.02.28:157][  0]LogConfig: Applying CVar settings from Section [/Script/Engine.RendererSettings] File [C:/Users/Luis/Documents/Unreal/EscapeUpc/Escape/Saved/Config/Windows/Engine.ini]
[2020.09.08-23.02.28:157][  0]LogConfig: Setting CVar [[r.GPUCrashDebugging:0]]
[2020.09.08-23.02.28:157][  0]LogConfig: Applying CVar settings from Section [/Script/Engine.RendererOverrideSettings] File [C:/Users/Luis/Documents/Unreal/EscapeUpc/Escape/Saved/Config/Windows/Engine.ini]
[2020.09.08-23.02.28:157][  0]LogConfig: Applying CVar settings from Section [/Script/Engine.StreamingSettings] File [C:/Users/Luis/Documents/Unreal/EscapeUpc/Escape/Saved/Config/Windows/Engine.ini]
[2020.09.08-23.02.28:157][  0]LogConfig: Setting CVar [[s.MinBulkDataSizeForAsyncLoading:131072]]
[2020.09.08-23.02.28:157][  0]LogConfig: Setting CVar [[s.AsyncLoadingThreadEnabled:0]]
[2020.09.08-23.02.28:157][  0]LogConfig: Setting CVar [[s.EventDrivenLoaderEnabled:1]]
[2020.09.08-23.02.28:157][  0]LogConfig: Setting CVar [[s.WarnIfTimeLimitExceeded:0]]
[2020.09.08-23.02.28:157][  0]LogConfig: Setting CVar [[s.TimeLimitExceededMultiplier:1.5]]
[2020.09.08-23.02.28:157][  0]LogConfig: Setting CVar [[s.TimeLimitExceededMinTime:0.005]]
[2020.09.08-23.02.28:157][  0]LogConfig: Setting CVar [[s.UseBackgroundLevelStreaming:1]]
[2020.09.08-23.02.28:157][  0]LogConfig: Setting CVar [[s.PriorityAsyncLoadingExtraTime:15.0]]
[2020.09.08-23.02.28:157][  0]LogConfig: Setting CVar [[s.LevelStreamingActorsUpdateTimeLimit:5.0]]
[2020.09.08-23.02.28:157][  0]LogConfig: Setting CVar [[s.PriorityLevelStreamingActorsUpdateExtraTime:5.0]]
[2020.09.08-23.02.28:157][  0]LogConfig: Setting CVar [[s.LevelStreamingComponentsRegistrationGranularity:10]]
[2020.09.08-23.02.28:158][  0]LogConfig: Setting CVar [[s.UnregisterComponentsTimeLimit:1.0]]
[2020.09.08-23.02.28:158][  0]LogConfig: Setting CVar [[s.LevelStreamingComponentsUnregistrationGranularity:5]]
[2020.09.08-23.02.28:158][  0]LogConfig: Setting CVar [[s.FlushStreamingOnExit:1]]
[2020.09.08-23.02.28:158][  0]LogConfig: Applying CVar settings from Section [/Script/Engine.GarbageCollectionSettings] File [C:/Users/Luis/Documents/Unreal/EscapeUpc/Escape/Saved/Config/Windows/Engine.ini]
[2020.09.08-23.02.28:158][  0]LogConfig: Setting CVar [[gc.MaxObjectsNotConsideredByGC:1]]
[2020.09.08-23.02.28:158][  0]LogConfig: Setting CVar [[gc.SizeOfPermanentObjectPool:0]]
[2020.09.08-23.02.28:158][  0]LogConfig: Setting CVar [[gc.FlushStreamingOnGC:0]]
[2020.09.08-23.02.28:158][  0]LogConfig: Setting CVar [[gc.NumRetriesBeforeForcingGC:10]]
[2020.09.08-23.02.28:158][  0]LogConfig: Setting CVar [[gc.AllowParallelGC:1]]
[2020.09.08-23.02.28:158][  0]LogConfig: Setting CVar [[gc.TimeBetweenPurgingPendingKillObjects:61.1]]
[2020.09.08-23.02.28:158][  0]LogConfig: Setting CVar [[gc.MaxObjectsInEditor:25165824]]
[2020.09.08-23.02.28:158][  0]LogConfig: Setting CVar [[gc.IncrementalBeginDestroyEnabled:1]]
[2020.09.08-23.02.28:158][  0]LogConfig: Setting CVar [[gc.CreateGCClusters:1]]
[2020.09.08-23.02.28:158][  0]LogConfig: Setting CVar [[gc.MinGCClusterSize:5]]
[2020.09.08-23.02.28:158][  0]LogConfig: Setting CVar [[gc.ActorClusteringEnabled:0]]
[2020.09.08-23.02.28:158][  0]LogConfig: Setting CVar [[gc.BlueprintClusteringEnabled:0]]
[2020.09.08-23.02.28:158][  0]LogConfig: Setting CVar [[gc.UseDisregardForGCOnDedicatedServers:0]]
[2020.09.08-23.02.28:158][  0]LogConfig: Applying CVar settings from Section [/Script/Engine.NetworkSettings] File [C:/Users/Luis/Documents/Unreal/EscapeUpc/Escape/Saved/Config/Windows/Engine.ini]
[2020.09.08-23.02.28:158][  0]LogConfig: Applying CVar settings from Section [/Script/UnrealEd.CookerSettings] File [C:/Users/Luis/Documents/Unreal/EscapeUpc/Escape/Saved/Config/Windows/Engine.ini]
[2020.09.08-23.02.28:166][  0]LogConfig: Applying CVar settings from Section [ViewDistanceQuality@3] File [C:/Users/Luis/Documents/Unreal/EscapeUpc/Escape/Saved/Config/Windows/Scalability.ini]
[2020.09.08-23.02.28:166][  0]LogConfig: Setting CVar [[r.SkeletalMeshLODBias:0]]
[2020.09.08-23.02.28:166][  0]LogConfig: Setting CVar [[r.ViewDistanceScale:1.0]]
[2020.09.08-23.02.28:166][  0]LogConfig: Applying CVar settings from Section [AntiAliasingQuality@3] File [C:/Users/Luis/Documents/Unreal/EscapeUpc/Escape/Saved/Config/Windows/Scalability.ini]
[2020.09.08-23.02.28:166][  0]LogConfig: Setting CVar [[r.PostProcessAAQuality:4]]
[2020.09.08-23.02.28:166][  0]LogConfig: Applying CVar settings from Section [ShadowQuality@3] File [C:/Users/Luis/Documents/Unreal/EscapeUpc/Escape/Saved/Config/Windows/Scalability.ini]
[2020.09.08-23.02.28:166][  0]LogConfig: Setting CVar [[r.LightFunctionQuality:1]]
[2020.09.08-23.02.28:166][  0]LogConfig: Setting CVar [[r.ShadowQuality:5]]
[2020.09.08-23.02.28:167][  0]LogConfig: Setting CVar [[r.Shadow.CSM.MaxCascades:10]]
[2020.09.08-23.02.28:167][  0]LogConfig: Setting CVar [[r.Shadow.MaxResolution:2048]]
[2020.09.08-23.02.28:167][  0]LogConfig: Setting CVar [[r.Shadow.MaxCSMResolution:2048]]
[2020.09.08-23.02.28:167][  0]LogConfig: Setting CVar [[r.Shadow.RadiusThreshold:0.01]]
[2020.09.08-23.02.28:167][  0]LogConfig: Setting CVar [[r.Shadow.DistanceScale:1.0]]
[2020.09.08-23.02.28:167][  0]LogConfig: Setting CVar [[r.Shadow.CSM.TransitionScale:1.0]]
[2020.09.08-23.02.28:167][  0]LogConfig: Setting CVar [[r.Shadow.PreShadowResolutionFactor:1.0]]
[2020.09.08-23.02.28:167][  0]LogConfig: Setting CVar [[r.DistanceFieldShadowing:1]]
[2020.09.08-23.02.28:167][  0]LogConfig: Setting CVar [[r.DistanceFieldAO:1]]
[2020.09.08-23.02.28:167][  0]LogConfig: Setting CVar [[r.AOQuality:2]]
[2020.09.08-23.02.28:167][  0]LogConfig: Setting CVar [[r.VolumetricFog:1]]
[2020.09.08-23.02.28:167][  0]LogConfig: Setting CVar [[r.VolumetricFog.GridPixelSize:8]]
[2020.09.08-23.02.28:167][  0]LogConfig: Setting CVar [[r.VolumetricFog.GridSizeZ:128]]
[2020.09.08-23.02.28:167][  0]LogConfig: Setting CVar [[r.VolumetricFog.HistoryMissSupersampleCount:4]]
[2020.09.08-23.02.28:167][  0]LogConfig: Setting CVar [[r.LightMaxDrawDistanceScale:1]]
[2020.09.08-23.02.28:167][  0]LogConfig: Setting CVar [[r.CapsuleShadows:1]]
[2020.09.08-23.02.28:167][  0]LogConfig: Applying CVar settings from Section [PostProcessQuality@3] File [C:/Users/Luis/Documents/Unreal/EscapeUpc/Escape/Saved/Config/Windows/Scalability.ini]
[2020.09.08-23.02.28:167][  0]LogConfig: Setting CVar [[r.MotionBlurQuality:4]]
[2020.09.08-23.02.28:167][  0]LogConfig: Setting CVar [[r.AmbientOcclusionMipLevelFactor:0.4]]
[2020.09.08-23.02.28:167][  0]LogConfig: Setting CVar [[r.AmbientOcclusionMaxQuality:100]]
[2020.09.08-23.02.28:167][  0]LogConfig: Setting CVar [[r.AmbientOcclusionLevels:-1]]
[2020.09.08-23.02.28:167][  0]LogConfig: Setting CVar [[r.AmbientOcclusionRadiusScale:1.0]]
[2020.09.08-23.02.28:168][  0]LogConfig: Setting CVar [[r.DepthOfFieldQuality:2]]
[2020.09.08-23.02.28:168][  0]LogConfig: Setting CVar [[r.RenderTargetPoolMin:400]]
[2020.09.08-23.02.28:168][  0]LogConfig: Setting CVar [[r.LensFlareQuality:2]]
[2020.09.08-23.02.28:168][  0]LogConfig: Setting CVar [[r.SceneColorFringeQuality:1]]
[2020.09.08-23.02.28:168][  0]LogConfig: Setting CVar [[r.EyeAdaptationQuality:2]]
[2020.09.08-23.02.28:168][  0]LogConfig: Setting CVar [[r.BloomQuality:5]]
[2020.09.08-23.02.28:168][  0]LogConfig: Setting CVar [[r.FastBlurThreshold:100]]
[2020.09.08-23.02.28:168][  0]LogConfig: Setting CVar [[r.Upscale.Quality:3]]
[2020.09.08-23.02.28:168][  0]LogConfig: Setting CVar [[r.Tonemapper.GrainQuantization:1]]
[2020.09.08-23.02.28:168][  0]LogConfig: Setting CVar [[r.LightShaftQuality:1]]
[2020.09.08-23.02.28:168][  0]LogConfig: Setting CVar [[r.Filter.SizeScale:1]]
[2020.09.08-23.02.28:168][  0]LogConfig: Setting CVar [[r.Tonemapper.Quality:5]]
[2020.09.08-23.02.28:168][  0]LogConfig: Setting CVar [[r.DOF.Gather.AccumulatorQuality:1        ; higher gathering accumulator quality]]
[2020.09.08-23.02.28:168][  0]LogConfig: Setting CVar [[r.DOF.Gather.PostfilterMethod:1          ; Median3x3 postfilering method]]
[2020.09.08-23.02.28:168][  0]LogConfig: Setting CVar [[r.DOF.Gather.EnableBokehSettings:0       ; no bokeh simulation when gathering]]
[2020.09.08-23.02.28:168][  0]LogConfig: Setting CVar [[r.DOF.Gather.RingCount:4                 ; medium number of samples when gathering]]
[2020.09.08-23.02.28:168][  0]LogConfig: Setting CVar [[r.DOF.Scatter.ForegroundCompositing:1    ; additive foreground scattering]]
[2020.09.08-23.02.28:168][  0]LogConfig: Setting CVar [[r.DOF.Scatter.BackgroundCompositing:2    ; additive background scattering]]
[2020.09.08-23.02.28:168][  0]LogConfig: Setting CVar [[r.DOF.Scatter.EnableBokehSettings:1      ; bokeh simulation when scattering]]
[2020.09.08-23.02.28:168][  0]LogConfig: Setting CVar [[r.DOF.Scatter.MaxSpriteRatio:0.1         ; only a maximum of 10% of scattered bokeh]]
[2020.09.08-23.02.28:168][  0]LogConfig: Setting CVar [[r.DOF.Recombine.Quality:1                ; cheap slight out of focus]]
[2020.09.08-23.02.28:169][  0]LogConfig: Setting CVar [[r.DOF.Recombine.EnableBokehSettings:0    ; no bokeh simulation on slight out of focus]]
[2020.09.08-23.02.28:169][  0]LogConfig: Setting CVar [[r.DOF.TemporalAAQuality:1                ; more stable temporal accumulation]]
[2020.09.08-23.02.28:169][  0]LogConfig: Setting CVar [[r.DOF.Kernel.MaxForegroundRadius:0.025]]
[2020.09.08-23.02.28:169][  0]LogConfig: Setting CVar [[r.DOF.Kernel.MaxBackgroundRadius:0.025]]
[2020.09.08-23.02.28:169][  0]LogConfig: Applying CVar settings from Section [TextureQuality@3] File [C:/Users/Luis/Documents/Unreal/EscapeUpc/Escape/Saved/Config/Windows/Scalability.ini]
[2020.09.08-23.02.28:169][  0]LogConfig: Setting CVar [[r.Streaming.MipBias:0]]
[2020.09.08-23.02.28:169][  0]LogConfig: Setting CVar [[r.Streaming.AmortizeCPUToGPUCopy:0]]
[2020.09.08-23.02.28:169][  0]LogConfig: Setting CVar [[r.Streaming.MaxNumTexturesToStreamPerFrame:0]]
[2020.09.08-23.02.28:169][  0]LogConfig: Setting CVar [[r.Streaming.Boost:1]]
[2020.09.08-23.02.28:169][  0]LogConfig: Setting CVar [[r.MaxAnisotropy:8]]
[2020.09.08-23.02.28:169][  0]LogConfig: Setting CVar [[r.VT.MaxAnisotropy:8]]
[2020.09.08-23.02.28:169][  0]LogConfig: Setting CVar [[r.Streaming.LimitPoolSizeToVRAM:0]]
[2020.09.08-23.02.28:169][  0]LogConfig: Setting CVar [[r.Streaming.PoolSize:1000]]
[2020.09.08-23.02.28:169][  0]LogConfig: Setting CVar [[r.Streaming.MaxEffectiveScreenSize:0]]
[2020.09.08-23.02.28:169][  0]LogConfig: Applying CVar settings from Section [EffectsQuality@3] File [C:/Users/Luis/Documents/Unreal/EscapeUpc/Escape/Saved/Config/Windows/Scalability.ini]
[2020.09.08-23.02.28:169][  0]LogConfig: Setting CVar [[r.TranslucencyLightingVolumeDim:64]]
[2020.09.08-23.02.28:169][  0]LogConfig: Setting CVar [[r.RefractionQuality:2]]
[2020.09.08-23.02.28:169][  0]LogConfig: Setting CVar [[r.SSR.Quality:3]]
[2020.09.08-23.02.28:169][  0]LogConfig: Setting CVar [[r.SSR.HalfResSceneColor:0]]
[2020.09.08-23.02.28:169][  0]LogConfig: Setting CVar [[r.SceneColorFormat:4]]
[2020.09.08-23.02.28:169][  0]LogConfig: Setting CVar [[r.DetailMode:2]]
[2020.09.08-23.02.28:169][  0]LogConfig: Setting CVar [[r.TranslucencyVolumeBlur:1]]
[2020.09.08-23.02.28:169][  0]LogConfig: Setting CVar [[r.MaterialQualityLevel:1 ; High quality]]
[2020.09.08-23.02.28:169][  0]LogConfig: Setting CVar [[r.SSS.Scale:1]]
[2020.09.08-23.02.28:169][  0]LogConfig: Setting CVar [[r.SSS.SampleSet:2]]
[2020.09.08-23.02.28:169][  0]LogConfig: Setting CVar [[r.SSS.Quality:1]]
[2020.09.08-23.02.28:169][  0]LogConfig: Setting CVar [[r.SSS.HalfRes:0]]
[2020.09.08-23.02.28:170][  0]LogConfig: Setting CVar [[r.SSGI.Quality:3]]
[2020.09.08-23.02.28:170][  0]LogConfig: Setting CVar [[r.EmitterSpawnRateScale:1.0]]
[2020.09.08-23.02.28:170][  0]LogConfig: Setting CVar [[r.ParticleLightQuality:2]]
[2020.09.08-23.02.28:170][  0]LogConfig: Setting CVar [[r.SkyAtmosphere.AerialPerspectiveLUT.FastApplyOnOpaque:1 ; Always have FastSkyLUT 1 in this case to avoid wrong sky]]
[2020.09.08-23.02.28:170][  0]LogConfig: Setting CVar [[r.SkyAtmosphere.AerialPerspectiveLUT.SampleCountPerSlice:1]]
[2020.09.08-23.02.28:170][  0]LogConfig: Setting CVar [[r.SkyAtmosphere.AerialPerspectiveLUT.DepthResolution:16.0]]
[2020.09.08-23.02.28:170][  0]LogConfig: Setting CVar [[r.SkyAtmosphere.FastSkyLUT:1]]
[2020.09.08-23.02.28:170][  0]LogConfig: Setting CVar [[r.SkyAtmosphere.FastSkyLUT.SampleCountMin:4.0]]
[2020.09.08-23.02.28:170][  0]LogConfig: Setting CVar [[r.SkyAtmosphere.FastSkyLUT.SampleCountMax:32.0]]
[2020.09.08-23.02.28:170][  0]LogConfig: Setting CVar [[r.SkyAtmosphere.SampleCountMin:4.0]]
[2020.09.08-23.02.28:170][  0]LogConfig: Setting CVar [[r.SkyAtmosphere.SampleCountMax:32.0]]
[2020.09.08-23.02.28:170][  0]LogConfig: Setting CVar [[r.SkyAtmosphere.TransmittanceLUT.UseSmallFormat:0]]
[2020.09.08-23.02.28:170][  0]LogConfig: Setting CVar [[r.SkyAtmosphere.TransmittanceLUT.SampleCount:10.0]]
[2020.09.08-23.02.28:170][  0]LogConfig: Setting CVar [[r.SkyAtmosphere.MultiScatteringLUT.SampleCount:15.0]]
[2020.09.08-23.02.28:170][  0]LogConfig: Applying CVar settings from Section [FoliageQuality@3] File [C:/Users/Luis/Documents/Unreal/EscapeUpc/Escape/Saved/Config/Windows/Scalability.ini]
[2020.09.08-23.02.28:170][  0]LogConfig: Setting CVar [[foliage.DensityScale:1.0]]
[2020.09.08-23.02.28:170][  0]LogConfig: Setting CVar [[grass.DensityScale:1.0]]
[2020.09.08-23.02.28:170][  0]LogConfig: Applying CVar settings from Section [ShadingQuality@3] File [C:/Users/Luis/Documents/Unreal/EscapeUpc/Escape/Saved/Config/Windows/Scalability.ini]
[2020.09.08-23.02.28:170][  0]LogConfig: Setting CVar [[r.HairStrands.SkyLighting.SampleCount:16]]
[2020.09.08-23.02.28:170][  0]LogConfig: Setting CVar [[r.HairStrands.SkyLighting.JitterIntegration:0]]
[2020.09.08-23.02.28:170][  0]LogConfig: Setting CVar [[r.HairStrands.SkyAO.SampleCount:16]]
[2020.09.08-23.02.28:170][  0]LogConfig: Setting CVar [[r.HairStrands.DeepShadow.SuperSampling:0]]
[2020.09.08-23.02.28:170][  0]LogConfig: Setting CVar [[r.HairStrands.VisibilityPPLL:0]]
[2020.09.08-23.02.28:170][  0]LogConfig: Setting CVar [[r.HairStrands.RasterizationScale:0.5]]
[2020.09.08-23.02.28:170][  0]LogConfig: Setting CVar [[r.HairStrands.VelocityRasterizationScale:1]]
[2020.09.08-23.02.28:170][  0]LogInit: Selected Device Profile: [Windows]
[2020.09.08-23.02.28:170][  0]LogInit: Applying CVar settings loaded from the selected device profile: [Windows]
[2020.09.08-23.02.28:171][  0]LogHAL: Display: Platform has ~ 8 GB [8467406848 / 8589934592 / 8], which maps to Default [LargestMinGB=32, LargerMinGB=12, DefaultMinGB=8, SmallerMinGB=6, SmallestMinGB=0)
[2020.09.08-23.02.28:171][  0]LogInit: Going up to parent DeviceProfile []
[2020.09.08-23.02.28:171][  0]LogConfig: Applying CVar settings from Section [ViewDistanceQuality@3] File [C:/Users/Luis/Documents/Unreal/EscapeUpc/Escape/Saved/Config/Windows/Scalability.ini]
[2020.09.08-23.02.28:171][  0]LogConfig: Setting CVar [[r.SkeletalMeshLODBias:0]]
[2020.09.08-23.02.28:171][  0]LogConfig: Setting CVar [[r.ViewDistanceScale:1.0]]
[2020.09.08-23.02.28:171][  0]LogConfig: Applying CVar settings from Section [AntiAliasingQuality@3] File [C:/Users/Luis/Documents/Unreal/EscapeUpc/Escape/Saved/Config/Windows/Scalability.ini]
[2020.09.08-23.02.28:171][  0]LogConfig: Setting CVar [[r.PostProcessAAQuality:4]]
[2020.09.08-23.02.28:171][  0]LogConfig: Applying CVar settings from Section [ShadowQuality@3] File [C:/Users/Luis/Documents/Unreal/EscapeUpc/Escape/Saved/Config/Windows/Scalability.ini]
[2020.09.08-23.02.28:171][  0]LogConfig: Setting CVar [[r.LightFunctionQuality:1]]
[2020.09.08-23.02.28:171][  0]LogConfig: Setting CVar [[r.ShadowQuality:5]]
[2020.09.08-23.02.28:171][  0]LogConfig: Setting CVar [[r.Shadow.CSM.MaxCascades:10]]
[2020.09.08-23.02.28:171][  0]LogConfig: Setting CVar [[r.Shadow.MaxResolution:2048]]
[2020.09.08-23.02.28:171][  0]LogConfig: Setting CVar [[r.Shadow.MaxCSMResolution:2048]]
[2020.09.08-23.02.28:171][  0]LogConfig: Setting CVar [[r.Shadow.RadiusThreshold:0.01]]
[2020.09.08-23.02.28:171][  0]LogConfig: Setting CVar [[r.Shadow.DistanceScale:1.0]]
[2020.09.08-23.02.28:171][  0]LogConfig: Setting CVar [[r.Shadow.CSM.TransitionScale:1.0]]
[2020.09.08-23.02.28:171][  0]LogConfig: Setting CVar [[r.Shadow.PreShadowResolutionFactor:1.0]]
[2020.09.08-23.02.28:171][  0]LogConfig: Setting CVar [[r.DistanceFieldShadowing:1]]
[2020.09.08-23.02.28:171][  0]LogConfig: Setting CVar [[r.DistanceFieldAO:1]]
[2020.09.08-23.02.28:171][  0]LogConfig: Setting CVar [[r.AOQuality:2]]
[2020.09.08-23.02.28:171][  0]LogConfig: Setting CVar [[r.VolumetricFog:1]]
[2020.09.08-23.02.28:171][  0]LogConfig: Setting CVar [[r.VolumetricFog.GridPixelSize:8]]
[2020.09.08-23.02.28:171][  0]LogConfig: Setting CVar [[r.VolumetricFog.GridSizeZ:128]]
[2020.09.08-23.02.28:171][  0]LogConfig: Setting CVar [[r.VolumetricFog.HistoryMissSupersampleCount:4]]
[2020.09.08-23.02.28:171][  0]LogConfig: Setting CVar [[r.LightMaxDrawDistanceScale:1]]
[2020.09.08-23.02.28:171][  0]LogConfig: Setting CVar [[r.CapsuleShadows:1]]
[2020.09.08-23.02.28:171][  0]LogConfig: Applying CVar settings from Section [PostProcessQuality@3] File [C:/Users/Luis/Documents/Unreal/EscapeUpc/Escape/Saved/Config/Windows/Scalability.ini]
[2020.09.08-23.02.28:172][  0]LogConfig: Setting CVar [[r.MotionBlurQuality:4]]
[2020.09.08-23.02.28:172][  0]LogConfig: Setting CVar [[r.AmbientOcclusionMipLevelFactor:0.4]]
[2020.09.08-23.02.28:172][  0]LogConfig: Setting CVar [[r.AmbientOcclusionMaxQuality:100]]
[2020.09.08-23.02.28:172][  0]LogConfig: Setting CVar [[r.AmbientOcclusionLevels:-1]]
[2020.09.08-23.02.28:172][  0]LogConfig: Setting CVar [[r.AmbientOcclusionRadiusScale:1.0]]
[2020.09.08-23.02.28:172][  0]LogConfig: Setting CVar [[r.DepthOfFieldQuality:2]]
[2020.09.08-23.02.28:172][  0]LogConfig: Setting CVar [[r.RenderTargetPoolMin:400]]
[2020.09.08-23.02.28:172][  0]LogConfig: Setting CVar [[r.LensFlareQuality:2]]
[2020.09.08-23.02.28:172][  0]LogConfig: Setting CVar [[r.SceneColorFringeQuality:1]]
[2020.09.08-23.02.28:172][  0]LogConfig: Setting CVar [[r.EyeAdaptationQuality:2]]
[2020.09.08-23.02.28:172][  0]LogConfig: Setting CVar [[r.BloomQuality:5]]
[2020.09.08-23.02.28:172][  0]LogConfig: Setting CVar [[r.FastBlurThreshold:100]]
[2020.09.08-23.02.28:172][  0]LogConfig: Setting CVar [[r.Upscale.Quality:3]]
[2020.09.08-23.02.28:172][  0]LogConfig: Setting CVar [[r.Tonemapper.GrainQuantization:1]]
[2020.09.08-23.02.28:172][  0]LogConfig: Setting CVar [[r.LightShaftQuality:1]]
[2020.09.08-23.02.28:172][  0]LogConfig: Setting CVar [[r.Filter.SizeScale:1]]
[2020.09.08-23.02.28:172][  0]LogConfig: Setting CVar [[r.Tonemapper.Quality:5]]
[2020.09.08-23.02.28:172][  0]LogConfig: Setting CVar [[r.DOF.Gather.AccumulatorQuality:1        ; higher gathering accumulator quality]]
[2020.09.08-23.02.28:172][  0]LogConfig: Setting CVar [[r.DOF.Gather.PostfilterMethod:1          ; Median3x3 postfilering method]]
[2020.09.08-23.02.28:173][  0]LogConfig: Setting CVar [[r.DOF.Gather.EnableBokehSettings:0       ; no bokeh simulation when gathering]]
[2020.09.08-23.02.28:173][  0]LogConfig: Setting CVar [[r.DOF.Gather.RingCount:4                 ; medium number of samples when gathering]]
[2020.09.08-23.02.28:173][  0]LogConfig: Setting CVar [[r.DOF.Scatter.ForegroundCompositing:1    ; additive foreground scattering]]
[2020.09.08-23.02.28:173][  0]LogConfig: Setting CVar [[r.DOF.Scatter.BackgroundCompositing:2    ; additive background scattering]]
[2020.09.08-23.02.28:173][  0]LogConfig: Setting CVar [[r.DOF.Scatter.EnableBokehSettings:1      ; bokeh simulation when scattering]]
[2020.09.08-23.02.28:173][  0]LogConfig: Setting CVar [[r.DOF.Scatter.MaxSpriteRatio:0.1         ; only a maximum of 10% of scattered bokeh]]
[2020.09.08-23.02.28:173][  0]LogConfig: Setting CVar [[r.DOF.Recombine.Quality:1                ; cheap slight out of focus]]
[2020.09.08-23.02.28:173][  0]LogConfig: Setting CVar [[r.DOF.Recombine.EnableBokehSettings:0    ; no bokeh simulation on slight out of focus]]
[2020.09.08-23.02.28:173][  0]LogConfig: Setting CVar [[r.DOF.TemporalAAQuality:1                ; more stable temporal accumulation]]
[2020.09.08-23.02.28:173][  0]LogConfig: Setting CVar [[r.DOF.Kernel.MaxForegroundRadius:0.025]]
[2020.09.08-23.02.28:173][  0]LogConfig: Setting CVar [[r.DOF.Kernel.MaxBackgroundRadius:0.025]]
[2020.09.08-23.02.28:173][  0]LogConfig: Applying CVar settings from Section [TextureQuality@3] File [C:/Users/Luis/Documents/Unreal/EscapeUpc/Escape/Saved/Config/Windows/Scalability.ini]
[2020.09.08-23.02.28:173][  0]LogConfig: Setting CVar [[r.Streaming.MipBias:0]]
[2020.09.08-23.02.28:173][  0]LogConfig: Setting CVar [[r.Streaming.AmortizeCPUToGPUCopy:0]]
[2020.09.08-23.02.28:173][  0]LogConfig: Setting CVar [[r.Streaming.MaxNumTexturesToStreamPerFrame:0]]
[2020.09.08-23.02.28:173][  0]LogConfig: Setting CVar [[r.Streaming.Boost:1]]
[2020.09.08-23.02.28:173][  0]LogConfig: Setting CVar [[r.MaxAnisotropy:8]]
[2020.09.08-23.02.28:173][  0]LogConfig: Setting CVar [[r.VT.MaxAnisotropy:8]]
[2020.09.08-23.02.28:173][  0]LogConfig: Setting CVar [[r.Streaming.LimitPoolSizeToVRAM:0]]
[2020.09.08-23.02.28:173][  0]LogConfig: Setting CVar [[r.Streaming.PoolSize:1000]]
[2020.09.08-23.02.28:173][  0]LogConfig: Setting CVar [[r.Streaming.MaxEffectiveScreenSize:0]]
[2020.09.08-23.02.28:173][  0]LogConfig: Applying CVar settings from Section [EffectsQuality@3] File [C:/Users/Luis/Documents/Unreal/EscapeUpc/Escape/Saved/Config/Windows/Scalability.ini]
[2020.09.08-23.02.28:173][  0]LogConfig: Setting CVar [[r.TranslucencyLightingVolumeDim:64]]
[2020.09.08-23.02.28:174][  0]LogConfig: Setting CVar [[r.RefractionQuality:2]]
[2020.09.08-23.02.28:174][  0]LogConfig: Setting CVar [[r.SSR.Quality:3]]
[2020.09.08-23.02.28:174][  0]LogConfig: Setting CVar [[r.SSR.HalfResSceneColor:0]]
[2020.09.08-23.02.28:174][  0]LogConfig: Setting CVar [[r.SceneColorFormat:4]]
[2020.09.08-23.02.28:174][  0]LogConfig: Setting CVar [[r.DetailMode:2]]
[2020.09.08-23.02.28:174][  0]LogConfig: Setting CVar [[r.TranslucencyVolumeBlur:1]]
[2020.09.08-23.02.28:174][  0]LogConfig: Setting CVar [[r.MaterialQualityLevel:1 ; High quality]]
[2020.09.08-23.02.28:174][  0]LogConfig: Setting CVar [[r.SSS.Scale:1]]
[2020.09.08-23.02.28:174][  0]LogConfig: Setting CVar [[r.SSS.SampleSet:2]]
[2020.09.08-23.02.28:174][  0]LogConfig: Setting CVar [[r.SSS.Quality:1]]
[2020.09.08-23.02.28:174][  0]LogConfig: Setting CVar [[r.SSS.HalfRes:0]]
[2020.09.08-23.02.28:174][  0]LogConfig: Setting CVar [[r.SSGI.Quality:3]]
[2020.09.08-23.02.28:174][  0]LogConfig: Setting CVar [[r.EmitterSpawnRateScale:1.0]]
[2020.09.08-23.02.28:174][  0]LogConfig: Setting CVar [[r.ParticleLightQuality:2]]
[2020.09.08-23.02.28:174][  0]LogConfig: Setting CVar [[r.SkyAtmosphere.AerialPerspectiveLUT.FastApplyOnOpaque:1 ; Always have FastSkyLUT 1 in this case to avoid wrong sky]]
[2020.09.08-23.02.28:174][  0]LogConfig: Setting CVar [[r.SkyAtmosphere.AerialPerspectiveLUT.SampleCountPerSlice:1]]
[2020.09.08-23.02.28:174][  0]LogConfig: Setting CVar [[r.SkyAtmosphere.AerialPerspectiveLUT.DepthResolution:16.0]]
[2020.09.08-23.02.28:174][  0]LogConfig: Setting CVar [[r.SkyAtmosphere.FastSkyLUT:1]]
[2020.09.08-23.02.28:174][  0]LogConfig: Setting CVar [[r.SkyAtmosphere.FastSkyLUT.SampleCountMin:4.0]]
[2020.09.08-23.02.28:174][  0]LogConfig: Setting CVar [[r.SkyAtmosphere.FastSkyLUT.SampleCountMax:32.0]]
[2020.09.08-23.02.28:174][  0]LogConfig: Setting CVar [[r.SkyAtmosphere.SampleCountMin:4.0]]
[2020.09.08-23.02.28:174][  0]LogConfig: Setting CVar [[r.SkyAtmosphere.SampleCountMax:32.0]]
[2020.09.08-23.02.28:175][  0]LogConfig: Setting CVar [[r.SkyAtmosphere.TransmittanceLUT.UseSmallFormat:0]]
[2020.09.08-23.02.28:175][  0]LogConfig: Setting CVar [[r.SkyAtmosphere.TransmittanceLUT.SampleCount:10.0]]
[2020.09.08-23.02.28:175][  0]LogConfig: Setting CVar [[r.SkyAtmosphere.MultiScatteringLUT.SampleCount:15.0]]
[2020.09.08-23.02.28:175][  0]LogConfig: Applying CVar settings from Section [FoliageQuality@3] File [C:/Users/Luis/Documents/Unreal/EscapeUpc/Escape/Saved/Config/Windows/Scalability.ini]
[2020.09.08-23.02.28:175][  0]LogConfig: Setting CVar [[foliage.DensityScale:1.0]]
[2020.09.08-23.02.28:175][  0]LogConfig: Setting CVar [[grass.DensityScale:1.0]]
[2020.09.08-23.02.28:175][  0]LogConfig: Applying CVar settings from Section [ShadingQuality@3] File [C:/Users/Luis/Documents/Unreal/EscapeUpc/Escape/Saved/Config/Windows/Scalability.ini]
[2020.09.08-23.02.28:175][  0]LogConfig: Setting CVar [[r.HairStrands.SkyLighting.SampleCount:16]]
[2020.09.08-23.02.28:175][  0]LogConfig: Setting CVar [[r.HairStrands.SkyLighting.JitterIntegration:0]]
[2020.09.08-23.02.28:175][  0]LogConfig: Setting CVar [[r.HairStrands.SkyAO.SampleCount:16]]
[2020.09.08-23.02.28:175][  0]LogConfig: Setting CVar [[r.HairStrands.DeepShadow.SuperSampling:0]]
[2020.09.08-23.02.28:175][  0]LogConfig: Setting CVar [[r.HairStrands.VisibilityPPLL:0]]
[2020.09.08-23.02.28:175][  0]LogConfig: Setting CVar [[r.HairStrands.RasterizationScale:0.5]]
[2020.09.08-23.02.28:175][  0]LogConfig: Setting CVar [[r.HairStrands.VelocityRasterizationScale:1]]
[2020.09.08-23.02.28:175][  0]LogConfig: Applying CVar settings from Section [Startup] File [../../../Engine/Config/ConsoleVariables.ini]
[2020.09.08-23.02.28:176][  0]LogConfig: Setting CVar [[net.UseAdaptiveNetUpdateFrequency:0]]
[2020.09.08-23.02.28:176][  0]LogConfig: Setting CVar [[p.chaos.AllowCreatePhysxBodies:1]]
[2020.09.08-23.02.28:176][  0]LogConfig: Setting CVar [[fx.SkipVectorVMBackendOptimizations:1]]
[2020.09.08-23.02.28:176][  0]LogConfig: Applying CVar settings from Section [ConsoleVariables] File [C:/Users/Luis/Documents/Unreal/EscapeUpc/Escape/Saved/Config/Windows/Engine.ini]
[2020.09.08-23.02.28:176][  0]LogInit: Computer: LAPTOP-V06GLCB1
[2020.09.08-23.02.28:176][  0]LogInit: User: Luis
[2020.09.08-23.02.28:177][  0]LogInit: CPU Page size=4096, Cores=2
[2020.09.08-23.02.28:177][  0]LogInit: High frequency timer resolution =10.000000 MHz
[2020.09.08-23.02.28:177][  0]LogMemory: Memory total: Physical=7.9GB (8GB approx)
[2020.09.08-23.02.28:177][  0]LogMemory: Platform Memory Stats for Windows
[2020.09.08-23.02.28:177][  0]LogMemory: Process Physical Memory: 112.76 MB used, 112.76 MB peak
[2020.09.08-23.02.28:177][  0]LogMemory: Process Virtual Memory: 94.94 MB used, 94.95 MB peak
[2020.09.08-23.02.28:177][  0]LogMemory: Physical Memory: 6598.49 MB used,  1476.66 MB free, 8075.15 MB total
[2020.09.08-23.02.28:177][  0]LogMemory: Virtual Memory: 5088.37 MB used,  134212640.00 MB free, 134217728.00 MB total
[2020.09.08-23.02.28:187][  0]LogWindows: WindowsPlatformFeatures enabled
[2020.09.08-23.02.28:263][  0]LogInit: Physics initialised using underlying interface: PhysX
[2020.09.08-23.02.28:265][  0]LogInit: Using OS detected language (en-US).
[2020.09.08-23.02.28:265][  0]LogInit: Using OS detected locale (es-PE).
[2020.09.08-23.02.28:273][  0]LogTextLocalizationManager: No specific localization for 'en-US' exists, so the 'en' localization will be used.
[2020.09.08-23.02.28:692][  0]LogInit: Setting process to per monitor DPI aware
[2020.09.08-23.02.28:765][  0]LogSlate: New Slate User Created.  User Index 0, Is Virtual User: 0
[2020.09.08-23.02.28:766][  0]LogSlate: Slate User Registered.  User Index 0, Is Virtual User: 0
[2020.09.08-23.02.29:228][  0]LogHMD: Failed to initialize OpenVR with code 110
[2020.09.08-23.02.29:228][  0]LogD3D11RHI: D3D11 min allowed feature level: 11_0
[2020.09.08-23.02.29:228][  0]LogD3D11RHI: D3D11 max allowed feature level: 11_0
[2020.09.08-23.02.29:228][  0]LogD3D11RHI: D3D11 adapters:
[2020.09.08-23.02.29:324][  0]LogD3D11RHI:    0. 'Intel(R) HD Graphics 520' (Feature Level 11_0)
[2020.09.08-23.02.29:324][  0]LogD3D11RHI:       128/0/4037 MB DedicatedVideo/DedicatedSystem/SharedSystem, Outputs:2, VendorId:0x8086
[2020.09.08-23.02.29:332][  0]LogD3D11RHI:    1. 'Microsoft Basic Render Driver' (Feature Level 11_0)
[2020.09.08-23.02.29:332][  0]LogD3D11RHI:       0/0/4037 MB DedicatedVideo/DedicatedSystem/SharedSystem, Outputs:0, VendorId:0x1414
[2020.09.08-23.02.29:332][  0]LogD3D11RHI: Chosen D3D11 Adapter: 0
[2020.09.08-23.02.29:343][  0]LogD3D11RHI: Creating new Direct3DDevice
[2020.09.08-23.02.29:344][  0]LogD3D11RHI:     GPU DeviceId: 0x1916 (for the marketing name, search the web for "GPU Device Id")
[2020.09.08-23.02.29:344][  0]LogWindows: EnumDisplayDevices:
[2020.09.08-23.02.29:344][  0]LogWindows:    0. 'Intel(R) HD Graphics 520' (P:1 D:1)
[2020.09.08-23.02.29:345][  0]LogWindows:    1. 'Intel(R) HD Graphics 520' (P:0 D:1)
[2020.09.08-23.02.29:345][  0]LogWindows:    2. 'Intel(R) HD Graphics 520' (P:0 D:0)
[2020.09.08-23.02.29:345][  0]LogWindows: DebugString: FoundDriverCount:3 
[2020.09.08-23.02.29:346][  0]LogD3D11RHI:     Adapter Name: Intel(R) HD Graphics 520
[2020.09.08-23.02.29:346][  0]LogD3D11RHI:   Driver Version: 26.20.100.7812 (internal:26.20.100.7812, unified:26.20.100.7812)
[2020.09.08-23.02.29:346][  0]LogD3D11RHI:      Driver Date: 1-21-2020
[2020.09.08-23.02.29:346][  0]LogRHI: Texture pool is 1502 MB (70% of 2146 MB)
[2020.09.08-23.02.29:446][  0]LogD3D11RHI: RHI does not have support for 64 bit atomics
[2020.09.08-23.02.29:447][  0]LogD3D11RHI: [IntelMetricsDiscovery] Started
[2020.09.08-23.02.29:447][  0]LogD3D11RHI: Async texture creation enabled
[2020.09.08-23.02.29:447][  0]LogD3D11RHI: Array index from any shader is supported
[2020.09.08-23.02.29:459][  0]LogD3D11RHI: GPU Timing Frequency: 12.000048 (Debug: 2 0)
[2020.09.08-23.02.30:584][  0]LogTargetPlatformManager: Display: Loaded TargetPlatform 'AllDesktop'
[2020.09.08-23.02.30:633][  0]LogTargetPlatformManager: Display: Loaded TargetPlatform 'Android'
[2020.09.08-23.02.30:633][  0]LogTargetPlatformManager: Display: Loaded TargetPlatform 'Android_ASTC'
[2020.09.08-23.02.30:633][  0]LogTargetPlatformManager: Display: Loaded TargetPlatform 'Android_DXT'
[2020.09.08-23.02.30:633][  0]LogTargetPlatformManager: Display: Loaded TargetPlatform 'Android_ETC2'
[2020.09.08-23.02.30:633][  0]LogTargetPlatformManager: Display: Loaded TargetPlatform 'AndroidClient'
[2020.09.08-23.02.30:633][  0]LogTargetPlatformManager: Display: Loaded TargetPlatform 'Android_ASTCClient'
[2020.09.08-23.02.30:634][  0]LogTargetPlatformManager: Display: Loaded TargetPlatform 'Android_DXTClient'
[2020.09.08-23.02.30:634][  0]LogTargetPlatformManager: Display: Loaded TargetPlatform 'Android_ETC2Client'
[2020.09.08-23.02.30:634][  0]LogTargetPlatformManager: Display: Loaded TargetPlatform 'Android_Multi'
[2020.09.08-23.02.30:634][  0]LogTargetPlatformManager: Display: Loaded TargetPlatform 'Android_MultiClient'
[2020.09.08-23.02.30:687][  0]LogTargetPlatformManager: Display: Loaded TargetPlatform 'IOSClient'
[2020.09.08-23.02.30:687][  0]LogTargetPlatformManager: Display: Loaded TargetPlatform 'IOS'
[2020.09.08-23.02.30:710][  0]LogTargetPlatformManager: Display: Loaded TargetPlatform 'Linux'
[2020.09.08-23.02.30:730][  0]LogTargetPlatformManager: Display: Loaded TargetPlatform 'LinuxNoEditor'
[2020.09.08-23.02.30:753][  0]LogTargetPlatformManager: Display: Loaded TargetPlatform 'LinuxClient'
[2020.09.08-23.02.30:774][  0]LogTargetPlatformManager: Display: Loaded TargetPlatform 'LinuxServer'
[2020.09.08-23.02.30:793][  0]LogTargetPlatformManager: Display: Loaded TargetPlatform 'LinuxAArch64NoEditor'
[2020.09.08-23.02.30:814][  0]LogTargetPlatformManager: Display: Loaded TargetPlatform 'LinuxAArch64Client'
[2020.09.08-23.02.30:835][  0]LogTargetPlatformManager: Display: Loaded TargetPlatform 'LinuxAArch64Server'
[2020.09.08-23.02.30:897][  0]LogTargetPlatformManager: Display: Loaded TargetPlatform 'Lumin'
[2020.09.08-23.02.30:897][  0]LogTargetPlatformManager: Display: Loaded TargetPlatform 'LuminClient'
[2020.09.08-23.02.30:932][  0]LogTargetPlatformManager: Display: Loaded TargetPlatform 'TVOSClient'
[2020.09.08-23.02.30:932][  0]LogTargetPlatformManager: Display: Loaded TargetPlatform 'TVOS'
[2020.09.08-23.02.30:952][  0]LogTargetPlatformManager: Display: Loaded TargetPlatform 'WindowsNoEditor'
[2020.09.08-23.02.30:974][  0]LogTargetPlatformManager: Display: Loaded TargetPlatform 'Windows'
[2020.09.08-23.02.30:996][  0]LogTargetPlatformManager: Display: Loaded TargetPlatform 'WindowsClient'
[2020.09.08-23.02.31:015][  0]LogTargetPlatformManager: Display: Loaded TargetPlatform 'WindowsServer'
[2020.09.08-23.02.31:015][  0]LogTargetPlatformManager: Display: Building Assets For Windows
[2020.09.08-23.02.31:037][  0]LogAudioDebug: Display: Lib vorbis DLL was dynamically loaded.
[2020.09.08-23.02.31:184][  0]LogShaderCompilers: Guid format shader working directory is -18 characters bigger than the processId version (../../../../../../Users/Luis/Documents/Unreal/EscapeUpc/Escape/Intermediate/Shaders/WorkingDirectory/10788/).
[2020.09.08-23.02.31:184][  0]LogShaderCompilers: Cleaned the shader compiler working directory 'C:/Users/Luis/AppData/Local/Temp/UnrealShaderWorkingDir/4AA446A1444339A9E080868687216BE1/'.
[2020.09.08-23.02.31:186][  0]LogXGEController: Cannot use XGE Controller as Incredibuild is not installed on this machine.
[2020.09.08-23.02.31:186][  0]LogShaderCompilers: Cannot use XGE Shader Compiler as Incredibuild is not installed on this machine.
[2020.09.08-23.02.31:186][  0]LogShaderCompilers: Display: Using Local Shader Compiler.
[2020.09.08-23.02.32:755][  0]LogDerivedDataCache: Display: Max Cache Size: 512 MB
[2020.09.08-23.02.32:831][  0]LogDerivedDataCache: Loaded boot cache 0.08s 75MB C:/Users/Luis/AppData/Local/UnrealEngine/4.25/DerivedDataCache/Boot.ddc.
[2020.09.08-23.02.32:831][  0]LogDerivedDataCache: Display: Loaded Boot cache: C:/Users/Luis/AppData/Local/UnrealEngine/4.25/DerivedDataCache/Boot.ddc
[2020.09.08-23.02.32:831][  0]LogDerivedDataCache: FDerivedDataBackendGraph:  Pak pak cache file ../../../../../../Users/Luis/Documents/Unreal/EscapeUpc/Escape/DerivedDataCache/DDC.ddp not found, will not use a pak cache.
[2020.09.08-23.02.32:832][  0]LogDerivedDataCache: Unable to find inner node Pak for hierarchical cache Hierarchy.
[2020.09.08-23.02.32:832][  0]LogDerivedDataCache: FDerivedDataBackendGraph:  CompressedPak pak cache file ../../../../../../Users/Luis/Documents/Unreal/EscapeUpc/Escape/DerivedDataCache/Compressed.ddp not found, will not use a pak cache.
[2020.09.08-23.02.32:832][  0]LogDerivedDataCache: Unable to find inner node CompressedPak for hierarchical cache Hierarchy.
[2020.09.08-23.02.32:846][  0]LogDerivedDataCache: Display: Pak cache opened for reading ../../../Engine/DerivedDataCache/Compressed.ddp.
[2020.09.08-23.02.32:846][  0]LogDerivedDataCache: FDerivedDataBackendGraph:  EnterprisePak pak cache file ../../../Enterprise/DerivedDataCache/Compressed.ddp not found, will not use a pak cache.
[2020.09.08-23.02.32:846][  0]LogDerivedDataCache: Unable to find inner node EnterprisePak for hierarchical cache Hierarchy.
[2020.09.08-23.02.32:848][  0]LogDerivedDataCache: Using Local data cache path C:/Users/Luis/AppData/Local/UnrealEngine/Common/DerivedDataCache: Writable
[2020.09.08-23.02.32:848][  0]LogDerivedDataCache: Shared data cache path not found in *engine.ini, will not use an Shared cache.
[2020.09.08-23.02.32:848][  0]LogDerivedDataCache: Unable to find inner node Shared for hierarchical cache Hierarchy.
[2020.09.08-23.02.32:963][  0]LogSlate: Using FreeType 2.10.0
[2020.09.08-23.02.32:964][  0]LogSlate: SlateFontServices - WITH_FREETYPE: 1, WITH_HARFBUZZ: 1
[2020.09.08-23.02.33:043][  0]LogAssetRegistry: FAssetRegistry took 0.0052 seconds to start up
[2020.09.08-23.02.33:571][  0]LogInit: Selected Device Profile: [Windows]
[2020.09.08-23.02.33:797][  0]LogMeshReduction: Using QuadricMeshReduction for automatic static mesh reduction
[2020.09.08-23.02.33:797][  0]LogMeshReduction: Using SimplygonMeshReduction for automatic skeletal mesh reduction
[2020.09.08-23.02.33:797][  0]LogMeshReduction: Using ProxyLODMeshReduction for automatic mesh merging
[2020.09.08-23.02.33:797][  0]LogMeshReduction: No distributed automatic mesh merging module available
[2020.09.08-23.02.33:797][  0]LogMeshMerging: No distributed automatic mesh merging module available
[2020.09.08-23.02.33:829][  0]LogNetVersion: Escape 1.0.0, NetCL: 13144385, EngineNetVer: 14, GameNetVer: 0 (Checksum: 3712058826)
[2020.09.08-23.02.34:743][  0]LogAISub: UAISubsystem::UAISubsystem AISubsystem (000001A760BAA980), frame # 0
[2020.09.08-23.02.34:743][  0]LogAISub: UAISubsystem::UAISubsystem AIPerceptionSystem (000001A764A9DE40), frame # 0
[2020.09.08-23.02.34:744][  0]LogAISub: UAISubsystem::UAISubsystem EnvQueryManager (000001A764AEDC00), frame # 0
[2020.09.08-23.02.34:973][  0]LogPackageLocalizationCache: Processed 19 localized package path(s) for 1 prioritized culture(s) in 0.221932 seconds
[2020.09.08-23.02.34:983][  0]LogUObjectArray: 15917 objects as part of root set at end of initial load.
[2020.09.08-23.02.34:983][  0]LogUObjectAllocator: 3965568 out of 0 bytes used by permanent object pool.
[2020.09.08-23.02.34:983][  0]LogUObjectArray: CloseDisregardForGC: 0/0 objects in disregard for GC pool
[2020.09.08-23.02.35:512][  0]LogTcpMessaging: Initializing TcpMessaging bridge
[2020.09.08-23.02.35:521][  0]LogUdpMessaging: Initializing bridge on interface 0.0.0.0:0 to multicast group 230.0.0.1:6666.
[2020.09.08-23.02.35:636][  0]LogTemp: Error: WorldPosition Constructor
[2020.09.08-23.02.35:722][  0]SourceControl: Source control is disabled
[2020.09.08-23.02.35:722][  0]SourceControl: Source control is disabled
[2020.09.08-23.02.35:727][  0]SourceControl: Source control is disabled
[2020.09.08-23.02.35:733][  0]SourceControl: Source control is disabled
[2020.09.08-23.02.35:745][  0]SourceControl: Source control is disabled
[2020.09.08-23.02.36:118][  0]LogAndroidPermission: UAndroidPermissionCallbackProxy::GetInstance
[2020.09.08-23.02.36:153][  0]LogAudioCaptureCore: Display: No Audio Capture implementations found. Audio input will be silent.
[2020.09.08-23.02.36:153][  0]LogAudioCaptureCore: Display: No Audio Capture implementations found. Audio input will be silent.
[2020.09.08-23.02.36:247][  0]LogOcInput: OculusInput pre-init called
[2020.09.08-23.02.36:264][  0]LogWindows: Failed to load 'OVRPlugin.dll' (GetLastError=126)
[2020.09.08-23.02.36:264][  0]LogWindows: File 'OVRPlugin.dll' does not exist
[2020.09.08-23.02.36:343][  0]LogEngine: Initializing Engine...
[2020.09.08-23.02.36:345][  0]LogHMD: Failed to initialize OpenVR with code 110
[2020.09.08-23.02.36:346][  0]LogMagicLeap: Warning: VR disabled because ZI is not enabled.  To enable, in the editor, Edit -> Project Settings -> Plugins -> Magic Leap Plugin -> Enable Zero Iteration
[2020.09.08-23.02.36:347][  0]LogStats: UGameplayTagsManager::InitializeManager -  0.000 s
[2020.09.08-23.02.36:573][  0]LogInit: Initializing FReadOnlyCVARCache
[2020.09.08-23.02.36:586][  0]LogAIModule: Creating AISystem for world Untitled
[2020.09.08-23.02.36:586][  0]LogAISub: UAISubsystem::UAISubsystem EnvQueryManager (000001A768897C00), frame # 0
[2020.09.08-23.02.36:586][  0]LogAISub: UAISubsystem::UAISubsystem AIPerceptionSystem (000001A768915580), frame # 0
[2020.09.08-23.02.36:765][  0]LogAudioMixer: Display: Audio Mixer Platform Settings:
[2020.09.08-23.02.36:765][  0]LogAudioMixer: Display: 	Sample Rate:						  48000
[2020.09.08-23.02.36:765][  0]LogAudioMixer: Display: 	Callback Buffer Frame Size Requested: 1024
[2020.09.08-23.02.36:765][  0]LogAudioMixer: Display: 	Callback Buffer Frame Size To Use:	  1024
[2020.09.08-23.02.36:765][  0]LogAudioMixer: Display: 	Number of buffers to queue:			  2
[2020.09.08-23.02.36:765][  0]LogAudioMixer: Display: 	Max Channels (voices):				  32
[2020.09.08-23.02.36:765][  0]LogAudioMixer: Display: 	Number of Async Source Workers:		  0
[2020.09.08-23.02.36:765][  0]LogAudio: Display: AudioDevice MaxSources: 32
[2020.09.08-23.02.36:766][  0]LogAudio: Display: Using built-in audio occlusion.
[2020.09.08-23.02.36:767][  0]LogAudioMixer: Display: Initializing audio mixer.
[2020.09.08-23.02.36:806][  0]LogAudioMixer: Display: 0: FrontLeft
[2020.09.08-23.02.36:806][  0]LogAudioMixer: Display: 1: FrontRight
[2020.09.08-23.02.37:236][  0]LogAudioMixer: Display: Using Audio Device Speakers / Headphones (Conexant SmartAudio HD)
[2020.09.08-23.02.37:240][  0]LogAudioMixer: Display: Initializing Sound Submixes...
[2020.09.08-23.02.37:245][  0]LogAudioMixer: Display: Creating Master Submix 'MasterSubmixDefault'
[2020.09.08-23.02.37:246][  0]LogAudioMixer: Display: Creating Master Submix 'MasterReverbSubmixDefault'
[2020.09.08-23.02.37:248][  0]LogAudioMixer: Display: Creating Master Submix 'MasterEQSubmixDefault'
[2020.09.08-23.02.37:267][  0]LogInit: FAudioDevice initialized.
[2020.09.08-23.02.37:268][  0]LogNetVersion: Set ProjectVersion to 1.0.0.0. Version Checksum will be recalculated on next use.
[2020.09.08-23.02.37:564][  0]LogDerivedDataCache: Saved boot cache 0.30s 75MB C:/Users/Luis/AppData/Local/UnrealEngine/4.25/DerivedDataCache/Boot.ddc.
[2020.09.08-23.02.37:565][  0]LogInit: Texture streaming: Enabled
[2020.09.08-23.02.37:602][  0]LogEngineSessionManager: EngineSessionManager initialized
[2020.09.08-23.02.37:602][  0]LogEditorSessionSummary: Verbose: Initializing EditorSessionSummaryWriter for editor session tracking
[2020.09.08-23.02.37:619][  0]LogEditorSessionSummary: EditorSessionSummaryWriter initialized
[2020.09.08-23.02.37:706][  0]LogInit: Transaction tracking system initialized
[2020.09.08-23.02.37:754][  0]BlueprintLog: New page: Editor Load
[2020.09.08-23.02.37:889][  0]LocalizationService: Localization service is disabled
[2020.09.08-23.02.38:207][  0]LogCook: Display: Max memory allowance for cook 16384mb min free memory 0mb
[2020.09.08-23.02.38:207][  0]LogCook: Display: Mobile HDR setting 1
[2020.09.08-23.02.38:323][  0]LogFileCache: Scanning file cache for directory 'C:/Users/Luis/Documents/Unreal/EscapeUpc/Escape/Content/' took 0.01s
[2020.09.08-23.02.39:112][  0]SourceControl: Source control is disabled
[2020.09.08-23.02.39:112][  0]LogUnrealEdMisc: Loading editor; pre map load, took 17.959
[2020.09.08-23.02.39:113][  0]Cmd: MAP LOAD FILE="../../../Engine/Content/Maps/Templates/Template_Default.umap" TEMPLATE=1 SHOWPROGRESS=1 FEATURELEVEL=3
[2020.09.08-23.02.39:113][  0]LightingResults: New page: Lighting Build
[2020.09.08-23.02.39:115][  0]LogWorld: UWorld::CleanupWorld for Untitled, bSessionEnded=true, bCleanupResources=true
[2020.09.08-23.02.39:115][  0]LogSlate: InvalidateAllWidgets triggered.  All widgets were invalidated
[2020.09.08-23.02.39:115][  0]MapCheck: New page: Map Check
[2020.09.08-23.02.39:115][  0]LightingResults: New page: Lighting Build
[2020.09.08-23.02.39:290][  0]LogAISub: UAISubsystem::~UAISubsystem EnvQueryManager (000001A768897C00), frame # 0
[2020.09.08-23.02.39:290][  0]LogAISub: UAISubsystem::~UAISubsystem AIPerceptionSystem (000001A768915580), frame # 0
[2020.09.08-23.02.39:292][  0]LogUObjectHash: Compacting FUObjectHashTables data took   1.45ms
[2020.09.08-23.02.39:456][  0]LogAIModule: Creating AISystem for world Untitled_1
[2020.09.08-23.02.39:456][  0]LogAISub: UAISubsystem::UAISubsystem EnvQueryManager (000001A757FB9C00), frame # 0
[2020.09.08-23.02.39:456][  0]LogAISub: UAISubsystem::UAISubsystem AIPerceptionSystem (000001A758091D00), frame # 0
[2020.09.08-23.02.39:465][  0]LogEditorServer: Finished looking for orphan Actors (0.000 secs)
[2020.09.08-23.02.39:510][  0]LogUObjectHash: Compacting FUObjectHashTables data took   1.35ms
[2020.09.08-23.02.39:510][  0]Cmd: MAP CHECKDEP NOCLEARLOG
[2020.09.08-23.02.39:510][  0]MapCheck: Map check complete: 0 Error(s), 0 Warning(s), took 0.31ms to complete.
[2020.09.08-23.02.39:510][  0]LogFileHelpers: Loading map 'Template_Default' took 0.398
[2020.09.08-23.02.39:518][  0]LogUnrealEdMisc: Total Editor Startup Time, took 18.364
[2020.09.08-23.02.39:779][  0]LogSlate: Updating window title bar state: overlay mode, drag disabled, window buttons hidden, title bar hidden
[2020.09.08-23.02.39:794][  0]LogSlate: Updating window title bar state: overlay mode, drag disabled, window buttons hidden, title bar hidden
[2020.09.08-23.02.39:808][  0]LogSlate: Updating window title bar state: overlay mode, drag disabled, window buttons hidden, title bar hidden
[2020.09.08-23.02.39:824][  0]LogSlate: Updating window title bar state: overlay mode, drag disabled, window buttons hidden, title bar hidden
[2020.09.08-23.02.39:853][  0]LogCollectionManager: Loaded 0 collections in 0.005193 seconds
[2020.09.08-23.02.39:907][  0]LogFileCache: Scanning file cache for directory 'C:/Users/Luis/Documents/Unreal/EscapeUpc/Escape/Saved/Collections/' took 0.00s
[2020.09.08-23.02.39:908][  0]LogFileCache: Scanning file cache for directory 'C:/Users/Luis/Documents/Unreal/EscapeUpc/Escape/Content/Developers/Luis/Collections/' took 0.00s
[2020.09.08-23.02.39:908][  0]LogFileCache: Scanning file cache for directory 'C:/Users/Luis/Documents/Unreal/EscapeUpc/Escape/Content/Collections/' took 0.00s
[2020.09.08-23.02.39:908][  0]LogContentBrowser: Native class hierarchy populated in 0.0183 seconds. Added 3430 classes and 823 folders.
[2020.09.08-23.02.39:921][  0]LogContentBrowser: Native class hierarchy updated for 'WidgetCarousel' in 0.0006 seconds. Added 0 classes and 0 folders.
[2020.09.08-23.02.40:215][  0]LogContentBrowser: Native class hierarchy updated for 'AddContentDialog' in 0.0006 seconds. Added 0 classes and 0 folders.
[2020.09.08-23.02.40:227][  0]LogContentBrowser: Native class hierarchy updated for 'SceneOutliner' in 0.0009 seconds. Added 2 classes and 0 folders.
[2020.09.08-23.02.40:527][  0]LogSlate: Took 0.000396 seconds to synchronously load lazily loaded font '../../../Engine/Content/Slate/Fonts/Roboto-Regular.ttf' (155K)
[2020.09.08-23.02.40:532][  0]LogSlate: Took 0.000404 seconds to synchronously load lazily loaded font '../../../Engine/Content/Slate/Fonts/Roboto-Bold.ttf' (160K)
[2020.09.08-23.02.40:549][  0]LogSlate: Took 0.001312 seconds to synchronously load lazily loaded font '../../../Engine/Content/Editor/Slate/Fonts/FontAwesome.ttf' (139K)
[2020.09.08-23.02.40:707][  0]LogRenderer: Reallocating scene render targets to support 648x160 Format 10 NumSamples 1 (Frame:1).
[2020.09.08-23.02.41:094][  0]LogContentBrowser: Native class hierarchy updated for 'HierarchicalLODOutliner' in 0.0009 seconds. Added 0 classes and 0 folders.
[2020.09.08-23.02.41:094][  0]LogLoad: (Engine Initialization) Total time: 19.94 seconds
[2020.09.08-23.02.41:094][  0]LogLoad: (Engine Initialization) Total Blueprint compile time: 0.00 seconds
[2020.09.08-23.02.41:179][  0]LogContentStreaming: Texture pool size now 1000 MB
[2020.09.08-23.02.41:239][  0]LogSlate: Took 0.001400 seconds to synchronously load lazily loaded font '../../../Engine/Content/Slate/Fonts/Roboto-Light.ttf' (167K)
[2020.09.08-23.02.41:268][  1]LogAssetRegistry: Asset discovery search completed in 8.2261 seconds
[2020.09.08-23.02.41:277][  1]LogCollectionManager: Fixed up redirectors for 0 collections in 0.000004 seconds (updated 0 objects)
[2020.09.08-23.03.13:860][323]LogRenderer: Reallocating scene render targets to support 648x184 Format 10 NumSamples 1 (Frame:1320).
[2020.09.08-23.03.14:039][324]LogRenderer: Reallocating scene render targets to support 648x244 Format 10 NumSamples 1 (Frame:1322).
[2020.09.08-23.03.14:174][325]LogRenderer: Reallocating scene render targets to support 648x332 Format 10 NumSamples 1 (Frame:1324).
[2020.09.08-23.03.14:375][328]LogRenderer: Reallocating scene render targets to support 648x336 Format 10 NumSamples 1 (Frame:1328).
[2020.09.08-23.03.17:283][474]LogSlate: Took 0.000599 seconds to synchronously load lazily loaded font '../../../Engine/Content/Slate/Fonts/Roboto-Light.ttf' (167K)
[2020.09.08-23.03.17:479][474]LogAssetEditorSubsystem: Opening Asset editor for World /Game/Level/Level1.Level1
[2020.09.08-23.03.17:511][474]LogUObjectHash: Compacting FUObjectHashTables data took   1.06ms
[2020.09.08-23.03.17:514][474]Cmd: MAP LOAD FILE="../../../../../../Users/Luis/Documents/Unreal/EscapeUpc/Escape/Content/Level/Level1.umap" TEMPLATE=0 SHOWPROGRESS=1 FEATURELEVEL=3
[2020.09.08-23.03.17:514][474]LightingResults: New page: Lighting Build
[2020.09.08-23.03.17:514][474]LoadErrors: New page: Loading map: Level1.umap
[2020.09.08-23.03.17:544][474]LogWorld: UWorld::CleanupWorld for Untitled_1, bSessionEnded=true, bCleanupResources=true
[2020.09.08-23.03.17:545][474]LogSlate: InvalidateAllWidgets triggered.  All widgets were invalidated
[2020.09.08-23.03.17:545][474]MapCheck: New page: Map Check
[2020.09.08-23.03.17:546][474]LightingResults: New page: Lighting Build
[2020.09.08-23.03.17:587][474]LogAISub: UAISubsystem::~UAISubsystem EnvQueryManager (000001A757FB9C00), frame # 1474
[2020.09.08-23.03.17:587][474]LogAISub: UAISubsystem::~UAISubsystem AIPerceptionSystem (000001A758091D00), frame # 1474
[2020.09.08-23.03.17:589][474]LogUObjectHash: Compacting FUObjectHashTables data took   1.76ms
[2020.09.08-23.03.17:726][474]LogEditorServer: Finished looking for orphan Actors (0.000 secs)
[2020.09.08-23.03.17:726][474]LogAIModule: Creating AISystem for world Level1
[2020.09.08-23.03.17:726][474]LogAISub: UAISubsystem::UAISubsystem EnvQueryManager (000001A779CCE600), frame # 1474
[2020.09.08-23.03.17:726][474]LogAISub: UAISubsystem::UAISubsystem AIPerceptionSystem (000001A760E1E5C0), frame # 1474
[2020.09.08-23.03.17:752][474]LogUObjectHash: Compacting FUObjectHashTables data took   0.77ms
[2020.09.08-23.03.17:777][474]Cmd: MAP CHECKDEP NOCLEARLOG
[2020.09.08-23.03.17:777][474]MapCheck: Map check complete: 0 Error(s), 0 Warning(s), took 0.154ms to complete.
[2020.09.08-23.03.17:777][474]LogFileHelpers: Loading map 'Level1' took 0.264
[2020.09.08-23.04.40:851][935]LogAudioMixer: Display: Audio Buffer Underrun detected.
[2020.09.08-23.06.31:979][237]LogTemp: Repeating last play command: Selected Viewport
[2020.09.08-23.06.32:020][237]LogPlayLevel: PlayLevel: No blueprints needed recompiling
[2020.09.08-23.06.32:021][237]PIE: New page: PIE session: Level1 (8 set. 2020 13:06:32)
[2020.09.08-23.06.32:029][237]LogOnline: OSS: Creating online subsystem instance for: NULL
[2020.09.08-23.06.32:032][237]LogOnline: OSS: TryLoadSubsystemAndSetDefault: Loaded subsystem for module [NULL]
[2020.09.08-23.06.32:035][237]LogPlayLevel: Creating play world package: /Game/Level/UEDPIE_0_Level1
[2020.09.08-23.06.32:064][237]LogPlayLevel: PIE: StaticDuplicateObject took: (0.029218s)
[2020.09.08-23.06.32:068][237]LogAIModule: Creating AISystem for world Level1
[2020.09.08-23.06.32:068][237]LogAISub: UAISubsystem::UAISubsystem EnvQueryManager (000001A77981FE00), frame # 7237
[2020.09.08-23.06.32:068][237]LogAISub: UAISubsystem::UAISubsystem AIPerceptionSystem (000001A760E1D440), frame # 7237
[2020.09.08-23.06.32:069][237]LogPlayLevel: PIE: World Init took: (0.004103s)
[2020.09.08-23.06.32:069][237]LogPlayLevel: PIE: Created PIE world by copying editor world from /Game/Level/Level1.Level1 to /Game/Level/UEDPIE_0_Level1.Level1 (0.034233s)
[2020.09.08-23.06.32:082][237]LogUObjectHash: Compacting FUObjectHashTables data took   1.19ms
[2020.09.08-23.06.32:085][237]LogAudioMixer: Display: Audio Mixer Platform Settings:
[2020.09.08-23.06.32:085][237]LogAudioMixer: Display: 	Sample Rate:						  48000
[2020.09.08-23.06.32:085][237]LogAudioMixer: Display: 	Callback Buffer Frame Size Requested: 1024
[2020.09.08-23.06.32:085][237]LogAudioMixer: Display: 	Callback Buffer Frame Size To Use:	  1024
[2020.09.08-23.06.32:085][237]LogAudioMixer: Display: 	Number of buffers to queue:			  2
[2020.09.08-23.06.32:086][237]LogAudioMixer: Display: 	Max Channels (voices):				  32
[2020.09.08-23.06.32:086][237]LogAudioMixer: Display: 	Number of Async Source Workers:		  0
[2020.09.08-23.06.32:086][237]LogAudio: Display: AudioDevice MaxSources: 32
[2020.09.08-23.06.32:087][237]LogAudio: Display: Using built-in audio occlusion.
[2020.09.08-23.06.32:087][237]LogAudioMixer: Display: Initializing audio mixer.
[2020.09.08-23.06.32:093][237]LogAudioMixer: Display: 0: FrontLeft
[2020.09.08-23.06.32:093][237]LogAudioMixer: Display: 1: FrontRight
[2020.09.08-23.06.32:245][237]LogAudioMixer: Display: Using Audio Device Speakers / Headphones (Conexant SmartAudio HD)
[2020.09.08-23.06.32:246][237]LogAudioMixer: Display: Initializing Sound Submixes...
[2020.09.08-23.06.32:246][237]LogAudioMixer: Display: Creating Master Submix 'MasterSubmixDefault'
[2020.09.08-23.06.32:246][237]LogAudioMixer: Display: Creating Master Submix 'MasterReverbSubmixDefault'
[2020.09.08-23.06.32:247][237]LogAudioMixer: Display: Creating Master Submix 'MasterEQSubmixDefault'
[2020.09.08-23.06.32:268][237]LogInit: FAudioDevice initialized.
[2020.09.08-23.06.32:289][237]LogLoad: Game class is 'GameModeBase'
[2020.09.08-23.06.32:303][237]LogWorld: Bringing World /Game/Level/UEDPIE_0_Level1.Level1 up for play (max tick rate 60) at 2020.09.08-18.06.32
[2020.09.08-23.06.32:306][237]LogWorld: Bringing up level for play took: 0.004324
[2020.09.08-23.06.32:307][237]LogOnline: OSS: Creating online subsystem instance for: :Context_1
[2020.09.08-23.06.32:336][237]LogContentBrowser: Native class hierarchy updated for 'MovieSceneCapture' in 0.0011 seconds. Added 20 classes and 0 folders.
[2020.09.08-23.06.32:347][237]PIE: Server logged in
[2020.09.08-23.06.32:349][237]PIE: Play in editor total start time 0.341 seconds.
[2020.09.08-23.06.42:011][568]LogSlate: Updating window title bar state: overlay mode, drag disabled, window buttons hidden, title bar hidden
[2020.09.08-23.06.42:011][568]LogWorld: BeginTearingDown for /Game/Level/UEDPIE_0_Level1
[2020.09.08-23.06.42:013][568]LogWorld: UWorld::CleanupWorld for Level1, bSessionEnded=true, bCleanupResources=true
[2020.09.08-23.06.42:014][568]LogSlate: InvalidateAllWidgets triggered.  All widgets were invalidated
[2020.09.08-23.06.42:033][568]LogPlayLevel: Display: Shutting down PIE online subsystems
[2020.09.08-23.06.42:038][568]LogSlate: InvalidateAllWidgets triggered.  All widgets were invalidated
[2020.09.08-23.06.42:190][568]LogSlate: Updating window title bar state: overlay mode, drag disabled, window buttons hidden, title bar hidden
[2020.09.08-23.06.42:195][568]LogAISub: UAISubsystem::~UAISubsystem EnvQueryManager (000001A77981FE00), frame # 7568
[2020.09.08-23.06.42:195][568]LogAISub: UAISubsystem::~UAISubsystem AIPerceptionSystem (000001A760E1D440), frame # 7568
[2020.09.08-23.06.42:198][568]LogUObjectHash: Compacting FUObjectHashTables data took   1.55ms
[2020.09.08-23.06.42:512][575]LogPlayLevel: Display: Destroying online subsystem :Context_1
[2020.09.08-23.06.43:988][628]LogTemp: Repeating last play command: Selected Viewport
[2020.09.08-23.06.44:038][628]LogPlayLevel: PlayLevel: No blueprints needed recompiling
[2020.09.08-23.06.44:038][628]PIE: New page: PIE session: Level1 (8 set. 2020 13:06:44)
[2020.09.08-23.06.44:038][628]LogPlayLevel: Creating play world package: /Game/Level/UEDPIE_0_Level1
[2020.09.08-23.06.44:089][628]LogPlayLevel: PIE: StaticDuplicateObject took: (0.049968s)
[2020.09.08-23.06.44:091][628]LogAIModule: Creating AISystem for world Level1
[2020.09.08-23.06.44:091][628]LogAISub: UAISubsystem::UAISubsystem EnvQueryManager (000001A7799DFE00), frame # 7628
[2020.09.08-23.06.44:091][628]LogAISub: UAISubsystem::UAISubsystem AIPerceptionSystem (000001A77DAD82C0), frame # 7628
[2020.09.08-23.06.44:092][628]LogPlayLevel: PIE: World Init took: (0.003031s)
[2020.09.08-23.06.44:092][628]LogPlayLevel: PIE: Created PIE world by copying editor world from /Game/Level/Level1.Level1 to /Game/Level/UEDPIE_0_Level1.Level1 (0.053463s)
[2020.09.08-23.06.44:110][628]LogUObjectHash: Compacting FUObjectHashTables data took   1.49ms
[2020.09.08-23.06.44:111][628]LogAudioMixer: Display: Audio Mixer Platform Settings:
[2020.09.08-23.06.44:112][628]LogAudioMixer: Display: 	Sample Rate:						  48000
[2020.09.08-23.06.44:112][628]LogAudioMixer: Display: 	Callback Buffer Frame Size Requested: 1024
[2020.09.08-23.06.44:112][628]LogAudioMixer: Display: 	Callback Buffer Frame Size To Use:	  1024
[2020.09.08-23.06.44:112][628]LogAudioMixer: Display: 	Number of buffers to queue:			  2
[2020.09.08-23.06.44:112][628]LogAudioMixer: Display: 	Max Channels (voices):				  32
[2020.09.08-23.06.44:112][628]LogAudioMixer: Display: 	Number of Async Source Workers:		  0
[2020.09.08-23.06.44:112][628]LogAudio: Display: AudioDevice MaxSources: 32
[2020.09.08-23.06.44:113][628]LogAudio: Display: Using built-in audio occlusion.
[2020.09.08-23.06.44:113][628]LogAudioMixer: Display: Initializing audio mixer.
[2020.09.08-23.06.44:120][628]LogAudioMixer: Display: 0: FrontLeft
[2020.09.08-23.06.44:120][628]LogAudioMixer: Display: 1: FrontRight
[2020.09.08-23.06.44:257][628]LogAudioMixer: Display: Using Audio Device Speakers / Headphones (Conexant SmartAudio HD)
[2020.09.08-23.06.44:257][628]LogAudioMixer: Display: Initializing Sound Submixes...
[2020.09.08-23.06.44:257][628]LogAudioMixer: Display: Creating Master Submix 'MasterSubmixDefault'
[2020.09.08-23.06.44:258][628]LogAudioMixer: Display: Creating Master Submix 'MasterReverbSubmixDefault'
[2020.09.08-23.06.44:258][628]LogAudioMixer: Display: Creating Master Submix 'MasterEQSubmixDefault'
[2020.09.08-23.06.44:270][628]LogInit: FAudioDevice initialized.
[2020.09.08-23.06.44:286][628]LogLoad: Game class is 'GameModeBase'
[2020.09.08-23.06.44:289][628]LogWorld: Bringing World /Game/Level/UEDPIE_0_Level1.Level1 up for play (max tick rate 60) at 2020.09.08-18.06.44
[2020.09.08-23.06.44:289][628]LogWorld: Bringing up level for play took: 0.001847
[2020.09.08-23.06.44:289][628]LogOnline: OSS: Creating online subsystem instance for: :Context_2
[2020.09.08-23.06.44:294][628]PIE: Server logged in
[2020.09.08-23.06.44:295][628]PIE: Play in editor total start time 0.268 seconds.
[2020.09.08-23.08.17:091][557]LogAssetEditorSubsystem: Opening Asset editor for Class /Script/Escape.EscapeGameModeBase
[2020.09.08-23.10.07:457][346]LogEditorViewport: Clicking on Actor (LMB): StaticMeshActor (2x1_Door_and_Frame_Door)
[2020.09.08-23.10.41:989][990]LogEditorViewport: Clicking on Actor (LMB): DefaultPawn (DefaultPawn)
[2020.09.08-23.10.44:645][  7]LogEditorViewport: Clicking on Actor (LMB): StaticMeshActor (2x1_Door_and_Frame_Door)
[2020.09.08-23.10.55:882][374]LogSlate: Took 0.001893 seconds to synchronously load lazily loaded font '../../../Engine/Content/Slate/Fonts/Roboto-Italic.ttf' (157K)
[2020.09.08-23.11.29:736][372]LogSlate: Updating window title bar state: overlay mode, drag disabled, window buttons hidden, title bar hidden
[2020.09.08-23.11.29:736][372]LogWorld: BeginTearingDown for /Game/Level/UEDPIE_0_Level1
[2020.09.08-23.11.29:739][372]LogWorld: UWorld::CleanupWorld for Level1, bSessionEnded=true, bCleanupResources=true
[2020.09.08-23.11.29:743][372]LogSlate: InvalidateAllWidgets triggered.  All widgets were invalidated
[2020.09.08-23.11.29:778][372]LogPlayLevel: Display: Shutting down PIE online subsystems
[2020.09.08-23.11.29:783][372]LogSlate: InvalidateAllWidgets triggered.  All widgets were invalidated
[2020.09.08-23.11.29:860][372]LogSlate: Updating window title bar state: overlay mode, drag disabled, window buttons hidden, title bar hidden
[2020.09.08-23.11.29:869][372]LogAISub: UAISubsystem::~UAISubsystem AIPerceptionSystem (000001A77DAD82C0), frame # 13372
[2020.09.08-23.11.29:870][372]LogAISub: UAISubsystem::~UAISubsystem EnvQueryManager (000001A7799DFE00), frame # 13372
[2020.09.08-23.11.29:876][372]LogUObjectHash: Compacting FUObjectHashTables data took   1.53ms
[2020.09.08-23.11.30:272][379]LogPlayLevel: Display: Destroying online subsystem :Context_2
[2020.09.08-23.11.31:374][420]LogEditorViewport: Clicking on Actor (LMB): StaticMeshActor (2x1_Door_and_Frame_Door)
[2020.09.08-23.12.00:091][866]LogEditorViewport: Clicking on Actor (LMB): StaticMeshActor (Floor)
[2020.09.08-23.12.02:247][920]LogEditorViewport: Clicking on Actor (LMB): TriggerVolume (DoorTrigger)
[2020.09.08-23.12.09:889][146]LogEditorViewport: Clicking on Actor (LMB): StaticMeshActor (2x1_Door_and_Frame_Frame)
[2020.09.08-23.12.11:696][186]LogEditorViewport: Clicking on Actor (LMB): StaticMeshActor (2x1_Door_and_Frame_Door)
[2020.09.08-23.12.15:720][295]LogTemp: Repeating last play command: Selected Viewport
[2020.09.08-23.12.16:176][295]LogPlayLevel: PlayLevel: No blueprints needed recompiling
[2020.09.08-23.12.16:179][295]PIE: New page: PIE session: Level1 (8 set. 2020 13:12:16)
[2020.09.08-23.12.16:181][295]LogPlayLevel: Creating play world package: /Game/Level/UEDPIE_0_Level1
[2020.09.08-23.12.16:246][295]LogPlayLevel: PIE: StaticDuplicateObject took: (0.065418s)
[2020.09.08-23.12.16:255][295]LogAIModule: Creating AISystem for world Level1
[2020.09.08-23.12.16:256][295]LogAISub: UAISubsystem::UAISubsystem EnvQueryManager (000001A77E0B0A00), frame # 14295
[2020.09.08-23.12.16:257][295]LogAISub: UAISubsystem::UAISubsystem AIPerceptionSystem (000001A77DAF2200), frame # 14295
[2020.09.08-23.12.16:259][295]LogPlayLevel: PIE: World Init took: (0.012746s)
[2020.09.08-23.12.16:259][295]LogPlayLevel: PIE: Created PIE world by copying editor world from /Game/Level/Level1.Level1 to /Game/Level/UEDPIE_0_Level1.Level1 (0.079582s)
[2020.09.08-23.12.16:277][295]LogUObjectHash: Compacting FUObjectHashTables data took   1.32ms
[2020.09.08-23.12.16:282][295]LogAudioMixer: Display: Audio Mixer Platform Settings:
[2020.09.08-23.12.16:282][295]LogAudioMixer: Display: 	Sample Rate:						  48000
[2020.09.08-23.12.16:282][295]LogAudioMixer: Display: 	Callback Buffer Frame Size Requested: 1024
[2020.09.08-23.12.16:282][295]LogAudioMixer: Display: 	Callback Buffer Frame Size To Use:	  1024
[2020.09.08-23.12.16:282][295]LogAudioMixer: Display: 	Number of buffers to queue:			  2
[2020.09.08-23.12.16:282][295]LogAudioMixer: Display: 	Max Channels (voices):				  32
[2020.09.08-23.12.16:282][295]LogAudioMixer: Display: 	Number of Async Source Workers:		  0
[2020.09.08-23.12.16:282][295]LogAudio: Display: AudioDevice MaxSources: 32
[2020.09.08-23.12.16:284][295]LogAudio: Display: Using built-in audio occlusion.
[2020.09.08-23.12.16:284][295]LogAudioMixer: Display: Initializing audio mixer.
[2020.09.08-23.12.16:296][295]LogAudioMixer: Display: 0: FrontLeft
[2020.09.08-23.12.16:296][295]LogAudioMixer: Display: 1: FrontRight
[2020.09.08-23.12.16:362][295]LogAudioMixer: Display: Using Audio Device Speakers / Headphones (Conexant SmartAudio HD)
[2020.09.08-23.12.16:364][295]LogAudioMixer: Display: Initializing Sound Submixes...
[2020.09.08-23.12.16:364][295]LogAudioMixer: Display: Creating Master Submix 'MasterSubmixDefault'
[2020.09.08-23.12.16:364][295]LogAudioMixer: Display: Creating Master Submix 'MasterReverbSubmixDefault'
[2020.09.08-23.12.16:368][295]LogAudioMixer: Display: Creating Master Submix 'MasterEQSubmixDefault'
[2020.09.08-23.12.16:396][295]LogInit: FAudioDevice initialized.
[2020.09.08-23.12.16:425][295]LogLoad: Game class is 'GameModeBase'
[2020.09.08-23.12.16:433][295]LogWorld: Bringing World /Game/Level/UEDPIE_0_Level1.Level1 up for play (max tick rate 60) at 2020.09.08-18.12.16
[2020.09.08-23.12.16:434][295]LogWorld: Bringing up level for play took: 0.008757
[2020.09.08-23.12.16:436][295]LogOnline: OSS: Creating online subsystem instance for: :Context_5
[2020.09.08-23.12.16:455][295]PIE: Server logged in
[2020.09.08-23.12.16:456][295]PIE: Play in editor total start time 0.29 seconds.
[2020.09.08-23.12.37:499][ 62]LogEditorViewport: Clicking on Actor (LMB): StaticMeshActor (2x1_Door_and_Frame_Door)
[2020.09.08-23.12.49:602][453]LogSlate: Updating window title bar state: overlay mode, drag disabled, window buttons hidden, title bar hidden
[2020.09.08-23.12.49:602][453]LogWorld: BeginTearingDown for /Game/Level/UEDPIE_0_Level1
[2020.09.08-23.12.49:603][453]LogWorld: UWorld::CleanupWorld for Level1, bSessionEnded=true, bCleanupResources=true
[2020.09.08-23.12.49:604][453]LogSlate: InvalidateAllWidgets triggered.  All widgets were invalidated
[2020.09.08-23.12.49:618][453]LogPlayLevel: Display: Shutting down PIE online subsystems
[2020.09.08-23.12.49:621][453]LogSlate: InvalidateAllWidgets triggered.  All widgets were invalidated
[2020.09.08-23.12.49:769][453]LogSlate: Updating window title bar state: overlay mode, drag disabled, window buttons hidden, title bar hidden
[2020.09.08-23.12.49:775][453]LogAISub: UAISubsystem::~UAISubsystem AIPerceptionSystem (000001A77DAF2200), frame # 15453
[2020.09.08-23.12.49:776][453]LogAISub: UAISubsystem::~UAISubsystem EnvQueryManager (000001A77E0B0A00), frame # 15453
[2020.09.08-23.12.49:792][453]LogUObjectHash: Compacting FUObjectHashTables data took   1.35ms
[2020.09.08-23.12.51:099][460]LogPlayLevel: Display: Destroying online subsystem :Context_5
[2020.09.08-23.13.00:197][715]LogAssetEditorSubsystem: Opening Asset editor for Class /Script/Escape.OpenDoor
[2020.09.08-23.13.26:235][902]LogSlate: Took 0.002711 seconds to synchronously load lazily loaded font '../../../Engine/Content/Slate/Fonts/DroidSansMono.ttf' (77K)
[2020.09.08-23.13.31:049][ 39]LogTemp: Repeating last play command: Selected Viewport
[2020.09.08-23.13.39:118][ 39]LogPlayLevel: PlayLevel: No blueprints needed recompiling
[2020.09.08-23.13.39:134][ 39]PIE: New page: PIE session: Level1 (8 set. 2020 13:13:39)
[2020.09.08-23.13.39:149][ 39]LogPlayLevel: Creating play world package: /Game/Level/UEDPIE_0_Level1
[2020.09.08-23.13.39:414][ 39]LogPlayLevel: PIE: StaticDuplicateObject took: (0.264893s)
[2020.09.08-23.13.39:421][ 39]LogAIModule: Creating AISystem for world Level1
[2020.09.08-23.13.39:421][ 39]LogAISub: UAISubsystem::UAISubsystem EnvQueryManager (000001A7798ACA00), frame # 16039
[2020.09.08-23.13.39:421][ 39]LogAISub: UAISubsystem::UAISubsystem AIPerceptionSystem (000001A77DB0FB00), frame # 16039
[2020.09.08-23.13.39:425][ 39]LogPlayLevel: PIE: World Init took: (0.010465s)
[2020.09.08-23.13.39:425][ 39]LogPlayLevel: PIE: Created PIE world by copying editor world from /Game/Level/Level1.Level1 to /Game/Level/UEDPIE_0_Level1.Level1 (0.275981s)
[2020.09.08-23.13.39:479][ 39]LogUObjectHash: Compacting FUObjectHashTables data took   4.63ms
[2020.09.08-23.13.39:485][ 39]LogAudioMixer: Display: Audio Mixer Platform Settings:
[2020.09.08-23.13.39:485][ 39]LogAudioMixer: Display: 	Sample Rate:						  48000
[2020.09.08-23.13.39:485][ 39]LogAudioMixer: Display: 	Callback Buffer Frame Size Requested: 1024
[2020.09.08-23.13.39:485][ 39]LogAudioMixer: Display: 	Callback Buffer Frame Size To Use:	  1024
[2020.09.08-23.13.39:485][ 39]LogAudioMixer: Display: 	Number of buffers to queue:			  2
[2020.09.08-23.13.39:485][ 39]LogAudioMixer: Display: 	Max Channels (voices):				  32
[2020.09.08-23.13.39:485][ 39]LogAudioMixer: Display: 	Number of Async Source Workers:		  0
[2020.09.08-23.13.39:485][ 39]LogAudio: Display: AudioDevice MaxSources: 32
[2020.09.08-23.13.39:487][ 39]LogAudio: Display: Using built-in audio occlusion.
[2020.09.08-23.13.39:487][ 39]LogAudioMixer: Display: Initializing audio mixer.
[2020.09.08-23.13.39:502][ 39]LogAudioMixer: Display: 0: FrontLeft
[2020.09.08-23.13.39:502][ 39]LogAudioMixer: Display: 1: FrontRight
[2020.09.08-23.13.39:900][ 39]LogAudioMixer: Display: Using Audio Device Speakers / Headphones (Conexant SmartAudio HD)
[2020.09.08-23.13.39:901][ 39]LogAudioMixer: Display: Initializing Sound Submixes...
[2020.09.08-23.13.39:901][ 39]LogAudioMixer: Display: Creating Master Submix 'MasterSubmixDefault'
[2020.09.08-23.13.39:901][ 39]LogAudioMixer: Display: Creating Master Submix 'MasterReverbSubmixDefault'
[2020.09.08-23.13.39:904][ 39]LogAudioMixer: Display: Creating Master Submix 'MasterEQSubmixDefault'
[2020.09.08-23.13.39:906][ 39]LogInit: FAudioDevice initialized.
[2020.09.08-23.13.39:929][ 39]LogLoad: Game class is 'GameModeBase'
[2020.09.08-23.13.39:937][ 39]LogWorld: Bringing World /Game/Level/UEDPIE_0_Level1.Level1 up for play (max tick rate 3) at 2020.09.08-18.13.39
[2020.09.08-23.13.39:938][ 39]LogWorld: Bringing up level for play took: 0.007338
[2020.09.08-23.13.39:938][ 39]LogOnline: OSS: Creating online subsystem instance for: :Context_6
[2020.09.08-23.13.39:948][ 39]PIE: Server logged in
[2020.09.08-23.13.39:949][ 39]PIE: Play in editor total start time 0.854 seconds.
[2020.09.08-23.14.00:022][722]LogEditorViewport: Clicking on Actor (LMB): StaticMeshActor (2x1_Door_and_Frame_Door)
[2020.09.08-23.14.32:169][960]LogTemp: Error: GAA
[2020.09.08-23.14.32:188][961]LogTemp: Error: GAA
[2020.09.08-23.14.32:211][962]LogTemp: Error: GAA
[2020.09.08-23.14.32:250][963]LogTemp: Error: GAA
[2020.09.08-23.14.32:280][964]LogTemp: Error: GAA
[2020.09.08-23.14.32:305][965]LogTemp: Error: GAA
[2020.09.08-23.14.32:354][966]LogTemp: Error: GAA
[2020.09.08-23.14.32:366][967]LogTemp: Error: GAA
[2020.09.08-23.14.32:390][968]LogTemp: Error: GAA
[2020.09.08-23.14.32:419][969]LogTemp: Error: GAA
[2020.09.08-23.14.32:448][970]LogTemp: Error: GAA
[2020.09.08-23.14.32:483][971]LogTemp: Error: GAA
[2020.09.08-23.14.32:516][972]LogTemp: Error: GAA
[2020.09.08-23.14.32:533][973]LogTemp: Error: GAA
[2020.09.08-23.14.32:560][974]LogTemp: Error: GAA
[2020.09.08-23.14.32:600][975]LogTemp: Error: GAA
[2020.09.08-23.14.33:788][ 13]LogTemp: Error: GAA
[2020.09.08-23.14.33:822][ 14]LogTemp: Error: GAA
[2020.09.08-23.14.33:859][ 15]LogTemp: Error: GAA
[2020.09.08-23.14.33:891][ 16]LogTemp: Error: GAA
[2020.09.08-23.14.33:930][ 17]LogTemp: Error: GAA
[2020.09.08-23.14.33:964][ 18]LogTemp: Error: GAA
[2020.09.08-23.14.34:000][ 19]LogTemp: Error: GAA
[2020.09.08-23.14.34:047][ 20]LogTemp: Error: GAA
[2020.09.08-23.14.34:073][ 21]LogTemp: Error: GAA
[2020.09.08-23.14.34:109][ 22]LogTemp: Error: GAA
[2020.09.08-23.14.34:140][ 23]LogTemp: Error: GAA
[2020.09.08-23.14.34:166][ 24]LogTemp: Error: GAA
[2020.09.08-23.14.34:183][ 25]LogTemp: Error: GAA
[2020.09.08-23.14.34:217][ 26]LogTemp: Error: GAA
[2020.09.08-23.14.34:242][ 27]LogTemp: Error: GAA
[2020.09.08-23.14.34:281][ 28]LogTemp: Error: GAA
[2020.09.08-23.14.34:312][ 29]LogTemp: Error: GAA
[2020.09.08-23.14.34:332][ 30]LogTemp: Error: GAA
[2020.09.08-23.14.44:771][427]LogSlate: Updating window title bar state: overlay mode, drag disabled, window buttons hidden, title bar hidden
[2020.09.08-23.14.44:771][427]LogWorld: BeginTearingDown for /Game/Level/UEDPIE_0_Level1
[2020.09.08-23.14.44:772][427]LogWorld: UWorld::CleanupWorld for Level1, bSessionEnded=true, bCleanupResources=true
[2020.09.08-23.14.44:773][427]LogSlate: InvalidateAllWidgets triggered.  All widgets were invalidated
[2020.09.08-23.14.44:789][427]LogPlayLevel: Display: Shutting down PIE online subsystems
[2020.09.08-23.14.44:792][427]LogSlate: InvalidateAllWidgets triggered.  All widgets were invalidated
[2020.09.08-23.14.44:890][427]LogSlate: Updating window title bar state: overlay mode, drag disabled, window buttons hidden, title bar hidden
[2020.09.08-23.14.44:894][427]LogAISub: UAISubsystem::~UAISubsystem AIPerceptionSystem (000001A77DB0FB00), frame # 18427
[2020.09.08-23.14.44:894][427]LogAISub: UAISubsystem::~UAISubsystem EnvQueryManager (000001A7798ACA00), frame # 18427
[2020.09.08-23.14.44:897][427]LogUObjectHash: Compacting FUObjectHashTables data took   1.95ms
[2020.09.08-23.14.45:211][434]LogPlayLevel: Display: Destroying online subsystem :Context_6
[2020.09.08-23.18.35:217][665]LogTemp: Repeating last play command: Selected Viewport
[2020.09.08-23.18.35:278][665]LogPlayLevel: PlayLevel: No blueprints needed recompiling
[2020.09.08-23.18.35:279][665]PIE: New page: PIE session: Level1 (8 set. 2020 13:18:35)
[2020.09.08-23.18.35:279][665]LogPlayLevel: Creating play world package: /Game/Level/UEDPIE_0_Level1
[2020.09.08-23.18.35:316][665]LogPlayLevel: PIE: StaticDuplicateObject took: (0.036997s)
[2020.09.08-23.18.35:319][665]LogAIModule: Creating AISystem for world Level1
[2020.09.08-23.18.35:319][665]LogAISub: UAISubsystem::UAISubsystem EnvQueryManager (000001A710959000), frame # 23665
[2020.09.08-23.18.35:320][665]LogAISub: UAISubsystem::UAISubsystem AIPerceptionSystem (000001A710971940), frame # 23665
[2020.09.08-23.18.35:320][665]LogPlayLevel: PIE: World Init took: (0.003572s)
[2020.09.08-23.18.35:320][665]LogPlayLevel: PIE: Created PIE world by copying editor world from /Game/Level/Level1.Level1 to /Game/Level/UEDPIE_0_Level1.Level1 (0.041119s)
[2020.09.08-23.18.35:349][665]LogUObjectHash: Compacting FUObjectHashTables data took   1.75ms
[2020.09.08-23.18.35:360][665]LogAudioMixer: Display: Audio Mixer Platform Settings:
[2020.09.08-23.18.35:360][665]LogAudioMixer: Display: 	Sample Rate:						  48000
[2020.09.08-23.18.35:360][665]LogAudioMixer: Display: 	Callback Buffer Frame Size Requested: 1024
[2020.09.08-23.18.35:360][665]LogAudioMixer: Display: 	Callback Buffer Frame Size To Use:	  1024
[2020.09.08-23.18.35:360][665]LogAudioMixer: Display: 	Number of buffers to queue:			  2
[2020.09.08-23.18.35:360][665]LogAudioMixer: Display: 	Max Channels (voices):				  32
[2020.09.08-23.18.35:360][665]LogAudioMixer: Display: 	Number of Async Source Workers:		  0
[2020.09.08-23.18.35:360][665]LogAudio: Display: AudioDevice MaxSources: 32
[2020.09.08-23.18.35:361][665]LogAudio: Display: Using built-in audio occlusion.
[2020.09.08-23.18.35:362][665]LogAudioMixer: Display: Initializing audio mixer.
[2020.09.08-23.18.35:378][665]LogAudioMixer: Display: 0: FrontLeft
[2020.09.08-23.18.35:378][665]LogAudioMixer: Display: 1: FrontRight
[2020.09.08-23.18.35:482][665]LogAudioMixer: Display: Using Audio Device Speakers / Headphones (Conexant SmartAudio HD)
[2020.09.08-23.18.35:482][665]LogAudioMixer: Display: Initializing Sound Submixes...
[2020.09.08-23.18.35:483][665]LogAudioMixer: Display: Creating Master Submix 'MasterSubmixDefault'
[2020.09.08-23.18.35:483][665]LogAudioMixer: Display: Creating Master Submix 'MasterReverbSubmixDefault'
[2020.09.08-23.18.35:483][665]LogAudioMixer: Display: Creating Master Submix 'MasterEQSubmixDefault'
[2020.09.08-23.18.35:510][665]LogInit: FAudioDevice initialized.
[2020.09.08-23.18.35:537][665]LogLoad: Game class is 'GameModeBase'
[2020.09.08-23.18.35:542][665]LogWorld: Bringing World /Game/Level/UEDPIE_0_Level1.Level1 up for play (max tick rate 60) at 2020.09.08-18.18.35
[2020.09.08-23.18.35:543][665]LogWorld: Bringing up level for play took: 0.004888
[2020.09.08-23.18.35:544][665]LogOnline: OSS: Creating online subsystem instance for: :Context_7
[2020.09.08-23.18.35:549][665]PIE: Server logged in
[2020.09.08-23.18.35:551][665]PIE: Play in editor total start time 0.284 seconds.
[2020.09.08-23.18.46:737][ 89]LogEditorViewport: Clicking on Actor (LMB): StaticMeshActor (2x1_Door_and_Frame_Door)
[2020.09.08-23.19.10:993][ 24]LogTemp: Error: GAA
[2020.09.08-23.19.11:022][ 25]LogTemp: Error: GAA
[2020.09.08-23.19.11:048][ 26]LogTemp: Error: GAA
[2020.09.08-23.19.11:071][ 27]LogTemp: Error: GAA
[2020.09.08-23.19.11:091][ 28]LogTemp: Error: GAA
[2020.09.08-23.19.11:139][ 29]LogTemp: Error: GAA
[2020.09.08-23.19.11:169][ 30]LogTemp: Error: GAA
[2020.09.08-23.19.11:207][ 31]LogTemp: Error: GAA
[2020.09.08-23.19.11:237][ 32]LogTemp: Error: GAA
[2020.09.08-23.19.11:275][ 33]LogTemp: Error: GAA
[2020.09.08-23.19.11:294][ 34]LogTemp: Error: GAA
[2020.09.08-23.19.11:327][ 35]LogTemp: Error: GAA
[2020.09.08-23.19.11:356][ 36]LogTemp: Error: GAA
[2020.09.08-23.19.22:777][511]LogTemp: Error: GAA
[2020.09.08-23.19.22:799][512]LogTemp: Error: GAA
[2020.09.08-23.19.22:823][513]LogTemp: Error: GAA
[2020.09.08-23.19.22:847][514]LogTemp: Error: GAA
[2020.09.08-23.19.22:870][515]LogTemp: Error: GAA
[2020.09.08-23.19.24:683][594]LogTemp: Error: GAA
[2020.09.08-23.19.24:705][595]LogTemp: Error: GAA
[2020.09.08-23.19.24:728][596]LogTemp: Error: GAA
[2020.09.08-23.19.24:751][597]LogTemp: Error: GAA
[2020.09.08-23.19.24:774][598]LogTemp: Error: GAA
[2020.09.08-23.19.24:797][599]LogTemp: Error: GAA
[2020.09.08-23.19.24:838][600]LogTemp: Error: GAA
[2020.09.08-23.19.24:887][601]LogTemp: Error: GAA
[2020.09.08-23.19.24:918][602]LogTemp: Error: GAA
[2020.09.08-23.19.24:948][603]LogTemp: Error: GAA
[2020.09.08-23.19.24:989][604]LogTemp: Error: GAA
[2020.09.08-23.19.25:020][605]LogTemp: Error: GAA
[2020.09.08-23.19.25:045][606]LogTemp: Error: GAA
[2020.09.08-23.19.25:080][607]LogTemp: Error: GAA
[2020.09.08-23.19.25:114][608]LogTemp: Error: GAA
[2020.09.08-23.19.25:140][609]LogTemp: Error: GAA
[2020.09.08-23.19.28:027][713]LogSlate: Updating window title bar state: overlay mode, drag disabled, window buttons hidden, title bar hidden
[2020.09.08-23.19.28:027][713]LogWorld: BeginTearingDown for /Game/Level/UEDPIE_0_Level1
[2020.09.08-23.19.28:028][713]LogWorld: UWorld::CleanupWorld for Level1, bSessionEnded=true, bCleanupResources=true
[2020.09.08-23.19.28:028][713]LogSlate: InvalidateAllWidgets triggered.  All widgets were invalidated
[2020.09.08-23.19.28:044][713]LogPlayLevel: Display: Shutting down PIE online subsystems
[2020.09.08-23.19.28:049][713]LogSlate: InvalidateAllWidgets triggered.  All widgets were invalidated
[2020.09.08-23.19.28:123][713]LogSlate: Updating window title bar state: overlay mode, drag disabled, window buttons hidden, title bar hidden
[2020.09.08-23.19.28:125][713]LogAISub: UAISubsystem::~UAISubsystem AIPerceptionSystem (000001A710971940), frame # 25713
[2020.09.08-23.19.28:125][713]LogAISub: UAISubsystem::~UAISubsystem EnvQueryManager (000001A710959000), frame # 25713
[2020.09.08-23.19.28:129][713]LogUObjectHash: Compacting FUObjectHashTables data took   1.86ms
[2020.09.08-23.19.28:419][720]LogPlayLevel: Display: Destroying online subsystem :Context_7
[2020.09.08-23.20.44:548][ 68]LogSlate: Window 'Editor Preferences' being destroyed
[2020.09.08-23.20.44:582][ 68]LogSlate: Window 'Editor Preferences' being destroyed
[2020.09.08-23.23.03:825][951]LogSlate: Window 'Project Settings' being destroyed
[2020.09.08-23.23.03:840][951]LogSlate: Window 'Project Settings' being destroyed
[2020.09.08-23.23.06:033][ 18]LogTemp: Repeating last play command: Selected Viewport
[2020.09.08-23.23.06:076][ 18]LogPlayLevel: PlayLevel: No blueprints needed recompiling
[2020.09.08-23.23.06:077][ 18]PIE: New page: PIE session: Level1 (8 set. 2020 13:23:06)
[2020.09.08-23.23.06:077][ 18]LogPlayLevel: Creating play world package: /Game/Level/UEDPIE_0_Level1
[2020.09.08-23.23.06:101][ 18]LogPlayLevel: PIE: StaticDuplicateObject took: (0.023271s)
[2020.09.08-23.23.06:103][ 18]LogAIModule: Creating AISystem for world Level1
[2020.09.08-23.23.06:103][ 18]LogAISub: UAISubsystem::UAISubsystem EnvQueryManager (000001A7939B8400), frame # 32018
[2020.09.08-23.23.06:103][ 18]LogAISub: UAISubsystem::UAISubsystem AIPerceptionSystem (000001A7147BEC00), frame # 32018
[2020.09.08-23.23.06:104][ 18]LogPlayLevel: PIE: World Init took: (0.002782s)
[2020.09.08-23.23.06:104][ 18]LogPlayLevel: PIE: Created PIE world by copying editor world from /Game/Level/Level1.Level1 to /Game/Level/UEDPIE_0_Level1.Level1 (0.026543s)
[2020.09.08-23.23.06:121][ 18]LogUObjectHash: Compacting FUObjectHashTables data took   1.13ms
[2020.09.08-23.23.06:132][ 18]LogAudioMixer: Display: Audio Mixer Platform Settings:
[2020.09.08-23.23.06:132][ 18]LogAudioMixer: Display: 	Sample Rate:						  48000
[2020.09.08-23.23.06:132][ 18]LogAudioMixer: Display: 	Callback Buffer Frame Size Requested: 1024
[2020.09.08-23.23.06:132][ 18]LogAudioMixer: Display: 	Callback Buffer Frame Size To Use:	  1024
[2020.09.08-23.23.06:132][ 18]LogAudioMixer: Display: 	Number of buffers to queue:			  2
[2020.09.08-23.23.06:132][ 18]LogAudioMixer: Display: 	Max Channels (voices):				  32
[2020.09.08-23.23.06:133][ 18]LogAudioMixer: Display: 	Number of Async Source Workers:		  0
[2020.09.08-23.23.06:133][ 18]LogAudio: Display: AudioDevice MaxSources: 32
[2020.09.08-23.23.06:134][ 18]LogAudio: Display: Using built-in audio occlusion.
[2020.09.08-23.23.06:134][ 18]LogAudioMixer: Display: Initializing audio mixer.
[2020.09.08-23.23.06:139][ 18]LogAudioMixer: Display: 0: FrontLeft
[2020.09.08-23.23.06:139][ 18]LogAudioMixer: Display: 1: FrontRight
[2020.09.08-23.23.06:196][ 18]LogAudioMixer: Display: Using Audio Device Speakers / Headphones (Conexant SmartAudio HD)
[2020.09.08-23.23.06:196][ 18]LogAudioMixer: Display: Initializing Sound Submixes...
[2020.09.08-23.23.06:197][ 18]LogAudioMixer: Display: Creating Master Submix 'MasterSubmixDefault'
[2020.09.08-23.23.06:197][ 18]LogAudioMixer: Display: Creating Master Submix 'MasterReverbSubmixDefault'
[2020.09.08-23.23.06:198][ 18]LogAudioMixer: Display: Creating Master Submix 'MasterEQSubmixDefault'
[2020.09.08-23.23.06:220][ 18]LogInit: FAudioDevice initialized.
[2020.09.08-23.23.06:238][ 18]LogLoad: Game class is 'GameModeBase'
[2020.09.08-23.23.06:241][ 18]LogWorld: Bringing World /Game/Level/UEDPIE_0_Level1.Level1 up for play (max tick rate 60) at 2020.09.08-18.23.06
[2020.09.08-23.23.06:242][ 18]LogWorld: Bringing up level for play took: 0.002517
[2020.09.08-23.23.06:242][ 18]LogOnline: OSS: Creating online subsystem instance for: :Context_8
[2020.09.08-23.23.06:247][ 18]PIE: Server logged in
[2020.09.08-23.23.06:248][ 18]PIE: Play in editor total start time 0.182 seconds.
[2020.09.08-23.23.12:897][288]LogEditorViewport: Clicking on Actor (LMB): StaticMeshActor (2x1_Door_and_Frame_Door)
[2020.09.08-23.23.28:642][938]LogTemp: Error: GAA
[2020.09.08-23.23.28:671][939]LogTemp: Error: GAA
[2020.09.08-23.23.28:688][940]LogTemp: Error: GAA
[2020.09.08-23.23.28:710][941]LogTemp: Error: GAA
[2020.09.08-23.23.28:734][942]LogTemp: Error: GAA
[2020.09.08-23.23.28:756][943]LogTemp: Error: GAA
[2020.09.08-23.23.28:778][944]LogTemp: Error: GAA
[2020.09.08-23.23.28:801][945]LogTemp: Error: GAA
[2020.09.08-23.23.28:823][946]LogTemp: Error: GAA
[2020.09.08-23.23.28:842][947]LogTemp: Error: GAA
[2020.09.08-23.23.28:869][948]LogTemp: Error: GAA
[2020.09.08-23.23.28:888][949]LogTemp: Error: GAA
[2020.09.08-23.23.28:910][950]LogTemp: Error: GAA
[2020.09.08-23.23.28:932][951]LogTemp: Error: GAA
[2020.09.08-23.23.28:956][952]LogTemp: Error: GAA
[2020.09.08-23.23.28:974][953]LogTemp: Error: GAA
[2020.09.08-23.23.29:000][954]LogTemp: Error: GAA
[2020.09.08-23.23.29:020][955]LogTemp: Error: GAA
[2020.09.08-23.23.29:042][956]LogTemp: Error: GAA
[2020.09.08-23.23.29:063][957]LogTemp: Error: GAA
[2020.09.08-23.23.29:086][958]LogTemp: Error: GAA
[2020.09.08-23.23.29:106][959]LogTemp: Error: GAA
[2020.09.08-23.23.29:127][960]LogTemp: Error: GAA
[2020.09.08-23.23.29:152][961]LogTemp: Error: GAA
[2020.09.08-23.23.29:170][962]LogTemp: Error: GAA
[2020.09.08-23.23.29:195][963]LogTemp: Error: GAA
[2020.09.08-23.23.29:216][964]LogTemp: Error: GAA
[2020.09.08-23.23.29:238][965]LogTemp: Error: GAA
[2020.09.08-23.23.29:263][966]LogTemp: Error: GAA
[2020.09.08-23.23.29:287][967]LogTemp: Error: GAA
[2020.09.08-23.23.29:308][968]LogTemp: Error: GAA
[2020.09.08-23.23.32:024][ 90]LogTemp: Error: GAA
[2020.09.08-23.23.32:049][ 91]LogTemp: Error: GAA
[2020.09.08-23.23.32:071][ 92]LogTemp: Error: GAA
[2020.09.08-23.23.32:091][ 93]LogTemp: Error: GAA
[2020.09.08-23.23.32:117][ 94]LogTemp: Error: GAA
[2020.09.08-23.23.32:139][ 95]LogTemp: Error: GAA
[2020.09.08-23.23.32:162][ 96]LogTemp: Error: GAA
[2020.09.08-23.23.32:184][ 97]LogTemp: Error: GAA
[2020.09.08-23.23.32:206][ 98]LogTemp: Error: GAA
[2020.09.08-23.23.32:230][ 99]LogTemp: Error: GAA
[2020.09.08-23.23.32:253][100]LogTemp: Error: GAA
[2020.09.08-23.23.32:273][101]LogTemp: Error: GAA
[2020.09.08-23.23.34:387][179]LogTemp: Error: GAA
[2020.09.08-23.23.34:410][180]LogTemp: Error: GAA
[2020.09.08-23.23.34:442][181]LogTemp: Error: GAA
[2020.09.08-23.23.34:476][182]LogTemp: Error: GAA
[2020.09.08-23.23.34:503][183]LogTemp: Error: GAA
[2020.09.08-23.23.34:528][184]LogTemp: Error: GAA
[2020.09.08-23.23.34:570][185]LogTemp: Error: GAA
[2020.09.08-23.23.34:600][186]LogTemp: Error: GAA
[2020.09.08-23.23.41:708][482]LogSlate: Updating window title bar state: overlay mode, drag disabled, window buttons hidden, title bar hidden
[2020.09.08-23.23.41:708][482]LogWorld: BeginTearingDown for /Game/Level/UEDPIE_0_Level1
[2020.09.08-23.23.41:708][482]LogWorld: UWorld::CleanupWorld for Level1, bSessionEnded=true, bCleanupResources=true
[2020.09.08-23.23.41:710][482]LogSlate: InvalidateAllWidgets triggered.  All widgets were invalidated
[2020.09.08-23.23.41:722][482]LogPlayLevel: Display: Shutting down PIE online subsystems
[2020.09.08-23.23.41:725][482]LogSlate: InvalidateAllWidgets triggered.  All widgets were invalidated
[2020.09.08-23.23.41:801][482]LogSlate: Updating window title bar state: overlay mode, drag disabled, window buttons hidden, title bar hidden
[2020.09.08-23.23.41:802][482]LogAISub: UAISubsystem::~UAISubsystem AIPerceptionSystem (000001A7147BEC00), frame # 33482
[2020.09.08-23.23.41:802][482]LogAISub: UAISubsystem::~UAISubsystem EnvQueryManager (000001A7939B8400), frame # 33482
[2020.09.08-23.23.41:805][482]LogUObjectHash: Compacting FUObjectHashTables data took   1.85ms
[2020.09.08-23.23.41:894][483]LogPlayLevel: Display: Destroying online subsystem :Context_8
[2020.09.09-02.07.54:670][620]LogEditorViewport: Clicking on Actor (LMB): StaticMeshActor (2x1_Door_and_Frame_Door)
[2020.09.09-02.10.08:815][803]LogSlate: Window 'Save Level As' being destroyed
[2020.09.09-02.10.14:540][  2]LogUProjectInfo: Found projects:
[2020.09.09-02.10.14:590][  2]LogSlate: WidgetSwitcher ('None') active index changed to -1
[2020.09.09-02.10.14:591][  2]LogSlate: WidgetSwitcher ('None') active index changed to 1
[2020.09.09-02.10.14:663][  2]LogSlate: Took 0.002302 seconds to synchronously load lazily loaded font '../../../Engine/Content/Slate/Fonts/Roboto-BoldCondensed.ttf' (158K)
