Log file open, 10/03/20 13:32:15
LogInit: Display: Running engine for game: ToonTanks
LogPlatformFile: Not using cached read wrapper
LogTaskGraph: Started task graph with 5 named threads and 11 total threads with 3 sets of task threads.
LogStats: Stats thread started at 0.288197
LogD3D11RHI: Loaded GFSDK_Aftermath_Lib.x64.dll
LogICUInternationalization: ICU TimeZone Detection - Raw Offset: -5:00, Platform Override: ''
LogPluginManager: Mounting plugin Paper2D
LogPluginManager: Mounting plugin AISupport
LogPluginManager: Mounting plugin LightPropagationVolume
LogPluginManager: Mounting plugin CameraShakePreviewer
LogPluginManager: Mounting plugin ActorLayerUtilities
LogPluginManager: Mounting plugin AnimationSharing
LogPluginManager: Mounting plugin CLionSourceCodeAccess
LogPluginManager: Mounting plugin CodeLiteSourceCodeAccess
LogPluginManager: Mounting plugin GitSourceControl
LogPluginManager: Mounting plugin KDevelopSourceCodeAccess
LogPluginManager: Mounting plugin NullSourceCodeAccess
LogPluginManager: Mounting plugin PerforceSourceControl
LogPluginManager: Mounting plugin PlasticSourceControl
LogPluginManager: Mounting plugin RiderSourceCodeAccess
LogPluginManager: Mounting plugin SubversionSourceControl
LogPluginManager: Mounting plugin UObjectPlugin
LogPluginManager: Mounting plugin VisualStudioCodeSourceCodeAccess
LogPluginManager: Mounting plugin VisualStudioSourceCodeAccess
LogPluginManager: Mounting plugin XCodeSourceCodeAccess
LogPluginManager: Mounting plugin AssetManagerEditor
LogPluginManager: Mounting plugin CryptoKeys
LogPluginManager: Mounting plugin CurveEditorTools
LogPluginManager: Mounting plugin DataValidation
LogPluginManager: Mounting plugin EditorScriptingUtilities
LogPluginManager: Mounting plugin FacialAnimation
LogPluginManager: Mounting plugin GameplayTagsEditor
LogPluginManager: Mounting plugin GeometryMode
LogPluginManager: Mounting plugin MacGraphicsSwitching
LogPluginManager: Mounting plugin MaterialAnalyzer
LogPluginManager: Mounting plugin MobileLauncherProfileWizard
LogPluginManager: Mounting plugin PluginBrowser
LogPluginManager: Mounting plugin SpeedTreeImporter
LogPluginManager: Mounting plugin DatasmithContent
LogPluginManager: Mounting plugin VariantManagerContent
LogPluginManager: Mounting plugin AlembicImporter
LogPluginManager: Mounting plugin AutomationUtils
LogPluginManager: Mounting plugin BackChannel
LogPluginManager: Mounting plugin ChaosCloth
LogPluginManager: Mounting plugin ChaosClothEditor
LogPluginManager: Mounting plugin ChaosEditor
LogPluginManager: Mounting plugin ChaosNiagara
LogPluginManager: Mounting plugin ChaosSolverPlugin
LogPluginManager: Mounting plugin CharacterAI
LogPluginManager: Mounting plugin GeometryCache
LogPluginManager: Mounting plugin GeometryCollectionPlugin
LogPluginManager: Mounting plugin GeometryProcessing
LogPluginManager: Mounting plugin PlanarCut
LogPluginManager: Mounting plugin PlatformCrypto
LogPluginManager: Mounting plugin ProxyLODPlugin
LogPluginManager: Mounting plugin SkeletalReduction
LogPluginManager: Mounting plugin Niagara
LogPluginManager: Mounting plugin MagicLeap
LogPluginManager: Mounting plugin MagicLeapLightEstimation
LogPluginManager: Mounting plugin MagicLeapMedia
LogPluginManager: Mounting plugin MagicLeapPassableWorld
LogPluginManager: Mounting plugin MLSDK
LogPluginManager: Mounting plugin AndroidMedia
LogPluginManager: Mounting plugin AvfMedia
LogPluginManager: Mounting plugin ImgMedia
LogPluginManager: Mounting plugin MediaCompositing
LogPluginManager: Mounting plugin MediaPlayerEditor
LogPluginManager: Mounting plugin WebMMedia
LogPluginManager: Mounting plugin WmfMedia
LogPluginManager: Mounting plugin MeshPainting
LogPluginManager: Mounting plugin TcpMessaging
LogPluginManager: Mounting plugin UdpMessaging
LogPluginManager: Mounting plugin ActorSequence
LogPluginManager: Mounting plugin LevelSequenceEditor
LogPluginManager: Mounting plugin MatineeToLevelSequence
LogPluginManager: Mounting plugin MovieRenderPipeline
LogPluginManager: Mounting plugin TemplateSequence
LogPluginManager: Mounting plugin NetcodeUnitTest
LogPluginManager: Mounting plugin NUTUnrealEngine4
LogPluginManager: Mounting plugin OnlineSubsystemGooglePlay
LogPluginManager: Mounting plugin OnlineSubsystemIOS
LogPluginManager: Mounting plugin OnlineSubsystem
LogPluginManager: Mounting plugin OnlineSubsystemNull
LogPluginManager: Mounting plugin OnlineSubsystemUtils
LogPluginManager: Mounting plugin LauncherChunkInstaller
LogPluginManager: Mounting plugin AndroidDeviceProfileSelector
LogPluginManager: Mounting plugin AndroidMoviePlayer
LogPluginManager: Mounting plugin AndroidPermission
LogPluginManager: Mounting plugin AppleImageUtils
LogPluginManager: Mounting plugin AppleMoviePlayer
LogPluginManager: Mounting plugin ArchVisCharacter
LogPluginManager: Mounting plugin AssetTags
LogPluginManager: Mounting plugin AudioCapture
LogPluginManager: Mounting plugin CableComponent
LogPluginManager: Mounting plugin CustomMeshComponent
LogPluginManager: Mounting plugin EditableMesh
LogPluginManager: Mounting plugin ExampleDeviceProfileSelector
LogPluginManager: Mounting plugin GoogleCloudMessaging
LogPluginManager: Mounting plugin GooglePAD
LogPluginManager: Mounting plugin IOSDeviceProfileSelector
LogPluginManager: Mounting plugin LinuxDeviceProfileSelector
LogPluginManager: Mounting plugin LocationServicesBPLibrary
LogPluginManager: Mounting plugin MobilePatchingUtils
LogPluginManager: Mounting plugin OculusVR
LogPluginManager: Mounting plugin PhysXVehicles
LogPluginManager: Mounting plugin PostSplashScreen
LogPluginManager: Mounting plugin ProceduralMeshComponent
LogPluginManager: Mounting plugin RuntimePhysXCooking
LogPluginManager: Mounting plugin SignificanceManager
LogPluginManager: Mounting plugin SoundFields
LogPluginManager: Mounting plugin SteamVR
LogPluginManager: Mounting plugin Synthesis
LogPluginManager: Mounting plugin WebMMoviePlayer
LogPluginManager: Mounting plugin WindowsMoviePlayer
LogPluginManager: Mounting plugin ScreenshotTools
LogInit: Using libcurl 7.55.1-DEV
LogInit:  - built for x86_64-pc-win32
LogInit:  - supports SSL with OpenSSL/1.1.1
LogInit:  - supports HTTP deflate (compression) using libz 1.2.8
LogInit:  - other features:
LogInit:      CURL_VERSION_SSL
LogInit:      CURL_VERSION_LIBZ
LogInit:      CURL_VERSION_IPV6
LogInit:      CURL_VERSION_ASYNCHDNS
LogInit:      CURL_VERSION_LARGEFILE
LogInit:      CURL_VERSION_IDN
LogInit:  CurlRequestOptions (configurable via config and command line):
LogInit:  - bVerifyPeer = true  - Libcurl will verify peer certificate
LogInit:  - bUseHttpProxy = false  - Libcurl will NOT use HTTP proxy
LogInit:  - bDontReuseConnections = false  - Libcurl will reuse connections
LogInit:  - MaxHostConnections = 16  - Libcurl will limit the number of connections to a host
LogInit:  - LocalHostAddr = Default
LogInit:  - BufferSize = 65536
LogOnline: OSS: Creating online subsystem instance for: NULL
LogInit: WinSock: version 1.1 (2.2), MaxSocks=32767, MaxUdp=65467
LogOnline: OSS: TryLoadSubsystemAndSetDefault: Loaded subsystem for module [NULL]
LogInit: Build: ++UE4+Release-4.25-CL-13942748
LogInit: Engine Version: 4.25.3-13942748+++UE4+Release-4.25
LogInit: Compatible Engine Version: 4.25.0-13144385+++UE4+Release-4.25
LogInit: Net CL: 13144385
LogInit: OS: Windows 10 (Release 1903) (), CPU: Intel(R) Core(TM) i7-6500U CPU @ 2.50GHz, GPU: Intel(R) HD Graphics 520
LogInit: Compiled (64-bit): Jul 25 2020 02:07:48
LogInit: Compiled with Visual C++: 19.24.28315.00
LogInit: Build Configuration: Development
LogInit: Branch Name: ++UE4+Release-4.25
LogInit: Command Line:  -EpicPortal -epicusername=lvaldivia -epicuserid=09e0dcead18f4924bfd97a0bef32efa8 -epiclocale=en
LogInit: Base Directory: C:/Program Files/Epic Games/UE_4.25/Engine/Binaries/Win64/
LogInit: Allocator: TBB
LogInit: Installed Engine Build: 1
LogDevObjectVersion: Number of dev versions registered: 26
LogDevObjectVersion:   Dev-Blueprints (B0D832E4-1F89-4F0D-ACCF-7EB736FD4AA2): 10
LogDevObjectVersion:   Dev-Build (E1C64328-A22C-4D53-A36C-8E866417BD8C): 0
LogDevObjectVersion:   Dev-Core (375EC13C-06E4-48FB-B500-84F0262A717E): 4
LogDevObjectVersion:   Dev-Editor (E4B068ED-F494-42E9-A231-DA0B2E46BB41): 38
LogDevObjectVersion:   Dev-Framework (CFFC743F-43B0-4480-9391-14DF171D2073): 37
LogDevObjectVersion:   Dev-Mobile (B02B49B5-BB20-44E9-A304-32B752E40360): 2
LogDevObjectVersion:   Dev-Networking (A4E4105C-59A1-49B5-A7C5-40C4547EDFEE): 0
LogDevObjectVersion:   Dev-Online (39C831C9-5AE6-47DC-9A44-9C173E1C8E7C): 0
LogDevObjectVersion:   Dev-Physics (78F01B33-EBEA-4F98-B9B4-84EACCB95AA2): 4
LogDevObjectVersion:   Dev-Platform (6631380F-2D4D-43E0-8009-CF276956A95A): 0
LogDevObjectVersion:   Dev-Rendering (12F88B9F-8875-4AFC-A67C-D90C383ABD29): 43
LogDevObjectVersion:   Dev-Sequencer (7B5AE74C-D270-4C10-A958-57980B212A5A): 12
LogDevObjectVersion:   Dev-VR (D7296918-1DD6-4BDD-9DE2-64A83CC13884): 3
LogDevObjectVersion:   Dev-LoadTimes (C2A15278-BFE7-4AFE-6C17-90FF531DF755): 1
LogDevObjectVersion:   Private-Geometry (6EACA3D4-40EC-4CC1-B786-8BED09428FC5): 3
LogDevObjectVersion:   Dev-AnimPhys (29E575DD-E0A3-4627-9D10-D276232CDCEA): 17
LogDevObjectVersion:   Dev-Anim (AF43A65D-7FD3-4947-9873-3E8ED9C1BB05): 7
LogDevObjectVersion:   Dev-ReflectionCapture (6B266CEC-1EC7-4B8F-A30B-E4D90942FC07): 1
LogDevObjectVersion:   Dev-Automation (0DF73D61-A23F-47EA-B727-89E90C41499A): 1
LogDevObjectVersion:   FortniteMain (601D1886-AC64-4F84-AA16-D3DE0DEAC7D6): 31
LogDevObjectVersion:   Dev-Enterprise (9DFFBCD6-494F-0158-E221-12823C92A888): 10
LogDevObjectVersion:   Dev-Niagara (F2AED0AC-9AFE-416F-8664-AA7FFA26D6FC): 1
LogDevObjectVersion:   Dev-Destruction (174F1F0B-B4C6-45A5-B13F-2EE8D0FB917D): 10
LogDevObjectVersion:   Dev-Physics-Ext (35F94A83-E258-406C-A318-09F59610247C): 37
LogDevObjectVersion:   Dev-PhysicsMaterial-Chaos (B68FC16E-8B1B-42E2-B453-215C058844FE): 1
LogDevObjectVersion:   Dev-CineCamera (B2E18506-4273-CFC2-A54E-F4BB758BBA07): 1
LogInit: Presizing for max 25165824 objects, including 0 objects not considered by GC, pre-allocating 0 bytes for permanent pool.
LogConfig: Applying CVar settings from Section [/Script/Engine.StreamingSettings] File [C:/Users/Luis/Documents/Unreal/Tanks/Saved/Config/Windows/Engine.ini]
LogConfig: Setting CVar [[s.MinBulkDataSizeForAsyncLoading:131072]]
LogConfig: Setting CVar [[s.AsyncLoadingThreadEnabled:0]]
LogConfig: Setting CVar [[s.EventDrivenLoaderEnabled:1]]
LogConfig: Setting CVar [[s.WarnIfTimeLimitExceeded:0]]
LogConfig: Setting CVar [[s.TimeLimitExceededMultiplier:1.5]]
LogConfig: Setting CVar [[s.TimeLimitExceededMinTime:0.005]]
LogConfig: Setting CVar [[s.UseBackgroundLevelStreaming:1]]
LogConfig: Setting CVar [[s.PriorityAsyncLoadingExtraTime:15.0]]
LogConfig: Setting CVar [[s.LevelStreamingActorsUpdateTimeLimit:5.0]]
LogConfig: Setting CVar [[s.PriorityLevelStreamingActorsUpdateExtraTime:5.0]]
LogConfig: Setting CVar [[s.LevelStreamingComponentsRegistrationGranularity:10]]
LogConfig: Setting CVar [[s.UnregisterComponentsTimeLimit:1.0]]
LogConfig: Setting CVar [[s.LevelStreamingComponentsUnregistrationGranularity:5]]
LogConfig: Setting CVar [[s.FlushStreamingOnExit:1]]
LogInit: Object subsystem initialized
LogConfig: Setting CVar [[con.DebugEarlyDefault:1]]
LogConfig: Setting CVar [[r.setres:1280x720]]
[2020.10.03-18.32.16:194][  0]LogConfig: Setting CVar [[r.VSync:0]]
[2020.10.03-18.32.16:194][  0]LogConfig: Setting CVar [[r.RHICmdBypass:0]]
[2020.10.03-18.32.16:194][  0]LogConfig: Applying CVar settings from Section [/Script/Engine.RendererSettings] File [C:/Users/Luis/Documents/Unreal/Tanks/Saved/Config/Windows/Engine.ini]
[2020.10.03-18.32.16:194][  0]LogConfig: Setting CVar [[r.GPUCrashDebugging:0]]
[2020.10.03-18.32.16:194][  0]LogConfig: Setting CVar [[r.DefaultFeature.AutoExposure.ExtendDefaultLuminanceRange:1]]
[2020.10.03-18.32.16:194][  0]LogConfig: Setting CVar [[r.DefaultFeature.AutoExposure:0]]
[2020.10.03-18.32.16:194][  0]LogConfig: Applying CVar settings from Section [/Script/Engine.RendererOverrideSettings] File [C:/Users/Luis/Documents/Unreal/Tanks/Saved/Config/Windows/Engine.ini]
[2020.10.03-18.32.16:194][  0]LogConfig: Applying CVar settings from Section [/Script/Engine.StreamingSettings] File [C:/Users/Luis/Documents/Unreal/Tanks/Saved/Config/Windows/Engine.ini]
[2020.10.03-18.32.16:194][  0]LogConfig: Setting CVar [[s.MinBulkDataSizeForAsyncLoading:131072]]
[2020.10.03-18.32.16:194][  0]LogConfig: Setting CVar [[s.AsyncLoadingThreadEnabled:0]]
[2020.10.03-18.32.16:194][  0]LogConfig: Setting CVar [[s.EventDrivenLoaderEnabled:1]]
[2020.10.03-18.32.16:194][  0]LogConfig: Setting CVar [[s.WarnIfTimeLimitExceeded:0]]
[2020.10.03-18.32.16:195][  0]LogConfig: Setting CVar [[s.TimeLimitExceededMultiplier:1.5]]
[2020.10.03-18.32.16:195][  0]LogConfig: Setting CVar [[s.TimeLimitExceededMinTime:0.005]]
[2020.10.03-18.32.16:195][  0]LogConfig: Setting CVar [[s.UseBackgroundLevelStreaming:1]]
[2020.10.03-18.32.16:195][  0]LogConfig: Setting CVar [[s.PriorityAsyncLoadingExtraTime:15.0]]
[2020.10.03-18.32.16:195][  0]LogConfig: Setting CVar [[s.LevelStreamingActorsUpdateTimeLimit:5.0]]
[2020.10.03-18.32.16:195][  0]LogConfig: Setting CVar [[s.PriorityLevelStreamingActorsUpdateExtraTime:5.0]]
[2020.10.03-18.32.16:195][  0]LogConfig: Setting CVar [[s.LevelStreamingComponentsRegistrationGranularity:10]]
[2020.10.03-18.32.16:195][  0]LogConfig: Setting CVar [[s.UnregisterComponentsTimeLimit:1.0]]
[2020.10.03-18.32.16:195][  0]LogConfig: Setting CVar [[s.LevelStreamingComponentsUnregistrationGranularity:5]]
[2020.10.03-18.32.16:195][  0]LogConfig: Setting CVar [[s.FlushStreamingOnExit:1]]
[2020.10.03-18.32.16:195][  0]LogConfig: Applying CVar settings from Section [/Script/Engine.GarbageCollectionSettings] File [C:/Users/Luis/Documents/Unreal/Tanks/Saved/Config/Windows/Engine.ini]
[2020.10.03-18.32.16:195][  0]LogConfig: Setting CVar [[gc.MaxObjectsNotConsideredByGC:1]]
[2020.10.03-18.32.16:195][  0]LogConfig: Setting CVar [[gc.SizeOfPermanentObjectPool:0]]
[2020.10.03-18.32.16:195][  0]LogConfig: Setting CVar [[gc.FlushStreamingOnGC:0]]
[2020.10.03-18.32.16:195][  0]LogConfig: Setting CVar [[gc.NumRetriesBeforeForcingGC:10]]
[2020.10.03-18.32.16:195][  0]LogConfig: Setting CVar [[gc.AllowParallelGC:1]]
[2020.10.03-18.32.16:195][  0]LogConfig: Setting CVar [[gc.TimeBetweenPurgingPendingKillObjects:61.1]]
[2020.10.03-18.32.16:195][  0]LogConfig: Setting CVar [[gc.MaxObjectsInEditor:25165824]]
[2020.10.03-18.32.16:195][  0]LogConfig: Setting CVar [[gc.IncrementalBeginDestroyEnabled:1]]
[2020.10.03-18.32.16:195][  0]LogConfig: Setting CVar [[gc.CreateGCClusters:1]]
[2020.10.03-18.32.16:195][  0]LogConfig: Setting CVar [[gc.MinGCClusterSize:5]]
[2020.10.03-18.32.16:196][  0]LogConfig: Setting CVar [[gc.ActorClusteringEnabled:0]]
[2020.10.03-18.32.16:196][  0]LogConfig: Setting CVar [[gc.BlueprintClusteringEnabled:0]]
[2020.10.03-18.32.16:196][  0]LogConfig: Setting CVar [[gc.UseDisregardForGCOnDedicatedServers:0]]
[2020.10.03-18.32.16:196][  0]LogConfig: Applying CVar settings from Section [/Script/Engine.NetworkSettings] File [C:/Users/Luis/Documents/Unreal/Tanks/Saved/Config/Windows/Engine.ini]
[2020.10.03-18.32.16:196][  0]LogConfig: Applying CVar settings from Section [/Script/UnrealEd.CookerSettings] File [C:/Users/Luis/Documents/Unreal/Tanks/Saved/Config/Windows/Engine.ini]
[2020.10.03-18.32.16:203][  0]LogConfig: Applying CVar settings from Section [ViewDistanceQuality@3] File [C:/Users/Luis/Documents/Unreal/Tanks/Saved/Config/Windows/Scalability.ini]
[2020.10.03-18.32.16:203][  0]LogConfig: Setting CVar [[r.SkeletalMeshLODBias:0]]
[2020.10.03-18.32.16:203][  0]LogConfig: Setting CVar [[r.ViewDistanceScale:1.0]]
[2020.10.03-18.32.16:204][  0]LogConfig: Applying CVar settings from Section [AntiAliasingQuality@3] File [C:/Users/Luis/Documents/Unreal/Tanks/Saved/Config/Windows/Scalability.ini]
[2020.10.03-18.32.16:204][  0]LogConfig: Setting CVar [[r.PostProcessAAQuality:4]]
[2020.10.03-18.32.16:204][  0]LogConfig: Applying CVar settings from Section [ShadowQuality@3] File [C:/Users/Luis/Documents/Unreal/Tanks/Saved/Config/Windows/Scalability.ini]
[2020.10.03-18.32.16:204][  0]LogConfig: Setting CVar [[r.LightFunctionQuality:1]]
[2020.10.03-18.32.16:204][  0]LogConfig: Setting CVar [[r.ShadowQuality:5]]
[2020.10.03-18.32.16:204][  0]LogConfig: Setting CVar [[r.Shadow.CSM.MaxCascades:10]]
[2020.10.03-18.32.16:204][  0]LogConfig: Setting CVar [[r.Shadow.MaxResolution:2048]]
[2020.10.03-18.32.16:204][  0]LogConfig: Setting CVar [[r.Shadow.MaxCSMResolution:2048]]
[2020.10.03-18.32.16:204][  0]LogConfig: Setting CVar [[r.Shadow.RadiusThreshold:0.01]]
[2020.10.03-18.32.16:204][  0]LogConfig: Setting CVar [[r.Shadow.DistanceScale:1.0]]
[2020.10.03-18.32.16:204][  0]LogConfig: Setting CVar [[r.Shadow.CSM.TransitionScale:1.0]]
[2020.10.03-18.32.16:204][  0]LogConfig: Setting CVar [[r.Shadow.PreShadowResolutionFactor:1.0]]
[2020.10.03-18.32.16:204][  0]LogConfig: Setting CVar [[r.DistanceFieldShadowing:1]]
[2020.10.03-18.32.16:204][  0]LogConfig: Setting CVar [[r.DistanceFieldAO:1]]
[2020.10.03-18.32.16:204][  0]LogConfig: Setting CVar [[r.AOQuality:2]]
[2020.10.03-18.32.16:204][  0]LogConfig: Setting CVar [[r.VolumetricFog:1]]
[2020.10.03-18.32.16:204][  0]LogConfig: Setting CVar [[r.VolumetricFog.GridPixelSize:8]]
[2020.10.03-18.32.16:204][  0]LogConfig: Setting CVar [[r.VolumetricFog.GridSizeZ:128]]
[2020.10.03-18.32.16:204][  0]LogConfig: Setting CVar [[r.VolumetricFog.HistoryMissSupersampleCount:4]]
[2020.10.03-18.32.16:204][  0]LogConfig: Setting CVar [[r.LightMaxDrawDistanceScale:1]]
[2020.10.03-18.32.16:204][  0]LogConfig: Setting CVar [[r.CapsuleShadows:1]]
[2020.10.03-18.32.16:204][  0]LogConfig: Applying CVar settings from Section [PostProcessQuality@3] File [C:/Users/Luis/Documents/Unreal/Tanks/Saved/Config/Windows/Scalability.ini]
[2020.10.03-18.32.16:204][  0]LogConfig: Setting CVar [[r.MotionBlurQuality:4]]
[2020.10.03-18.32.16:205][  0]LogConfig: Setting CVar [[r.AmbientOcclusionMipLevelFactor:0.4]]
[2020.10.03-18.32.16:205][  0]LogConfig: Setting CVar [[r.AmbientOcclusionMaxQuality:100]]
[2020.10.03-18.32.16:205][  0]LogConfig: Setting CVar [[r.AmbientOcclusionLevels:-1]]
[2020.10.03-18.32.16:205][  0]LogConfig: Setting CVar [[r.AmbientOcclusionRadiusScale:1.0]]
[2020.10.03-18.32.16:205][  0]LogConfig: Setting CVar [[r.DepthOfFieldQuality:2]]
[2020.10.03-18.32.16:205][  0]LogConfig: Setting CVar [[r.RenderTargetPoolMin:400]]
[2020.10.03-18.32.16:205][  0]LogConfig: Setting CVar [[r.LensFlareQuality:2]]
[2020.10.03-18.32.16:205][  0]LogConfig: Setting CVar [[r.SceneColorFringeQuality:1]]
[2020.10.03-18.32.16:205][  0]LogConfig: Setting CVar [[r.EyeAdaptationQuality:2]]
[2020.10.03-18.32.16:205][  0]LogConfig: Setting CVar [[r.BloomQuality:5]]
[2020.10.03-18.32.16:205][  0]LogConfig: Setting CVar [[r.FastBlurThreshold:100]]
[2020.10.03-18.32.16:205][  0]LogConfig: Setting CVar [[r.Upscale.Quality:3]]
[2020.10.03-18.32.16:205][  0]LogConfig: Setting CVar [[r.Tonemapper.GrainQuantization:1]]
[2020.10.03-18.32.16:205][  0]LogConfig: Setting CVar [[r.LightShaftQuality:1]]
[2020.10.03-18.32.16:205][  0]LogConfig: Setting CVar [[r.Filter.SizeScale:1]]
[2020.10.03-18.32.16:205][  0]LogConfig: Setting CVar [[r.Tonemapper.Quality:5]]
[2020.10.03-18.32.16:205][  0]LogConfig: Setting CVar [[r.DOF.Gather.AccumulatorQuality:1        ; higher gathering accumulator quality]]
[2020.10.03-18.32.16:205][  0]LogConfig: Setting CVar [[r.DOF.Gather.PostfilterMethod:1          ; Median3x3 postfilering method]]
[2020.10.03-18.32.16:205][  0]LogConfig: Setting CVar [[r.DOF.Gather.EnableBokehSettings:0       ; no bokeh simulation when gathering]]
[2020.10.03-18.32.16:205][  0]LogConfig: Setting CVar [[r.DOF.Gather.RingCount:4                 ; medium number of samples when gathering]]
[2020.10.03-18.32.16:206][  0]LogConfig: Setting CVar [[r.DOF.Scatter.ForegroundCompositing:1    ; additive foreground scattering]]
[2020.10.03-18.32.16:206][  0]LogConfig: Setting CVar [[r.DOF.Scatter.BackgroundCompositing:2    ; additive background scattering]]
[2020.10.03-18.32.16:206][  0]LogConfig: Setting CVar [[r.DOF.Scatter.EnableBokehSettings:1      ; bokeh simulation when scattering]]
[2020.10.03-18.32.16:206][  0]LogConfig: Setting CVar [[r.DOF.Scatter.MaxSpriteRatio:0.1         ; only a maximum of 10% of scattered bokeh]]
[2020.10.03-18.32.16:206][  0]LogConfig: Setting CVar [[r.DOF.Recombine.Quality:1                ; cheap slight out of focus]]
[2020.10.03-18.32.16:206][  0]LogConfig: Setting CVar [[r.DOF.Recombine.EnableBokehSettings:0    ; no bokeh simulation on slight out of focus]]
[2020.10.03-18.32.16:206][  0]LogConfig: Setting CVar [[r.DOF.TemporalAAQuality:1                ; more stable temporal accumulation]]
[2020.10.03-18.32.16:206][  0]LogConfig: Setting CVar [[r.DOF.Kernel.MaxForegroundRadius:0.025]]
[2020.10.03-18.32.16:206][  0]LogConfig: Setting CVar [[r.DOF.Kernel.MaxBackgroundRadius:0.025]]
[2020.10.03-18.32.16:206][  0]LogConfig: Applying CVar settings from Section [TextureQuality@3] File [C:/Users/Luis/Documents/Unreal/Tanks/Saved/Config/Windows/Scalability.ini]
[2020.10.03-18.32.16:206][  0]LogConfig: Setting CVar [[r.Streaming.MipBias:0]]
[2020.10.03-18.32.16:206][  0]LogConfig: Setting CVar [[r.Streaming.AmortizeCPUToGPUCopy:0]]
[2020.10.03-18.32.16:206][  0]LogConfig: Setting CVar [[r.Streaming.MaxNumTexturesToStreamPerFrame:0]]
[2020.10.03-18.32.16:206][  0]LogConfig: Setting CVar [[r.Streaming.Boost:1]]
[2020.10.03-18.32.16:206][  0]LogConfig: Setting CVar [[r.MaxAnisotropy:8]]
[2020.10.03-18.32.16:206][  0]LogConfig: Setting CVar [[r.VT.MaxAnisotropy:8]]
[2020.10.03-18.32.16:206][  0]LogConfig: Setting CVar [[r.Streaming.LimitPoolSizeToVRAM:0]]
[2020.10.03-18.32.16:206][  0]LogConfig: Setting CVar [[r.Streaming.PoolSize:1000]]
[2020.10.03-18.32.16:206][  0]LogConfig: Setting CVar [[r.Streaming.MaxEffectiveScreenSize:0]]
[2020.10.03-18.32.16:206][  0]LogConfig: Applying CVar settings from Section [EffectsQuality@3] File [C:/Users/Luis/Documents/Unreal/Tanks/Saved/Config/Windows/Scalability.ini]
[2020.10.03-18.32.16:206][  0]LogConfig: Setting CVar [[r.TranslucencyLightingVolumeDim:64]]
[2020.10.03-18.32.16:206][  0]LogConfig: Setting CVar [[r.RefractionQuality:2]]
[2020.10.03-18.32.16:207][  0]LogConfig: Setting CVar [[r.SSR.Quality:3]]
[2020.10.03-18.32.16:207][  0]LogConfig: Setting CVar [[r.SSR.HalfResSceneColor:0]]
[2020.10.03-18.32.16:207][  0]LogConfig: Setting CVar [[r.SceneColorFormat:4]]
[2020.10.03-18.32.16:207][  0]LogConfig: Setting CVar [[r.DetailMode:2]]
[2020.10.03-18.32.16:207][  0]LogConfig: Setting CVar [[r.TranslucencyVolumeBlur:1]]
[2020.10.03-18.32.16:207][  0]LogConfig: Setting CVar [[r.MaterialQualityLevel:1 ; High quality]]
[2020.10.03-18.32.16:207][  0]LogConfig: Setting CVar [[r.SSS.Scale:1]]
[2020.10.03-18.32.16:207][  0]LogConfig: Setting CVar [[r.SSS.SampleSet:2]]
[2020.10.03-18.32.16:207][  0]LogConfig: Setting CVar [[r.SSS.Quality:1]]
[2020.10.03-18.32.16:207][  0]LogConfig: Setting CVar [[r.SSS.HalfRes:0]]
[2020.10.03-18.32.16:207][  0]LogConfig: Setting CVar [[r.SSGI.Quality:3]]
[2020.10.03-18.32.16:207][  0]LogConfig: Setting CVar [[r.EmitterSpawnRateScale:1.0]]
[2020.10.03-18.32.16:207][  0]LogConfig: Setting CVar [[r.ParticleLightQuality:2]]
[2020.10.03-18.32.16:207][  0]LogConfig: Setting CVar [[r.SkyAtmosphere.AerialPerspectiveLUT.FastApplyOnOpaque:1 ; Always have FastSkyLUT 1 in this case to avoid wrong sky]]
[2020.10.03-18.32.16:207][  0]LogConfig: Setting CVar [[r.SkyAtmosphere.AerialPerspectiveLUT.SampleCountPerSlice:1]]
[2020.10.03-18.32.16:207][  0]LogConfig: Setting CVar [[r.SkyAtmosphere.AerialPerspectiveLUT.DepthResolution:16.0]]
[2020.10.03-18.32.16:207][  0]LogConfig: Setting CVar [[r.SkyAtmosphere.FastSkyLUT:1]]
[2020.10.03-18.32.16:207][  0]LogConfig: Setting CVar [[r.SkyAtmosphere.FastSkyLUT.SampleCountMin:4.0]]
[2020.10.03-18.32.16:207][  0]LogConfig: Setting CVar [[r.SkyAtmosphere.FastSkyLUT.SampleCountMax:32.0]]
[2020.10.03-18.32.16:207][  0]LogConfig: Setting CVar [[r.SkyAtmosphere.SampleCountMin:4.0]]
[2020.10.03-18.32.16:207][  0]LogConfig: Setting CVar [[r.SkyAtmosphere.SampleCountMax:32.0]]
[2020.10.03-18.32.16:207][  0]LogConfig: Setting CVar [[r.SkyAtmosphere.TransmittanceLUT.UseSmallFormat:0]]
[2020.10.03-18.32.16:207][  0]LogConfig: Setting CVar [[r.SkyAtmosphere.TransmittanceLUT.SampleCount:10.0]]
[2020.10.03-18.32.16:208][  0]LogConfig: Setting CVar [[r.SkyAtmosphere.MultiScatteringLUT.SampleCount:15.0]]
[2020.10.03-18.32.16:208][  0]LogConfig: Applying CVar settings from Section [FoliageQuality@3] File [C:/Users/Luis/Documents/Unreal/Tanks/Saved/Config/Windows/Scalability.ini]
[2020.10.03-18.32.16:208][  0]LogConfig: Setting CVar [[foliage.DensityScale:1.0]]
[2020.10.03-18.32.16:208][  0]LogConfig: Setting CVar [[grass.DensityScale:1.0]]
[2020.10.03-18.32.16:208][  0]LogConfig: Applying CVar settings from Section [ShadingQuality@3] File [C:/Users/Luis/Documents/Unreal/Tanks/Saved/Config/Windows/Scalability.ini]
[2020.10.03-18.32.16:208][  0]LogConfig: Setting CVar [[r.HairStrands.SkyLighting.SampleCount:16]]
[2020.10.03-18.32.16:208][  0]LogConfig: Setting CVar [[r.HairStrands.SkyLighting.JitterIntegration:0]]
[2020.10.03-18.32.16:208][  0]LogConfig: Setting CVar [[r.HairStrands.SkyAO.SampleCount:16]]
[2020.10.03-18.32.16:208][  0]LogConfig: Setting CVar [[r.HairStrands.DeepShadow.SuperSampling:0]]
[2020.10.03-18.32.16:208][  0]LogConfig: Setting CVar [[r.HairStrands.VisibilityPPLL:0]]
[2020.10.03-18.32.16:208][  0]LogConfig: Setting CVar [[r.HairStrands.RasterizationScale:0.5]]
[2020.10.03-18.32.16:208][  0]LogConfig: Setting CVar [[r.HairStrands.VelocityRasterizationScale:1]]
[2020.10.03-18.32.16:208][  0]LogInit: Selected Device Profile: [Windows]
[2020.10.03-18.32.16:208][  0]LogInit: Applying CVar settings loaded from the selected device profile: [Windows]
[2020.10.03-18.32.16:208][  0]LogHAL: Display: Platform has ~ 8 GB [8467406848 / 8589934592 / 8], which maps to Default [LargestMinGB=32, LargerMinGB=12, DefaultMinGB=8, SmallerMinGB=6, SmallestMinGB=0)
[2020.10.03-18.32.16:208][  0]LogInit: Going up to parent DeviceProfile []
[2020.10.03-18.32.16:208][  0]LogConfig: Applying CVar settings from Section [ViewDistanceQuality@3] File [C:/Users/Luis/Documents/Unreal/Tanks/Saved/Config/Windows/Scalability.ini]
[2020.10.03-18.32.16:208][  0]LogConfig: Setting CVar [[r.SkeletalMeshLODBias:0]]
[2020.10.03-18.32.16:208][  0]LogConfig: Setting CVar [[r.ViewDistanceScale:1.0]]
[2020.10.03-18.32.16:208][  0]LogConfig: Applying CVar settings from Section [AntiAliasingQuality@3] File [C:/Users/Luis/Documents/Unreal/Tanks/Saved/Config/Windows/Scalability.ini]
[2020.10.03-18.32.16:209][  0]LogConfig: Setting CVar [[r.PostProcessAAQuality:4]]
[2020.10.03-18.32.16:209][  0]LogConfig: Applying CVar settings from Section [ShadowQuality@3] File [C:/Users/Luis/Documents/Unreal/Tanks/Saved/Config/Windows/Scalability.ini]
[2020.10.03-18.32.16:209][  0]LogConfig: Setting CVar [[r.LightFunctionQuality:1]]
[2020.10.03-18.32.16:209][  0]LogConfig: Setting CVar [[r.ShadowQuality:5]]
[2020.10.03-18.32.16:209][  0]LogConfig: Setting CVar [[r.Shadow.CSM.MaxCascades:10]]
[2020.10.03-18.32.16:209][  0]LogConfig: Setting CVar [[r.Shadow.MaxResolution:2048]]
[2020.10.03-18.32.16:209][  0]LogConfig: Setting CVar [[r.Shadow.MaxCSMResolution:2048]]
[2020.10.03-18.32.16:209][  0]LogConfig: Setting CVar [[r.Shadow.RadiusThreshold:0.01]]
[2020.10.03-18.32.16:209][  0]LogConfig: Setting CVar [[r.Shadow.DistanceScale:1.0]]
[2020.10.03-18.32.16:209][  0]LogConfig: Setting CVar [[r.Shadow.CSM.TransitionScale:1.0]]
[2020.10.03-18.32.16:209][  0]LogConfig: Setting CVar [[r.Shadow.PreShadowResolutionFactor:1.0]]
[2020.10.03-18.32.16:209][  0]LogConfig: Setting CVar [[r.DistanceFieldShadowing:1]]
[2020.10.03-18.32.16:209][  0]LogConfig: Setting CVar [[r.DistanceFieldAO:1]]
[2020.10.03-18.32.16:209][  0]LogConfig: Setting CVar [[r.AOQuality:2]]
[2020.10.03-18.32.16:209][  0]LogConfig: Setting CVar [[r.VolumetricFog:1]]
[2020.10.03-18.32.16:209][  0]LogConfig: Setting CVar [[r.VolumetricFog.GridPixelSize:8]]
[2020.10.03-18.32.16:209][  0]LogConfig: Setting CVar [[r.VolumetricFog.GridSizeZ:128]]
[2020.10.03-18.32.16:209][  0]LogConfig: Setting CVar [[r.VolumetricFog.HistoryMissSupersampleCount:4]]
[2020.10.03-18.32.16:209][  0]LogConfig: Setting CVar [[r.LightMaxDrawDistanceScale:1]]
[2020.10.03-18.32.16:209][  0]LogConfig: Setting CVar [[r.CapsuleShadows:1]]
[2020.10.03-18.32.16:209][  0]LogConfig: Applying CVar settings from Section [PostProcessQuality@3] File [C:/Users/Luis/Documents/Unreal/Tanks/Saved/Config/Windows/Scalability.ini]
[2020.10.03-18.32.16:209][  0]LogConfig: Setting CVar [[r.MotionBlurQuality:4]]
[2020.10.03-18.32.16:209][  0]LogConfig: Setting CVar [[r.AmbientOcclusionMipLevelFactor:0.4]]
[2020.10.03-18.32.16:210][  0]LogConfig: Setting CVar [[r.AmbientOcclusionMaxQuality:100]]
[2020.10.03-18.32.16:210][  0]LogConfig: Setting CVar [[r.AmbientOcclusionLevels:-1]]
[2020.10.03-18.32.16:210][  0]LogConfig: Setting CVar [[r.AmbientOcclusionRadiusScale:1.0]]
[2020.10.03-18.32.16:210][  0]LogConfig: Setting CVar [[r.DepthOfFieldQuality:2]]
[2020.10.03-18.32.16:210][  0]LogConfig: Setting CVar [[r.RenderTargetPoolMin:400]]
[2020.10.03-18.32.16:210][  0]LogConfig: Setting CVar [[r.LensFlareQuality:2]]
[2020.10.03-18.32.16:210][  0]LogConfig: Setting CVar [[r.SceneColorFringeQuality:1]]
[2020.10.03-18.32.16:210][  0]LogConfig: Setting CVar [[r.EyeAdaptationQuality:2]]
[2020.10.03-18.32.16:210][  0]LogConfig: Setting CVar [[r.BloomQuality:5]]
[2020.10.03-18.32.16:210][  0]LogConfig: Setting CVar [[r.FastBlurThreshold:100]]
[2020.10.03-18.32.16:210][  0]LogConfig: Setting CVar [[r.Upscale.Quality:3]]
[2020.10.03-18.32.16:210][  0]LogConfig: Setting CVar [[r.Tonemapper.GrainQuantization:1]]
[2020.10.03-18.32.16:210][  0]LogConfig: Setting CVar [[r.LightShaftQuality:1]]
[2020.10.03-18.32.16:210][  0]LogConfig: Setting CVar [[r.Filter.SizeScale:1]]
[2020.10.03-18.32.16:210][  0]LogConfig: Setting CVar [[r.Tonemapper.Quality:5]]
[2020.10.03-18.32.16:210][  0]LogConfig: Setting CVar [[r.DOF.Gather.AccumulatorQuality:1        ; higher gathering accumulator quality]]
[2020.10.03-18.32.16:210][  0]LogConfig: Setting CVar [[r.DOF.Gather.PostfilterMethod:1          ; Median3x3 postfilering method]]
[2020.10.03-18.32.16:210][  0]LogConfig: Setting CVar [[r.DOF.Gather.EnableBokehSettings:0       ; no bokeh simulation when gathering]]
[2020.10.03-18.32.16:210][  0]LogConfig: Setting CVar [[r.DOF.Gather.RingCount:4                 ; medium number of samples when gathering]]
[2020.10.03-18.32.16:211][  0]LogConfig: Setting CVar [[r.DOF.Scatter.ForegroundCompositing:1    ; additive foreground scattering]]
[2020.10.03-18.32.16:211][  0]LogConfig: Setting CVar [[r.DOF.Scatter.BackgroundCompositing:2    ; additive background scattering]]
[2020.10.03-18.32.16:211][  0]LogConfig: Setting CVar [[r.DOF.Scatter.EnableBokehSettings:1      ; bokeh simulation when scattering]]
[2020.10.03-18.32.16:211][  0]LogConfig: Setting CVar [[r.DOF.Scatter.MaxSpriteRatio:0.1         ; only a maximum of 10% of scattered bokeh]]
[2020.10.03-18.32.16:211][  0]LogConfig: Setting CVar [[r.DOF.Recombine.Quality:1                ; cheap slight out of focus]]
[2020.10.03-18.32.16:211][  0]LogConfig: Setting CVar [[r.DOF.Recombine.EnableBokehSettings:0    ; no bokeh simulation on slight out of focus]]
[2020.10.03-18.32.16:211][  0]LogConfig: Setting CVar [[r.DOF.TemporalAAQuality:1                ; more stable temporal accumulation]]
[2020.10.03-18.32.16:211][  0]LogConfig: Setting CVar [[r.DOF.Kernel.MaxForegroundRadius:0.025]]
[2020.10.03-18.32.16:211][  0]LogConfig: Setting CVar [[r.DOF.Kernel.MaxBackgroundRadius:0.025]]
[2020.10.03-18.32.16:211][  0]LogConfig: Applying CVar settings from Section [TextureQuality@3] File [C:/Users/Luis/Documents/Unreal/Tanks/Saved/Config/Windows/Scalability.ini]
[2020.10.03-18.32.16:211][  0]LogConfig: Setting CVar [[r.Streaming.MipBias:0]]
[2020.10.03-18.32.16:211][  0]LogConfig: Setting CVar [[r.Streaming.AmortizeCPUToGPUCopy:0]]
[2020.10.03-18.32.16:211][  0]LogConfig: Setting CVar [[r.Streaming.MaxNumTexturesToStreamPerFrame:0]]
[2020.10.03-18.32.16:211][  0]LogConfig: Setting CVar [[r.Streaming.Boost:1]]
[2020.10.03-18.32.16:211][  0]LogConfig: Setting CVar [[r.MaxAnisotropy:8]]
[2020.10.03-18.32.16:211][  0]LogConfig: Setting CVar [[r.VT.MaxAnisotropy:8]]
[2020.10.03-18.32.16:211][  0]LogConfig: Setting CVar [[r.Streaming.LimitPoolSizeToVRAM:0]]
[2020.10.03-18.32.16:211][  0]LogConfig: Setting CVar [[r.Streaming.PoolSize:1000]]
[2020.10.03-18.32.16:211][  0]LogConfig: Setting CVar [[r.Streaming.MaxEffectiveScreenSize:0]]
[2020.10.03-18.32.16:212][  0]LogConfig: Applying CVar settings from Section [EffectsQuality@3] File [C:/Users/Luis/Documents/Unreal/Tanks/Saved/Config/Windows/Scalability.ini]
[2020.10.03-18.32.16:212][  0]LogConfig: Setting CVar [[r.TranslucencyLightingVolumeDim:64]]
[2020.10.03-18.32.16:212][  0]LogConfig: Setting CVar [[r.RefractionQuality:2]]
[2020.10.03-18.32.16:212][  0]LogConfig: Setting CVar [[r.SSR.Quality:3]]
[2020.10.03-18.32.16:212][  0]LogConfig: Setting CVar [[r.SSR.HalfResSceneColor:0]]
[2020.10.03-18.32.16:212][  0]LogConfig: Setting CVar [[r.SceneColorFormat:4]]
[2020.10.03-18.32.16:212][  0]LogConfig: Setting CVar [[r.DetailMode:2]]
[2020.10.03-18.32.16:212][  0]LogConfig: Setting CVar [[r.TranslucencyVolumeBlur:1]]
[2020.10.03-18.32.16:212][  0]LogConfig: Setting CVar [[r.MaterialQualityLevel:1 ; High quality]]
[2020.10.03-18.32.16:212][  0]LogConfig: Setting CVar [[r.SSS.Scale:1]]
[2020.10.03-18.32.16:212][  0]LogConfig: Setting CVar [[r.SSS.SampleSet:2]]
[2020.10.03-18.32.16:212][  0]LogConfig: Setting CVar [[r.SSS.Quality:1]]
[2020.10.03-18.32.16:212][  0]LogConfig: Setting CVar [[r.SSS.HalfRes:0]]
[2020.10.03-18.32.16:212][  0]LogConfig: Setting CVar [[r.SSGI.Quality:3]]
[2020.10.03-18.32.16:212][  0]LogConfig: Setting CVar [[r.EmitterSpawnRateScale:1.0]]
[2020.10.03-18.32.16:212][  0]LogConfig: Setting CVar [[r.ParticleLightQuality:2]]
[2020.10.03-18.32.16:212][  0]LogConfig: Setting CVar [[r.SkyAtmosphere.AerialPerspectiveLUT.FastApplyOnOpaque:1 ; Always have FastSkyLUT 1 in this case to avoid wrong sky]]
[2020.10.03-18.32.16:212][  0]LogConfig: Setting CVar [[r.SkyAtmosphere.AerialPerspectiveLUT.SampleCountPerSlice:1]]
[2020.10.03-18.32.16:212][  0]LogConfig: Setting CVar [[r.SkyAtmosphere.AerialPerspectiveLUT.DepthResolution:16.0]]
[2020.10.03-18.32.16:212][  0]LogConfig: Setting CVar [[r.SkyAtmosphere.FastSkyLUT:1]]
[2020.10.03-18.32.16:213][  0]LogConfig: Setting CVar [[r.SkyAtmosphere.FastSkyLUT.SampleCountMin:4.0]]
[2020.10.03-18.32.16:213][  0]LogConfig: Setting CVar [[r.SkyAtmosphere.FastSkyLUT.SampleCountMax:32.0]]
[2020.10.03-18.32.16:213][  0]LogConfig: Setting CVar [[r.SkyAtmosphere.SampleCountMin:4.0]]
[2020.10.03-18.32.16:213][  0]LogConfig: Setting CVar [[r.SkyAtmosphere.SampleCountMax:32.0]]
[2020.10.03-18.32.16:213][  0]LogConfig: Setting CVar [[r.SkyAtmosphere.TransmittanceLUT.UseSmallFormat:0]]
[2020.10.03-18.32.16:213][  0]LogConfig: Setting CVar [[r.SkyAtmosphere.TransmittanceLUT.SampleCount:10.0]]
[2020.10.03-18.32.16:213][  0]LogConfig: Setting CVar [[r.SkyAtmosphere.MultiScatteringLUT.SampleCount:15.0]]
[2020.10.03-18.32.16:213][  0]LogConfig: Applying CVar settings from Section [FoliageQuality@3] File [C:/Users/Luis/Documents/Unreal/Tanks/Saved/Config/Windows/Scalability.ini]
[2020.10.03-18.32.16:213][  0]LogConfig: Setting CVar [[foliage.DensityScale:1.0]]
[2020.10.03-18.32.16:213][  0]LogConfig: Setting CVar [[grass.DensityScale:1.0]]
[2020.10.03-18.32.16:213][  0]LogConfig: Applying CVar settings from Section [ShadingQuality@3] File [C:/Users/Luis/Documents/Unreal/Tanks/Saved/Config/Windows/Scalability.ini]
[2020.10.03-18.32.16:213][  0]LogConfig: Setting CVar [[r.HairStrands.SkyLighting.SampleCount:16]]
[2020.10.03-18.32.16:213][  0]LogConfig: Setting CVar [[r.HairStrands.SkyLighting.JitterIntegration:0]]
[2020.10.03-18.32.16:213][  0]LogConfig: Setting CVar [[r.HairStrands.SkyAO.SampleCount:16]]
[2020.10.03-18.32.16:213][  0]LogConfig: Setting CVar [[r.HairStrands.DeepShadow.SuperSampling:0]]
[2020.10.03-18.32.16:213][  0]LogConfig: Setting CVar [[r.HairStrands.VisibilityPPLL:0]]
[2020.10.03-18.32.16:213][  0]LogConfig: Setting CVar [[r.HairStrands.RasterizationScale:0.5]]
[2020.10.03-18.32.16:213][  0]LogConfig: Setting CVar [[r.HairStrands.VelocityRasterizationScale:1]]
[2020.10.03-18.32.16:213][  0]LogConfig: Applying CVar settings from Section [Startup] File [../../../Engine/Config/ConsoleVariables.ini]
[2020.10.03-18.32.16:214][  0]LogConfig: Setting CVar [[net.UseAdaptiveNetUpdateFrequency:0]]
[2020.10.03-18.32.16:214][  0]LogConfig: Setting CVar [[p.chaos.AllowCreatePhysxBodies:1]]
[2020.10.03-18.32.16:214][  0]LogConfig: Setting CVar [[fx.SkipVectorVMBackendOptimizations:1]]
[2020.10.03-18.32.16:214][  0]LogConfig: Applying CVar settings from Section [ConsoleVariables] File [C:/Users/Luis/Documents/Unreal/Tanks/Saved/Config/Windows/Engine.ini]
[2020.10.03-18.32.16:214][  0]LogInit: Computer: LAPTOP-V06GLCB1
[2020.10.03-18.32.16:214][  0]LogInit: User: Luis
[2020.10.03-18.32.16:214][  0]LogInit: CPU Page size=4096, Cores=2
[2020.10.03-18.32.16:214][  0]LogInit: High frequency timer resolution =10.000000 MHz
[2020.10.03-18.32.16:215][  0]LogMemory: Memory total: Physical=7.9GB (8GB approx)
[2020.10.03-18.32.16:215][  0]LogMemory: Platform Memory Stats for Windows
[2020.10.03-18.32.16:215][  0]LogMemory: Process Physical Memory: 113.54 MB used, 113.54 MB peak
[2020.10.03-18.32.16:215][  0]LogMemory: Process Virtual Memory: 97.35 MB used, 97.35 MB peak
[2020.10.03-18.32.16:215][  0]LogMemory: Physical Memory: 6298.56 MB used,  1776.59 MB free, 8075.15 MB total
[2020.10.03-18.32.16:215][  0]LogMemory: Virtual Memory: 5090.46 MB used,  134212640.00 MB free, 134217728.00 MB total
[2020.10.03-18.32.16:226][  0]LogWindows: WindowsPlatformFeatures enabled
[2020.10.03-18.32.16:276][  0]LogInit: Physics initialised using underlying interface: PhysX
[2020.10.03-18.32.16:278][  0]LogInit: Using OS detected language (en-US).
[2020.10.03-18.32.16:278][  0]LogInit: Using OS detected locale (es-PE).
[2020.10.03-18.32.16:283][  0]LogTextLocalizationManager: No specific localization for 'en-US' exists, so the 'en' localization will be used.
[2020.10.03-18.32.16:610][  0]LogInit: Setting process to per monitor DPI aware
[2020.10.03-18.32.16:676][  0]LogSlate: New Slate User Created.  User Index 0, Is Virtual User: 0
[2020.10.03-18.32.16:676][  0]LogSlate: Slate User Registered.  User Index 0, Is Virtual User: 0
[2020.10.03-18.32.17:017][  0]LogHMD: Failed to initialize OpenVR with code 110
[2020.10.03-18.32.17:017][  0]LogD3D11RHI: D3D11 min allowed feature level: 11_0
[2020.10.03-18.32.17:017][  0]LogD3D11RHI: D3D11 max allowed feature level: 11_0
[2020.10.03-18.32.17:017][  0]LogD3D11RHI: D3D11 adapters:
[2020.10.03-18.32.17:119][  0]LogD3D11RHI:    0. 'Intel(R) HD Graphics 520' (Feature Level 11_0)
[2020.10.03-18.32.17:119][  0]LogD3D11RHI:       128/0/4037 MB DedicatedVideo/DedicatedSystem/SharedSystem, Outputs:2, VendorId:0x8086
[2020.10.03-18.32.17:124][  0]LogD3D11RHI:    1. 'Microsoft Basic Render Driver' (Feature Level 11_0)
[2020.10.03-18.32.17:124][  0]LogD3D11RHI:       0/0/4037 MB DedicatedVideo/DedicatedSystem/SharedSystem, Outputs:0, VendorId:0x1414
[2020.10.03-18.32.17:124][  0]LogD3D11RHI: Chosen D3D11 Adapter: 0
[2020.10.03-18.32.17:135][  0]LogD3D11RHI: Creating new Direct3DDevice
[2020.10.03-18.32.17:135][  0]LogD3D11RHI:     GPU DeviceId: 0x1916 (for the marketing name, search the web for "GPU Device Id")
[2020.10.03-18.32.17:135][  0]LogWindows: EnumDisplayDevices:
[2020.10.03-18.32.17:136][  0]LogWindows:    0. 'Intel(R) HD Graphics 520' (P:1 D:1)
[2020.10.03-18.32.17:136][  0]LogWindows:    1. 'Intel(R) HD Graphics 520' (P:0 D:1)
[2020.10.03-18.32.17:137][  0]LogWindows:    2. 'Intel(R) HD Graphics 520' (P:0 D:0)
[2020.10.03-18.32.17:137][  0]LogWindows: DebugString: FoundDriverCount:3 
[2020.10.03-18.32.17:138][  0]LogD3D11RHI:     Adapter Name: Intel(R) HD Graphics 520
[2020.10.03-18.32.17:138][  0]LogD3D11RHI:   Driver Version: 26.20.100.7812 (internal:26.20.100.7812, unified:26.20.100.7812)
[2020.10.03-18.32.17:138][  0]LogD3D11RHI:      Driver Date: 1-21-2020
[2020.10.03-18.32.17:138][  0]LogRHI: Texture pool is 1502 MB (70% of 2146 MB)
[2020.10.03-18.32.17:245][  0]LogD3D11RHI: RHI does not have support for 64 bit atomics
[2020.10.03-18.32.17:246][  0]LogD3D11RHI: [IntelMetricsDiscovery] Started
[2020.10.03-18.32.17:246][  0]LogD3D11RHI: Async texture creation enabled
[2020.10.03-18.32.17:246][  0]LogD3D11RHI: Array index from any shader is supported
[2020.10.03-18.32.17:256][  0]LogD3D11RHI: GPU Timing Frequency: 12.000048 (Debug: 2 0)
[2020.10.03-18.32.17:867][  0]LogTargetPlatformManager: Display: Loaded TargetPlatform 'AllDesktop'
[2020.10.03-18.32.17:901][  0]LogTargetPlatformManager: Display: Loaded TargetPlatform 'Android'
[2020.10.03-18.32.17:901][  0]LogTargetPlatformManager: Display: Loaded TargetPlatform 'Android_ASTC'
[2020.10.03-18.32.17:901][  0]LogTargetPlatformManager: Display: Loaded TargetPlatform 'Android_DXT'
[2020.10.03-18.32.17:901][  0]LogTargetPlatformManager: Display: Loaded TargetPlatform 'Android_ETC2'
[2020.10.03-18.32.17:901][  0]LogTargetPlatformManager: Display: Loaded TargetPlatform 'AndroidClient'
[2020.10.03-18.32.17:901][  0]LogTargetPlatformManager: Display: Loaded TargetPlatform 'Android_ASTCClient'
[2020.10.03-18.32.17:901][  0]LogTargetPlatformManager: Display: Loaded TargetPlatform 'Android_DXTClient'
[2020.10.03-18.32.17:901][  0]LogTargetPlatformManager: Display: Loaded TargetPlatform 'Android_ETC2Client'
[2020.10.03-18.32.17:901][  0]LogTargetPlatformManager: Display: Loaded TargetPlatform 'Android_Multi'
[2020.10.03-18.32.17:901][  0]LogTargetPlatformManager: Display: Loaded TargetPlatform 'Android_MultiClient'
[2020.10.03-18.32.17:937][  0]LogTargetPlatformManager: Display: Loaded TargetPlatform 'IOSClient'
[2020.10.03-18.32.17:937][  0]LogTargetPlatformManager: Display: Loaded TargetPlatform 'IOS'
[2020.10.03-18.32.17:954][  0]LogTargetPlatformManager: Display: Loaded TargetPlatform 'Linux'
[2020.10.03-18.32.17:968][  0]LogTargetPlatformManager: Display: Loaded TargetPlatform 'LinuxNoEditor'
[2020.10.03-18.32.17:982][  0]LogTargetPlatformManager: Display: Loaded TargetPlatform 'LinuxClient'
[2020.10.03-18.32.17:997][  0]LogTargetPlatformManager: Display: Loaded TargetPlatform 'LinuxServer'
[2020.10.03-18.32.18:010][  0]LogTargetPlatformManager: Display: Loaded TargetPlatform 'LinuxAArch64NoEditor'
[2020.10.03-18.32.18:025][  0]LogTargetPlatformManager: Display: Loaded TargetPlatform 'LinuxAArch64Client'
[2020.10.03-18.32.18:040][  0]LogTargetPlatformManager: Display: Loaded TargetPlatform 'LinuxAArch64Server'
[2020.10.03-18.32.18:081][  0]LogTargetPlatformManager: Display: Loaded TargetPlatform 'Lumin'
[2020.10.03-18.32.18:081][  0]LogTargetPlatformManager: Display: Loaded TargetPlatform 'LuminClient'
[2020.10.03-18.32.18:106][  0]LogTargetPlatformManager: Display: Loaded TargetPlatform 'TVOSClient'
[2020.10.03-18.32.18:106][  0]LogTargetPlatformManager: Display: Loaded TargetPlatform 'TVOS'
[2020.10.03-18.32.18:118][  0]LogTargetPlatformManager: Display: Loaded TargetPlatform 'WindowsNoEditor'
[2020.10.03-18.32.18:133][  0]LogTargetPlatformManager: Display: Loaded TargetPlatform 'Windows'
[2020.10.03-18.32.18:150][  0]LogTargetPlatformManager: Display: Loaded TargetPlatform 'WindowsClient'
[2020.10.03-18.32.18:167][  0]LogTargetPlatformManager: Display: Loaded TargetPlatform 'WindowsServer'
[2020.10.03-18.32.18:167][  0]LogTargetPlatformManager: Display: Building Assets For Windows
[2020.10.03-18.32.18:180][  0]LogAudioDebug: Display: Lib vorbis DLL was dynamically loaded.
[2020.10.03-18.32.18:291][  0]LogShaderCompilers: Guid format shader working directory is -7 characters bigger than the processId version (../../../../../../Users/Luis/Documents/Unreal/Tanks/Intermediate/Shaders/WorkingDirectory/14616/).
[2020.10.03-18.32.18:291][  0]LogShaderCompilers: Cleaned the shader compiler working directory 'C:/Users/Luis/AppData/Local/Temp/UnrealShaderWorkingDir/770A178B40FEEE151706F1AE17BEEC3B/'.
[2020.10.03-18.32.18:292][  0]LogXGEController: Cannot use XGE Controller as Incredibuild is not installed on this machine.
[2020.10.03-18.32.18:293][  0]LogShaderCompilers: Cannot use XGE Shader Compiler as Incredibuild is not installed on this machine.
[2020.10.03-18.32.18:293][  0]LogShaderCompilers: Display: Using Local Shader Compiler.
[2020.10.03-18.32.19:740][  0]LogDerivedDataCache: Display: Max Cache Size: 512 MB
[2020.10.03-18.32.19:817][  0]LogDerivedDataCache: Loaded boot cache 0.08s 75MB C:/Users/Luis/AppData/Local/UnrealEngine/4.25/DerivedDataCache/Boot.ddc.
[2020.10.03-18.32.19:817][  0]LogDerivedDataCache: Display: Loaded Boot cache: C:/Users/Luis/AppData/Local/UnrealEngine/4.25/DerivedDataCache/Boot.ddc
[2020.10.03-18.32.19:817][  0]LogDerivedDataCache: FDerivedDataBackendGraph:  Pak pak cache file ../../../../../../Users/Luis/Documents/Unreal/Tanks/DerivedDataCache/DDC.ddp not found, will not use a pak cache.
[2020.10.03-18.32.19:817][  0]LogDerivedDataCache: Unable to find inner node Pak for hierarchical cache Hierarchy.
[2020.10.03-18.32.19:817][  0]LogDerivedDataCache: FDerivedDataBackendGraph:  CompressedPak pak cache file ../../../../../../Users/Luis/Documents/Unreal/Tanks/DerivedDataCache/Compressed.ddp not found, will not use a pak cache.
[2020.10.03-18.32.19:817][  0]LogDerivedDataCache: Unable to find inner node CompressedPak for hierarchical cache Hierarchy.
[2020.10.03-18.32.19:835][  0]LogDerivedDataCache: Display: Pak cache opened for reading ../../../Engine/DerivedDataCache/Compressed.ddp.
[2020.10.03-18.32.19:835][  0]LogDerivedDataCache: FDerivedDataBackendGraph:  EnterprisePak pak cache file ../../../Enterprise/DerivedDataCache/Compressed.ddp not found, will not use a pak cache.
[2020.10.03-18.32.19:835][  0]LogDerivedDataCache: Unable to find inner node EnterprisePak for hierarchical cache Hierarchy.
[2020.10.03-18.32.19:837][  0]LogDerivedDataCache: Using Local data cache path C:/Users/Luis/AppData/Local/UnrealEngine/Common/DerivedDataCache: Writable
[2020.10.03-18.32.19:837][  0]LogDerivedDataCache: Shared data cache path not found in *engine.ini, will not use an Shared cache.
[2020.10.03-18.32.19:837][  0]LogDerivedDataCache: Unable to find inner node Shared for hierarchical cache Hierarchy.
[2020.10.03-18.32.19:954][  0]LogSlate: Using FreeType 2.10.0
[2020.10.03-18.32.19:955][  0]LogSlate: SlateFontServices - WITH_FREETYPE: 1, WITH_HARFBUZZ: 1
[2020.10.03-18.32.20:014][  0]LogAssetRegistry: FAssetRegistry took 0.0050 seconds to start up
[2020.10.03-18.32.20:661][  0]LogInit: Selected Device Profile: [Windows]
[2020.10.03-18.32.20:899][  0]LogMeshReduction: Using QuadricMeshReduction for automatic static mesh reduction
[2020.10.03-18.32.20:899][  0]LogMeshReduction: Using SimplygonMeshReduction for automatic skeletal mesh reduction
[2020.10.03-18.32.20:899][  0]LogMeshReduction: Using ProxyLODMeshReduction for automatic mesh merging
[2020.10.03-18.32.20:899][  0]LogMeshReduction: No distributed automatic mesh merging module available
[2020.10.03-18.32.20:899][  0]LogMeshMerging: No distributed automatic mesh merging module available
[2020.10.03-18.32.20:930][  0]LogNetVersion: ToonTanks 1.0.0, NetCL: 13144385, EngineNetVer: 14, GameNetVer: 0 (Checksum: 281104731)
[2020.10.03-18.32.21:975][  0]LogAISub: UAISubsystem::UAISubsystem AISubsystem (0000026DBD4E1900), frame # 0
[2020.10.03-18.32.21:975][  0]LogAISub: UAISubsystem::UAISubsystem AIPerceptionSystem (0000026DC17C6AC0), frame # 0
[2020.10.03-18.32.21:977][  0]LogAISub: UAISubsystem::UAISubsystem EnvQueryManager (0000026DC1815C00), frame # 0
[2020.10.03-18.32.22:055][  0]LogPackageLocalizationCache: Processed 19 localized package path(s) for 1 prioritized culture(s) in 0.067542 seconds
[2020.10.03-18.32.22:065][  0]LogUObjectArray: 15913 objects as part of root set at end of initial load.
[2020.10.03-18.32.22:065][  0]LogUObjectAllocator: 3964304 out of 0 bytes used by permanent object pool.
[2020.10.03-18.32.22:065][  0]LogUObjectArray: CloseDisregardForGC: 0/0 objects in disregard for GC pool
[2020.10.03-18.32.22:670][  0]LogTcpMessaging: Initializing TcpMessaging bridge
[2020.10.03-18.32.22:679][  0]LogUdpMessaging: Initializing bridge on interface 0.0.0.0:0 to multicast group 230.0.0.1:6666.
[2020.10.03-18.32.22:844][  0]SourceControl: Source control is disabled
[2020.10.03-18.32.22:844][  0]SourceControl: Source control is disabled
[2020.10.03-18.32.22:850][  0]SourceControl: Source control is disabled
[2020.10.03-18.32.22:856][  0]SourceControl: Source control is disabled
[2020.10.03-18.32.22:868][  0]SourceControl: Source control is disabled
[2020.10.03-18.32.23:215][  0]LogAndroidPermission: UAndroidPermissionCallbackProxy::GetInstance
[2020.10.03-18.32.23:244][  0]LogAudioCaptureCore: Display: No Audio Capture implementations found. Audio input will be silent.
[2020.10.03-18.32.23:244][  0]LogAudioCaptureCore: Display: No Audio Capture implementations found. Audio input will be silent.
[2020.10.03-18.32.23:316][  0]LogOcInput: OculusInput pre-init called
[2020.10.03-18.32.23:333][  0]LogWindows: Failed to load 'OVRPlugin.dll' (GetLastError=126)
[2020.10.03-18.32.23:333][  0]LogWindows: File 'OVRPlugin.dll' does not exist
[2020.10.03-18.32.23:418][  0]LogEngine: Initializing Engine...
[2020.10.03-18.32.23:421][  0]LogHMD: Failed to initialize OpenVR with code 110
[2020.10.03-18.32.23:421][  0]LogMagicLeap: Warning: VR disabled because ZI is not enabled.  To enable, in the editor, Edit -> Project Settings -> Plugins -> Magic Leap Plugin -> Enable Zero Iteration
[2020.10.03-18.32.23:422][  0]LogStats: UGameplayTagsManager::InitializeManager -  0.000 s
[2020.10.03-18.32.23:605][  0]LogInit: Initializing FReadOnlyCVARCache
[2020.10.03-18.32.23:617][  0]LogAIModule: Creating AISystem for world Untitled
[2020.10.03-18.32.23:617][  0]LogAISub: UAISubsystem::UAISubsystem EnvQueryManager (0000026DC4E7FC00), frame # 0
[2020.10.03-18.32.23:617][  0]LogAISub: UAISubsystem::UAISubsystem AIPerceptionSystem (0000026DC4EC6D40), frame # 0
[2020.10.03-18.32.23:767][  0]LogAudioMixer: Display: Audio Mixer Platform Settings:
[2020.10.03-18.32.23:768][  0]LogAudioMixer: Display: 	Sample Rate:						  48000
[2020.10.03-18.32.23:768][  0]LogAudioMixer: Display: 	Callback Buffer Frame Size Requested: 1024
[2020.10.03-18.32.23:768][  0]LogAudioMixer: Display: 	Callback Buffer Frame Size To Use:	  1024
[2020.10.03-18.32.23:768][  0]LogAudioMixer: Display: 	Number of buffers to queue:			  2
[2020.10.03-18.32.23:768][  0]LogAudioMixer: Display: 	Max Channels (voices):				  32
[2020.10.03-18.32.23:768][  0]LogAudioMixer: Display: 	Number of Async Source Workers:		  0
[2020.10.03-18.32.23:768][  0]LogAudio: Display: AudioDevice MaxSources: 32
[2020.10.03-18.32.23:768][  0]LogAudio: Display: Using built-in audio occlusion.
[2020.10.03-18.32.23:768][  0]LogAudioMixer: Display: Initializing audio mixer.
[2020.10.03-18.32.23:794][  0]LogAudioMixer: Display: 0: FrontLeft
[2020.10.03-18.32.23:794][  0]LogAudioMixer: Display: 1: FrontRight
[2020.10.03-18.32.23:865][  0]LogAudioMixer: Display: Using Audio Device Speakers / Headphones (Conexant SmartAudio HD)
[2020.10.03-18.32.23:869][  0]LogAudioMixer: Display: Initializing Sound Submixes...
[2020.10.03-18.32.23:873][  0]LogAudioMixer: Display: Creating Master Submix 'MasterSubmixDefault'
[2020.10.03-18.32.23:873][  0]LogAudioMixer: Display: Creating Master Submix 'MasterReverbSubmixDefault'
[2020.10.03-18.32.23:874][  0]LogAudioMixer: Display: Creating Master Submix 'MasterEQSubmixDefault'
[2020.10.03-18.32.23:875][  0]LogInit: FAudioDevice initialized.
[2020.10.03-18.32.23:875][  0]LogNetVersion: Set ProjectVersion to 1.0.0.0. Version Checksum will be recalculated on next use.
[2020.10.03-18.32.23:980][  0]LogDerivedDataCache: Saved boot cache 0.11s 75MB C:/Users/Luis/AppData/Local/UnrealEngine/4.25/DerivedDataCache/Boot.ddc.
[2020.10.03-18.32.23:982][  0]LogInit: Texture streaming: Enabled
[2020.10.03-18.32.24:008][  0]LogEngineSessionManager: EngineSessionManager initialized
[2020.10.03-18.32.24:008][  0]LogEditorSessionSummary: Verbose: Initializing EditorSessionSummaryWriter for editor session tracking
[2020.10.03-18.32.24:021][  0]LogEditorSessionSummary: EditorSessionSummaryWriter initialized
[2020.10.03-18.32.24:074][  0]LogInit: Transaction tracking system initialized
[2020.10.03-18.32.24:107][  0]BlueprintLog: New page: Editor Load
[2020.10.03-18.32.24:202][  0]LocalizationService: Localization service is disabled
[2020.10.03-18.32.24:446][  0]LogCook: Display: Max memory allowance for cook 16384mb min free memory 0mb
[2020.10.03-18.32.24:446][  0]LogCook: Display: Mobile HDR setting 1
[2020.10.03-18.32.24:675][  0]LogFileCache: Scanning file cache for directory 'C:/Users/Luis/Documents/Unreal/Tanks/Content/' took 0.01s
[2020.10.03-18.32.25:208][  0]SourceControl: Source control is disabled
[2020.10.03-18.32.25:208][  0]LogUnrealEdMisc: Loading editor; pre map load, took 12.921
[2020.10.03-18.32.25:208][  0]Cmd: MAP LOAD FILE="../../../../../../Users/Luis/Documents/Unreal/Tanks/Content/Maps/Main.umap" TEMPLATE=0 SHOWPROGRESS=1 FEATURELEVEL=3
[2020.10.03-18.32.25:209][  0]LightingResults: New page: Lighting Build
[2020.10.03-18.32.25:210][  0]LogWorld: UWorld::CleanupWorld for Untitled, bSessionEnded=true, bCleanupResources=true
[2020.10.03-18.32.25:210][  0]LogSlate: InvalidateAllWidgets triggered.  All widgets were invalidated
[2020.10.03-18.32.25:210][  0]MapCheck: New page: Map Check
[2020.10.03-18.32.25:210][  0]LightingResults: New page: Lighting Build
[2020.10.03-18.32.25:222][  0]LogAISub: UAISubsystem::~UAISubsystem EnvQueryManager (0000026DC4E7FC00), frame # 0
[2020.10.03-18.32.25:222][  0]LogAISub: UAISubsystem::~UAISubsystem AIPerceptionSystem (0000026DC4EC6D40), frame # 0
[2020.10.03-18.32.25:223][  0]LogUObjectHash: Compacting FUObjectHashTables data took   1.24ms
[2020.10.03-18.32.25:450][  0]LogAIModule: Creating AISystem for world Main
[2020.10.03-18.32.25:450][  0]LogAISub: UAISubsystem::UAISubsystem EnvQueryManager (0000026DC497FE00), frame # 0
[2020.10.03-18.32.25:450][  0]LogAISub: UAISubsystem::UAISubsystem AIPerceptionSystem (0000026DC48EBB00), frame # 0
[2020.10.03-18.32.25:462][  0]LogEditorServer: Finished looking for orphan Actors (0.000 secs)
[2020.10.03-18.32.25:489][  0]LogUObjectHash: Compacting FUObjectHashTables data took   1.36ms
[2020.10.03-18.32.25:489][  0]Cmd: MAP CHECKDEP NOCLEARLOG
[2020.10.03-18.32.25:490][  0]MapCheck: Map check complete: 0 Error(s), 0 Warning(s), took 0.199ms to complete.
[2020.10.03-18.32.25:490][  0]LogFileHelpers: Loading map 'Main' took 0.282
[2020.10.03-18.32.25:494][  0]LogUnrealEdMisc: Total Editor Startup Time, took 13.208
[2020.10.03-18.32.25:781][  0]LogSlate: Updating window title bar state: overlay mode, drag disabled, window buttons hidden, title bar hidden
[2020.10.03-18.32.25:797][  0]LogSlate: Updating window title bar state: overlay mode, drag disabled, window buttons hidden, title bar hidden
[2020.10.03-18.32.25:812][  0]LogSlate: Updating window title bar state: overlay mode, drag disabled, window buttons hidden, title bar hidden
[2020.10.03-18.32.25:826][  0]LogSlate: Updating window title bar state: overlay mode, drag disabled, window buttons hidden, title bar hidden
[2020.10.03-18.32.26:212][  0]LogCollectionManager: Loaded 0 collections in 0.004939 seconds
[2020.10.03-18.32.26:270][  0]LogFileCache: Scanning file cache for directory 'C:/Users/Luis/Documents/Unreal/Tanks/Saved/Collections/' took 0.00s
[2020.10.03-18.32.26:270][  0]LogFileCache: Scanning file cache for directory 'C:/Users/Luis/Documents/Unreal/Tanks/Content/Developers/Luis/Collections/' took 0.00s
[2020.10.03-18.32.26:270][  0]LogFileCache: Scanning file cache for directory 'C:/Users/Luis/Documents/Unreal/Tanks/Content/Collections/' took 0.00s
[2020.10.03-18.32.26:270][  0]LogContentBrowser: Native class hierarchy populated in 0.0217 seconds. Added 3429 classes and 824 folders.
[2020.10.03-18.32.26:285][  0]LogContentBrowser: Native class hierarchy updated for 'WidgetCarousel' in 0.0010 seconds. Added 0 classes and 0 folders.
[2020.10.03-18.32.26:576][  0]LogContentBrowser: Native class hierarchy updated for 'AddContentDialog' in 0.0010 seconds. Added 0 classes and 0 folders.
[2020.10.03-18.32.26:594][  0]LogContentBrowser: Native class hierarchy updated for 'SceneOutliner' in 0.0011 seconds. Added 2 classes and 0 folders.
[2020.10.03-18.32.26:729][  0]LogSlate: Took 0.000408 seconds to synchronously load lazily loaded font '../../../Engine/Content/Slate/Fonts/Roboto-Regular.ttf' (155K)
[2020.10.03-18.32.26:733][  0]LogSlate: Took 0.000360 seconds to synchronously load lazily loaded font '../../../Engine/Content/Slate/Fonts/Roboto-Bold.ttf' (160K)
[2020.10.03-18.32.26:750][  0]LogSlate: Took 0.001509 seconds to synchronously load lazily loaded font '../../../Engine/Content/Editor/Slate/Fonts/FontAwesome.ttf' (139K)
[2020.10.03-18.32.26:928][  0]LogRenderer: Reallocating scene render targets to support 684x260 Format 10 NumSamples 1 (Frame:1).
[2020.10.03-18.32.27:660][  0]LogContentBrowser: Native class hierarchy updated for 'HierarchicalLODOutliner' in 0.0009 seconds. Added 0 classes and 0 folders.
[2020.10.03-18.32.27:660][  0]LogLoad: (Engine Initialization) Total time: 15.37 seconds
[2020.10.03-18.32.27:660][  0]LogLoad: (Engine Initialization) Total Blueprint compile time: 0.00 seconds
[2020.10.03-18.32.27:745][  0]LogContentStreaming: Texture pool size now 1000 MB
[2020.10.03-18.32.27:800][  0]LogSlate: Took 0.004551 seconds to synchronously load lazily loaded font '../../../Engine/Content/Slate/Fonts/Roboto-Light.ttf' (167K)
[2020.10.03-18.32.27:970][  1]LogAssetRegistry: Asset discovery search completed in 7.9573 seconds
[2020.10.03-18.32.27:984][  1]LogCollectionManager: Fixed up redirectors for 0 collections in 0.000004 seconds (updated 0 objects)
[2020.10.03-18.32.29:005][  4]LogSlate: Took 0.000361 seconds to synchronously load lazily loaded font '../../../Engine/Content/Slate/Fonts/Roboto-Light.ttf' (167K)
[2020.10.03-18.32.57:446][926]LogAssetEditorSubsystem: Opening Asset editor for Blueprint /Game/Blueprints/Pawn/BP_TankPawn.BP_TankPawn
[2020.10.03-18.32.58:273][926]LogContentBrowser: Native class hierarchy updated for 'BlueprintGraph' in 0.0016 seconds. Added 125 classes and 0 folders.
[2020.10.03-18.33.03:070][ 69]LogWorld: UWorld::CleanupWorld for World_2, bSessionEnded=true, bCleanupResources=true
[2020.10.03-18.33.03:070][ 69]LogSlate: InvalidateAllWidgets triggered.  All widgets were invalidated
[2020.10.03-18.33.03:168][ 69]LogAssetEditorSubsystem: Opening Asset editor for Blueprint /Game/Blueprints/Pawn/BP_TankPawn.BP_TankPawn
[2020.10.03-18.33.03:845][ 69]LogSlate: Took 0.000289 seconds to synchronously load lazily loaded font '../../../Engine/Content/Slate/Fonts/Roboto-BoldCondensed.ttf' (158K)
[2020.10.03-18.35.37:395][973]LogTemp: Repeating last play command: Selected Viewport
[2020.10.03-18.35.37:443][973]LogPlayLevel: PlayLevel: No blueprints needed recompiling
[2020.10.03-18.35.37:453][973]PIE: New page: PIE session: Main (3 oct. 2020 08:35:37)
[2020.10.03-18.35.37:463][973]LogOnline: OSS: Creating online subsystem instance for: NULL
[2020.10.03-18.35.37:468][973]LogOnline: OSS: TryLoadSubsystemAndSetDefault: Loaded subsystem for module [NULL]
[2020.10.03-18.35.37:472][973]LogPlayLevel: Creating play world package: /Game/Maps/UEDPIE_0_Main
[2020.10.03-18.35.37:499][973]LogPlayLevel: PIE: StaticDuplicateObject took: (0.026847s)
[2020.10.03-18.35.37:518][973]LogAIModule: Creating AISystem for world Main
[2020.10.03-18.35.37:519][973]LogAISub: UAISubsystem::UAISubsystem EnvQueryManager (0000026DFD781C00), frame # 1973
[2020.10.03-18.35.37:519][973]LogAISub: UAISubsystem::UAISubsystem AIPerceptionSystem (0000026DFD786AC0), frame # 1973
[2020.10.03-18.35.37:523][973]LogPlayLevel: PIE: World Init took: (0.023185s)
[2020.10.03-18.35.37:523][973]LogPlayLevel: PIE: Created PIE world by copying editor world from /Game/Maps/Main.Main to /Game/Maps/UEDPIE_0_Main.Main (0.051228s)
[2020.10.03-18.35.37:601][973]LogUObjectHash: Compacting FUObjectHashTables data took   4.05ms
[2020.10.03-18.35.37:607][973]LogAudioMixer: Display: Audio Mixer Platform Settings:
[2020.10.03-18.35.37:607][973]LogAudioMixer: Display: 	Sample Rate:						  48000
[2020.10.03-18.35.37:607][973]LogAudioMixer: Display: 	Callback Buffer Frame Size Requested: 1024
[2020.10.03-18.35.37:607][973]LogAudioMixer: Display: 	Callback Buffer Frame Size To Use:	  1024
[2020.10.03-18.35.37:607][973]LogAudioMixer: Display: 	Number of buffers to queue:			  2
[2020.10.03-18.35.37:607][973]LogAudioMixer: Display: 	Max Channels (voices):				  32
[2020.10.03-18.35.37:608][973]LogAudioMixer: Display: 	Number of Async Source Workers:		  0
[2020.10.03-18.35.37:608][973]LogAudio: Display: AudioDevice MaxSources: 32
[2020.10.03-18.35.37:610][973]LogAudio: Display: Using built-in audio occlusion.
[2020.10.03-18.35.37:610][973]LogAudioMixer: Display: Initializing audio mixer.
[2020.10.03-18.35.37:622][973]LogAudioMixer: Display: 0: FrontLeft
[2020.10.03-18.35.37:622][973]LogAudioMixer: Display: 1: FrontRight
[2020.10.03-18.35.37:818][973]LogAudioMixer: Display: Using Audio Device Speakers / Headphones (Conexant SmartAudio HD)
[2020.10.03-18.35.37:820][973]LogAudioMixer: Display: Initializing Sound Submixes...
[2020.10.03-18.35.37:820][973]LogAudioMixer: Display: Creating Master Submix 'MasterSubmixDefault'
[2020.10.03-18.35.37:820][973]LogAudioMixer: Display: Creating Master Submix 'MasterReverbSubmixDefault'
[2020.10.03-18.35.37:821][973]LogAudioMixer: Display: Creating Master Submix 'MasterEQSubmixDefault'
[2020.10.03-18.35.37:823][973]LogInit: FAudioDevice initialized.
[2020.10.03-18.35.37:846][973]LogLoad: Game class is 'GameMode'
[2020.10.03-18.35.37:865][973]LogWorld: Bringing World /Game/Maps/UEDPIE_0_Main.Main up for play (max tick rate 60) at 2020.10.03-13.35.37
[2020.10.03-18.35.37:877][973]LogWorld: Bringing up level for play took: 0.018469
[2020.10.03-18.35.37:878][973]LogOnline: OSS: Creating online subsystem instance for: :Context_6
[2020.10.03-18.35.37:900][973]LogContentBrowser: Native class hierarchy updated for 'MovieSceneCapture' in 0.0024 seconds. Added 20 classes and 0 folders.
[2020.10.03-18.35.37:901][973]LogGameMode: Display: Match State Changed from EnteringMap to WaitingToStart
[2020.10.03-18.35.37:901][973]LogGameState: Match State Changed from EnteringMap to WaitingToStart
[2020.10.03-18.35.37:901][973]LogGameMode: Display: Match State Changed from WaitingToStart to InProgress
[2020.10.03-18.35.37:911][973]LogGameState: Match State Changed from WaitingToStart to InProgress
[2020.10.03-18.35.37:912][973]PIE: Server logged in
[2020.10.03-18.35.37:914][973]PIE: Play in editor total start time 0.486 seconds.
[2020.10.03-18.36.01:717][656]LogSlate: Updating window title bar state: overlay mode, drag disabled, window buttons hidden, title bar hidden
[2020.10.03-18.36.01:717][656]LogWorld: BeginTearingDown for /Game/Maps/UEDPIE_0_Main
[2020.10.03-18.36.01:719][656]LogWorld: UWorld::CleanupWorld for Main, bSessionEnded=true, bCleanupResources=true
[2020.10.03-18.36.01:720][656]LogSlate: InvalidateAllWidgets triggered.  All widgets were invalidated
[2020.10.03-18.36.01:737][656]LogPlayLevel: Display: Shutting down PIE online subsystems
[2020.10.03-18.36.01:748][656]LogSlate: InvalidateAllWidgets triggered.  All widgets were invalidated
[2020.10.03-18.36.01:893][656]LogSlate: Updating window title bar state: overlay mode, drag disabled, window buttons hidden, title bar hidden
[2020.10.03-18.36.01:922][656]LogAISub: UAISubsystem::~UAISubsystem EnvQueryManager (0000026DFD781C00), frame # 2656
[2020.10.03-18.36.01:922][656]LogAISub: UAISubsystem::~UAISubsystem AIPerceptionSystem (0000026DFD786AC0), frame # 2656
[2020.10.03-18.36.01:964][656]LogUObjectHash: Compacting FUObjectHashTables data took   7.85ms
[2020.10.03-18.36.02:041][657]LogPlayLevel: Display: Destroying online subsystem :Context_6
[2020.10.03-18.38.32:600][163]LogTemp: Repeating last play command: Selected Viewport
[2020.10.03-18.38.32:637][163]LogPlayLevel: PlayLevel: No blueprints needed recompiling
[2020.10.03-18.38.32:638][163]PIE: New page: PIE session: Main (3 oct. 2020 08:38:32)
[2020.10.03-18.38.32:638][163]LogPlayLevel: Creating play world package: /Game/Maps/UEDPIE_0_Main
[2020.10.03-18.38.32:645][163]LogPlayLevel: PIE: StaticDuplicateObject took: (0.006685s)
[2020.10.03-18.38.32:647][163]LogAIModule: Creating AISystem for world Main
[2020.10.03-18.38.32:647][163]LogAISub: UAISubsystem::UAISubsystem EnvQueryManager (0000026DFF8AB400), frame # 3163
[2020.10.03-18.38.32:647][163]LogAISub: UAISubsystem::UAISubsystem AIPerceptionSystem (0000026DFD5EB100), frame # 3163
[2020.10.03-18.38.32:648][163]LogPlayLevel: PIE: World Init took: (0.003029s)
[2020.10.03-18.38.32:648][163]LogPlayLevel: PIE: Created PIE world by copying editor world from /Game/Maps/Main.Main to /Game/Maps/UEDPIE_0_Main.Main (0.010079s)
[2020.10.03-18.38.32:706][163]LogUObjectHash: Compacting FUObjectHashTables data took   5.27ms
[2020.10.03-18.38.32:709][163]LogAudioMixer: Display: Audio Mixer Platform Settings:
[2020.10.03-18.38.32:709][163]LogAudioMixer: Display: 	Sample Rate:						  48000
[2020.10.03-18.38.32:709][163]LogAudioMixer: Display: 	Callback Buffer Frame Size Requested: 1024
[2020.10.03-18.38.32:709][163]LogAudioMixer: Display: 	Callback Buffer Frame Size To Use:	  1024
[2020.10.03-18.38.32:709][163]LogAudioMixer: Display: 	Number of buffers to queue:			  2
[2020.10.03-18.38.32:709][163]LogAudioMixer: Display: 	Max Channels (voices):				  32
[2020.10.03-18.38.32:710][163]LogAudioMixer: Display: 	Number of Async Source Workers:		  0
[2020.10.03-18.38.32:710][163]LogAudio: Display: AudioDevice MaxSources: 32
[2020.10.03-18.38.32:711][163]LogAudio: Display: Using built-in audio occlusion.
[2020.10.03-18.38.32:711][163]LogAudioMixer: Display: Initializing audio mixer.
[2020.10.03-18.38.32:722][163]LogAudioMixer: Display: 0: FrontLeft
[2020.10.03-18.38.32:722][163]LogAudioMixer: Display: 1: FrontRight
[2020.10.03-18.38.32:793][163]LogAudioMixer: Display: Using Audio Device Speakers / Headphones (Conexant SmartAudio HD)
[2020.10.03-18.38.32:793][163]LogAudioMixer: Display: Initializing Sound Submixes...
[2020.10.03-18.38.32:793][163]LogAudioMixer: Display: Creating Master Submix 'MasterSubmixDefault'
[2020.10.03-18.38.32:793][163]LogAudioMixer: Display: Creating Master Submix 'MasterReverbSubmixDefault'
[2020.10.03-18.38.32:794][163]LogAudioMixer: Display: Creating Master Submix 'MasterEQSubmixDefault'
[2020.10.03-18.38.32:809][163]LogInit: FAudioDevice initialized.
[2020.10.03-18.38.32:830][163]LogLoad: Game class is 'GameMode'
[2020.10.03-18.38.32:832][163]LogWorld: Bringing World /Game/Maps/UEDPIE_0_Main.Main up for play (max tick rate 60) at 2020.10.03-13.38.32
[2020.10.03-18.38.32:833][163]LogWorld: Bringing up level for play took: 0.002016
[2020.10.03-18.38.32:833][163]LogOnline: OSS: Creating online subsystem instance for: :Context_7
[2020.10.03-18.38.32:836][163]LogGameMode: Display: Match State Changed from EnteringMap to WaitingToStart
[2020.10.03-18.38.32:836][163]LogGameState: Match State Changed from EnteringMap to WaitingToStart
[2020.10.03-18.38.32:837][163]LogGameMode: Display: Match State Changed from WaitingToStart to InProgress
[2020.10.03-18.38.32:837][163]LogGameState: Match State Changed from WaitingToStart to InProgress
[2020.10.03-18.38.32:837][163]PIE: Server logged in
[2020.10.03-18.38.32:839][163]PIE: Play in editor total start time 0.209 seconds.
[2020.10.03-18.39.12:507][526]LogSlate: Updating window title bar state: overlay mode, drag disabled, window buttons hidden, title bar hidden
[2020.10.03-18.39.12:507][526]LogWorld: BeginTearingDown for /Game/Maps/UEDPIE_0_Main
[2020.10.03-18.39.12:508][526]LogWorld: UWorld::CleanupWorld for Main, bSessionEnded=true, bCleanupResources=true
[2020.10.03-18.39.12:509][526]LogSlate: InvalidateAllWidgets triggered.  All widgets were invalidated
[2020.10.03-18.39.12:520][526]LogPlayLevel: Display: Shutting down PIE online subsystems
[2020.10.03-18.39.12:529][526]LogSlate: InvalidateAllWidgets triggered.  All widgets were invalidated
[2020.10.03-18.39.12:660][526]LogSlate: Updating window title bar state: overlay mode, drag disabled, window buttons hidden, title bar hidden
[2020.10.03-18.39.12:662][526]LogAISub: UAISubsystem::~UAISubsystem AIPerceptionSystem (0000026DFD5EB100), frame # 4526
[2020.10.03-18.39.12:662][526]LogAISub: UAISubsystem::~UAISubsystem EnvQueryManager (0000026DFF8AB400), frame # 4526
[2020.10.03-18.39.12:668][526]LogUObjectHash: Compacting FUObjectHashTables data took   5.90ms
[2020.10.03-18.39.12:842][527]LogPlayLevel: Display: Destroying online subsystem :Context_7
[2020.10.03-18.42.56:256][312]LogEditorViewport: Clicking on Actor (LMB): BP_TankPawn_C (BP_TankPawn)
[2020.10.03-18.43.03:166][453]LogSlate: Took 0.002838 seconds to synchronously load lazily loaded font '../../../Engine/Content/Slate/Fonts/Roboto-Italic.ttf' (157K)
[2020.10.03-18.43.26:479][921]LogSlate: WidgetSwitcher ('None') active index changed to -1
[2020.10.03-18.43.26:480][921]LogSlate: WidgetSwitcher ('None') active index changed to 0
[2020.10.03-18.44.25:823][295]LogSlate: Window 'Add C++ Class' being destroyed
[2020.10.03-18.44.32:237][443]LogSlate: WidgetSwitcher ('None') active index changed to -1
[2020.10.03-18.44.32:237][443]LogSlate: WidgetSwitcher ('None') active index changed to 0
[2020.10.03-18.44.47:479][748]LogSlate: WidgetSwitcher ('None') active index changed to 1
[2020.10.03-18.45.43:301][923]LogSlate: WidgetSwitcher ('None') active index changed to 0
[2020.10.03-18.45.53:931][122]LogSlate: WidgetSwitcher ('None') active index changed to 1
[2020.10.03-18.47.16:750][737]Candidate modules for hot reload:
[2020.10.03-18.47.16:750][737]  ToonTanks
[2020.10.03-18.47.16:750][737]Launching UnrealBuildTool... [C:/Program Files/Epic Games/UE_4.25/Engine/Binaries/DotNET/UnrealBuildTool.exe  -ModuleWithSuffix=ToonTanks,513 ToonTanksEditor Win64 Development -Project="C:/Users/Luis/Documents/Unreal/Tanks/ToonTanks.uproject" "C:/Users/Luis/Documents/Unreal/Tanks/ToonTanks.uproject"  -IgnoreJunk]
[2020.10.03-18.48.06:135][737]CompilerResultsLog: New page: Compilation - 3 oct. 2020 08:48:06
[2020.10.03-18.48.06:135][737]CompilerResultsLog: Using 'git status' to determine working set for adaptive non-unity build (C:\Users\Luis\Documents\Unreal).
[2020.10.03-18.48.06:135][737]CompilerResultsLog: Building ToonTanksEditor...
[2020.10.03-18.48.06:135][737]CompilerResultsLog: Using Visual Studio 2019 14.27.29111 toolchain (C:\Program Files (x86)\Microsoft Visual Studio\2019\Community\VC\Tools\MSVC\14.27.29110) and Windows 10.0.18362.0 SDK (C:\Program Files (x86)\Windows Kits\10).
[2020.10.03-18.48.06:135][737]CompilerResultsLog: Building 4 actions with 4 processes...
[2020.10.03-18.48.06:136][737]CompilerResultsLog:   [1/4] Tank.cpp
[2020.10.03-18.48.06:136][737]CompilerResultsLog:   [2/4] UE4Editor-ToonTanks-0513.lib
[2020.10.03-18.48.06:136][737]CompilerResultsLog:      Creating library C:\Users\Luis\Downloads\ToonTanksProjectSetup_4.25\ToonTanksProjectSetup_4.25\ToonTanks\Intermediate\Build\Win64\UE4Editor\Development\ToonTanks\UE4Editor-ToonTanks-0513.lib and object C:\Users\Luis\Downloads\ToonTanksProjectSetup_4.25\ToonTanksProjectSetup_4.25\ToonTanks\Intermediate\Build\Win64\UE4Editor\Development\ToonTanks\UE4Editor-ToonTanks-0513.exp
[2020.10.03-18.48.06:136][737]CompilerResultsLog:   [3/4] UE4Editor-ToonTanks-0513.dll
[2020.10.03-18.48.06:136][737]CompilerResultsLog:      Creating library C:\Users\Luis\Downloads\ToonTanksProjectSetup_4.25\ToonTanksProjectSetup_4.25\ToonTanks\Intermediate\Build\Win64\UE4Editor\Development\ToonTanks\UE4Editor-ToonTanks-0513.suppressed.lib and object C:\Users\Luis\Downloads\ToonTanksProjectSetup_4.25\ToonTanksProjectSetup_4.25\ToonTanks\Intermediate\Build\Win64\UE4Editor\Development\ToonTanks\UE4Editor-ToonTanks-0513.suppressed.exp
[2020.10.03-18.48.06:136][737]CompilerResultsLog:   [4/4] ToonTanksEditor.target
[2020.10.03-18.48.06:136][737]CompilerResultsLog: Total time in Parallel executor: 43.58 seconds
[2020.10.03-18.48.06:136][737]CompilerResultsLog: Total execution time: 48.10 seconds
[2020.10.03-18.48.06:136][737]LogMainFrame: MainFrame: Module compiling took 49.401 seconds
[2020.10.03-18.48.06:202][737]LogContentBrowser: Native class hierarchy populated in 0.0381 seconds. Added 3429 classes and 824 folders.
[2020.10.03-18.48.06:204][737]Display: HotReload took 49.5s.
[2020.10.03-18.48.06:215][737]Warning: HotReload operation took 49.5s.
[2020.10.03-18.48.06:265][737]LogSlate: Window 'Add C++ Class' being destroyed
[2020.10.03-19.35.17:903][872]Candidate modules for hot reload:
[2020.10.03-19.35.17:905][872]  ToonTanks
[2020.10.03-19.35.17:906][872]Launching UnrealBuildTool... [C:/Program Files/Epic Games/UE_4.25/Engine/Binaries/DotNET/UnrealBuildTool.exe  -ModuleWithSuffix=ToonTanks,7747 ToonTanksEditor Win64 Development -Project="C:/Users/Luis/Documents/Unreal/Tanks/ToonTanks.uproject" "C:/Users/Luis/Documents/Unreal/Tanks/ToonTanks.uproject"  -IgnoreJunk]
[2020.10.03-19.35.17:925][872]Warning: Starting HotReload took  0.0s.
[2020.10.03-19.35.31:553][907]CompilerResultsLog: New page: Compilation - 3 oct. 2020 09:35:31
[2020.10.03-19.35.31:573][907]CompilerResultsLog: Using 'git status' to determine working set for adaptive non-unity build (C:\Users\Luis\Documents\Unreal).
[2020.10.03-19.35.31:573][907]CompilerResultsLog: Building ToonTanksEditor...
[2020.10.03-19.35.31:573][907]CompilerResultsLog: Using Visual Studio 2019 14.27.29111 toolchain (C:\Program Files (x86)\Microsoft Visual Studio\2019\Community\VC\Tools\MSVC\14.27.29110) and Windows 10.0.18362.0 SDK (C:\Program Files (x86)\Windows Kits\10).
[2020.10.03-19.35.31:573][907]CompilerResultsLog: Building 3 actions with 4 processes...
[2020.10.03-19.35.31:573][907]CompilerResultsLog:   [1/3] UE4Editor-ToonTanks-7747.lib
[2020.10.03-19.35.31:573][907]CompilerResultsLog:      Creating library C:\Users\Luis\Downloads\ToonTanksProjectSetup_4.25\ToonTanksProjectSetup_4.25\ToonTanks\Intermediate\Build\Win64\UE4Editor\Development\ToonTanks\UE4Editor-ToonTanks-7747.lib and object C:\Users\Luis\Downloads\ToonTanksProjectSetup_4.25\ToonTanksProjectSetup_4.25\ToonTanks\Intermediate\Build\Win64\UE4Editor\Development\ToonTanks\UE4Editor-ToonTanks-7747.exp
[2020.10.03-19.35.31:573][907]CompilerResultsLog:   [2/3] UE4Editor-ToonTanks-7747.dll
[2020.10.03-19.35.31:573][907]CompilerResultsLog:      Creating library C:\Users\Luis\Downloads\ToonTanksProjectSetup_4.25\ToonTanksProjectSetup_4.25\ToonTanks\Intermediate\Build\Win64\UE4Editor\Development\ToonTanks\UE4Editor-ToonTanks-7747.suppressed.lib and object C:\Users\Luis\Downloads\ToonTanksProjectSetup_4.25\ToonTanksProjectSetup_4.25\ToonTanks\Intermediate\Build\Win64\UE4Editor\Development\ToonTanks\UE4Editor-ToonTanks-7747.suppressed.exp
[2020.10.03-19.35.31:573][907]CompilerResultsLog:   [3/3] ToonTanksEditor.target
[2020.10.03-19.35.31:573][907]CompilerResultsLog: Total time in Parallel executor: 7.11 seconds
[2020.10.03-19.35.31:573][907]CompilerResultsLog: Total execution time: 12.10 seconds
[2020.10.03-19.35.31:573][907]LogMainFrame: MainFrame: Module compiling took 13.687 seconds
[2020.10.03-19.35.32:190][907]LogContentBrowser: Native class hierarchy populated in 0.4132 seconds. Added 3429 classes and 824 folders.
[2020.10.03-19.35.32:191][907]Display: HotReload took 14.3s.
